TN:
SF:src/cli/index.ts
FNF:0
FNH:0
DA:5,1
DA:6,1
LF:2
LH:2
BRF:0
BRH:0
end_of_record
TN:
SF:src/cli/main-stdio.ts
FN:17,(anonymous_9)
FN:21,(anonymous_10)
FN:28,(anonymous_11)
FN:32,(anonymous_12)
FN:36,(anonymous_13)
FN:41,bootstrap
FN:62,(anonymous_15)
FN:78,(anonymous_16)
FNF:8
FNH:0
FNDA:0,(anonymous_9)
FNDA:0,(anonymous_10)
FNDA:0,(anonymous_11)
FNDA:0,(anonymous_12)
FNDA:0,(anonymous_13)
FNDA:0,bootstrap
FNDA:0,(anonymous_15)
FNDA:0,(anonymous_16)
DA:3,1
DA:4,1
DA:6,1
DA:7,1
DA:8,1
DA:9,1
DA:18,0
DA:22,0
DA:23,0
DA:24,0
DA:29,0
DA:33,0
DA:37,0
DA:42,0
DA:49,0
DA:51,0
DA:52,0
DA:53,0
DA:54,0
DA:58,0
DA:62,0
DA:63,0
DA:64,0
DA:66,0
DA:69,0
DA:72,0
DA:73,0
DA:77,1
DA:78,0
DA:79,0
DA:84,0
DA:85,0
DA:87,0
LF:33
LH:7
BRDA:23,0,0,0
BRDA:23,0,1,0
BRDA:51,1,0,0
BRDA:51,1,1,0
BRDA:52,2,0,0
BRDA:52,2,1,0
BRDA:66,3,0,0
BRDA:66,3,1,0
BRDA:77,4,0,0
BRDA:77,4,1,1
BRDA:81,5,0,0
BRDA:81,5,1,0
BRDA:84,6,0,0
BRDA:84,6,1,0
BRDA:84,7,0,0
BRDA:84,7,1,0
BRF:16
BRH:1
end_of_record
TN:
SF:src/cli/mcp-cli.command.ts
FN:27,(anonymous_11)
FN:40,(anonymous_12)
FN:50,(anonymous_13)
FN:60,(anonymous_14)
FN:68,(anonymous_15)
FN:72,(anonymous_16)
FN:84,(anonymous_17)
FN:115,(anonymous_18)
FN:120,(anonymous_19)
FN:123,(anonymous_20)
FN:294,(anonymous_21)
FNF:11
FNH:11
FNDA:129,(anonymous_11)
FNDA:1,(anonymous_12)
FNDA:1,(anonymous_13)
FNDA:1,(anonymous_14)
FNDA:1,(anonymous_15)
FNDA:19,(anonymous_16)
FNDA:15,(anonymous_17)
FNDA:12,(anonymous_18)
FNDA:19,(anonymous_19)
FNDA:25,(anonymous_20)
FNDA:13,(anonymous_21)
DA:1,2
DA:2,2
DA:3,2
DA:4,2
DA:26,2
DA:28,129
DA:29,129
DA:31,129
DA:40,2
DA:41,1
DA:50,2
DA:51,1
DA:60,2
DA:61,1
DA:68,2
DA:69,1
DA:78,19
DA:84,19
DA:85,15
DA:86,15
DA:87,12
DA:89,12
DA:90,10
DA:93,3
DA:103,3
DA:104,3
DA:105,1
DA:106,1
DA:107,1
DA:115,19
DA:116,12
DA:120,19
DA:126,25
DA:128,25
DA:131,25
DA:134,5
DA:144,5
DA:148,2
DA:186,2
DA:190,8
DA:192,8
DA:195,8
DA:197,2
DA:205,2
DA:208,4
DA:210,4
DA:211,2
DA:217,2
DA:223,4
DA:231,4
DA:235,2
DA:244,6
DA:248,4
DA:249,2
DA:252,4
DA:253,4
DA:254,3
DA:260,1
DA:266,3
DA:270,2
DA:280,18
DA:282,3
DA:295,13
DA:296,13
LF:64
LH:64
BRDA:89,0,0,10
BRDA:89,0,1,2
BRDA:98,1,0,3
BRDA:98,1,1,0
BRDA:105,2,0,1
BRDA:105,2,1,0
BRDA:126,3,0,13
BRDA:131,4,0,5
BRDA:131,4,1,2
BRDA:131,4,2,8
BRDA:131,4,3,4
BRDA:131,4,4,4
BRDA:131,4,5,2
BRDA:192,5,0,8
BRDA:192,5,1,0
BRDA:195,6,0,2
BRDA:195,6,1,4
BRDA:195,6,2,2
BRDA:210,7,0,2
BRDA:210,7,1,2
BRDA:253,8,0,3
BRDA:253,8,1,1
BRDA:287,9,0,2
BRDA:287,9,1,1
BRF:24
BRH:21
end_of_record
TN:
SF:src/core/config/index.ts
FNF:0
FNH:0
DA:5,1
DA:6,1
LF:2
LH:2
BRF:0
BRH:0
end_of_record
TN:
SF:src/core/config/squad-config.service.ts
FN:8,(anonymous_2)
FN:9,(anonymous_3)
FN:23,(anonymous_4)
FN:136,(anonymous_5)
FNF:4
FNH:4
FNDA:121,(anonymous_2)
FNDA:359,(anonymous_3)
FNDA:118,(anonymous_4)
FNDA:134,(anonymous_5)
DA:1,6
DA:5,6
DA:9,121
DA:10,359
DA:11,359
DA:12,2272
DA:13,2272
DA:14,3
DA:16,2269
DA:17,4
DA:20,352
DA:23,121
DA:24,118
DA:25,118
DA:29,121
DA:31,121
DA:33,121
DA:34,1
DA:41,120
DA:46,120
DA:51,120
DA:52,120
DA:53,2
DA:61,118
DA:65,118
DA:66,118
DA:71,118
DA:74,118
DA:79,1
DA:86,117
DA:91,117
DA:93,117
DA:101,117
DA:102,1
DA:108,116
DA:137,134
LF:36
LH:36
BRDA:10,0,0,359
BRDA:10,0,1,0
BRDA:13,1,0,3
BRDA:13,1,1,2269
BRDA:16,2,0,4
BRDA:16,2,1,2265
BRDA:24,3,0,118
BRDA:24,3,1,0
BRDA:31,4,0,121
BRDA:31,4,1,119
BRDA:31,4,2,13
BRDA:33,5,0,1
BRDA:33,5,1,120
BRDA:33,6,0,121
BRDA:33,6,1,27
BRDA:51,7,0,120
BRDA:51,7,1,117
BRDA:51,7,2,114
BRDA:52,8,0,2
BRDA:52,8,1,118
BRDA:71,9,0,118
BRDA:71,9,1,116
BRDA:71,9,2,115
BRDA:72,10,0,1
BRDA:72,10,1,115
BRDA:74,11,0,1
BRDA:74,11,1,117
BRDA:75,12,0,118
BRDA:75,12,1,106
BRDA:75,12,2,100
BRDA:87,13,0,117
BRDA:87,13,1,12
BRDA:93,14,0,117
BRDA:93,14,1,13
BRDA:94,15,0,10
BRDA:94,15,1,3
BRDA:96,16,0,2
BRDA:96,16,1,1
BRDA:101,17,0,1
BRDA:101,17,1,116
BRDA:101,18,0,117
BRDA:101,18,1,104
BRDA:114,19,0,116
BRDA:114,19,1,95
BRDA:115,20,0,5
BRDA:115,20,1,90
BRDA:116,21,0,2
BRDA:116,21,1,3
BRDA:118,22,0,2
BRDA:118,22,1,1
BRDA:123,23,0,116
BRDA:123,23,1,13
BRDA:125,24,0,116
BRDA:125,24,1,13
BRDA:128,25,0,1
BRDA:128,25,1,115
BRF:56
BRH:54
end_of_record
TN:
SF:src/core/engine/index.ts
FNF:0
FNH:0
DA:5,1
DA:6,1
LF:2
LH:2
BRF:0
BRH:0
end_of_record
TN:
SF:src/core/engine/process-runner.service.ts
FN:13,(anonymous_1)
FN:19,(anonymous_2)
FN:57,(anonymous_3)
FN:63,(anonymous_4)
FN:68,(anonymous_5)
FN:75,(anonymous_6)
FN:92,(anonymous_7)
FN:102,(anonymous_8)
FNF:8
FNH:8
FNDA:75,(anonymous_1)
FNDA:75,(anonymous_2)
FNDA:63,(anonymous_3)
FNDA:8,(anonymous_4)
FNDA:5,(anonymous_5)
FNDA:3,(anonymous_6)
FNDA:71,(anonymous_7)
FNDA:2,(anonymous_8)
DA:1,5
DA:2,5
DA:12,5
DA:19,75
DA:22,75
DA:28,75
DA:39,75
DA:41,2
DA:48,75
DA:49,74
DA:52,75
DA:53,75
DA:54,75
DA:56,75
DA:57,74
DA:58,63
DA:62,75
DA:63,74
DA:64,8
DA:68,75
DA:69,5
DA:71,5
DA:72,5
DA:73,4
DA:75,4
DA:76,3
DA:77,1
DA:84,5
DA:92,75
DA:93,71
DA:94,71
DA:102,75
DA:103,2
DA:104,2
LF:34
LH:34
BRDA:22,0,0,3
BRDA:22,0,1,72
BRDA:39,1,0,2
BRDA:39,1,1,73
BRDA:48,2,0,74
BRDA:48,2,1,1
BRDA:56,3,0,74
BRDA:56,3,1,1
BRDA:62,4,0,74
BRDA:62,4,1,1
BRDA:72,5,0,4
BRDA:72,5,1,1
BRDA:76,6,0,1
BRDA:76,6,1,2
BRF:14
BRH:14
end_of_record
TN:
SF:src/core/engine/template-renderer.service.ts
FN:6,(anonymous_1)
FN:22,(anonymous_2)
FN:57,(anonymous_3)
FN:58,(anonymous_4)
FNF:4
FNH:4
FNDA:17,(anonymous_1)
FNDA:15,(anonymous_2)
FNDA:67,(anonymous_3)
FNDA:67,(anonymous_4)
DA:1,5
DA:2,5
DA:5,5
DA:10,17
DA:11,17
DA:12,15
DA:14,2
DA:23,15
DA:24,15
DA:25,15
DA:26,15
DA:27,15
DA:29,15
DA:30,905
DA:31,905
DA:33,905
DA:34,71
DA:35,53
DA:36,53
DA:38,834
DA:39,18
DA:40,18
DA:41,816
DA:42,18
DA:43,18
DA:46,798
DA:49,905
DA:52,15
DA:53,14
DA:56,15
DA:57,67
DA:60,67
DA:64,0
DA:66,67
LF:34
LH:33
BRDA:16,0,0,2
BRDA:16,0,1,0
BRDA:33,1,0,71
BRDA:33,1,1,834
BRDA:33,2,0,905
BRDA:33,2,1,465
BRDA:34,3,0,53
BRDA:34,3,1,18
BRDA:38,4,0,18
BRDA:38,4,1,816
BRDA:38,5,0,834
BRDA:38,5,1,394
BRDA:38,5,2,379
BRDA:41,6,0,18
BRDA:41,6,1,798
BRDA:41,7,0,816
BRDA:41,7,1,440
BRDA:52,8,0,14
BRDA:52,8,1,1
BRDA:60,9,0,0
BRDA:60,9,1,67
BRDA:61,10,0,67
BRDA:61,10,1,0
BRDA:61,10,2,67
BRDA:61,10,3,0
BRF:25
BRH:21
end_of_record
TN:
SF:src/core/mcp/index.ts
FNF:0
FNH:0
DA:5,1
DA:6,1
DA:7,1
DA:8,1
DA:9,1
DA:10,1
LF:6
LH:6
BRF:0
BRH:0
end_of_record
TN:
SF:src/core/mcp/squad.service.ts
FN:29,(anonymous_2)
FN:38,(anonymous_3)
FN:41,(anonymous_4)
FN:49,(anonymous_5)
FN:56,(anonymous_6)
FN:87,(anonymous_7)
FN:94,(anonymous_8)
FN:113,(anonymous_9)
FN:120,(anonymous_10)
FN:151,(anonymous_11)
FN:158,(anonymous_12)
FN:181,(anonymous_13)
FN:191,(anonymous_14)
FN:289,(anonymous_15)
FN:442,(anonymous_16)
FN:446,(anonymous_17)
FN:450,(anonymous_18)
FN:463,(anonymous_19)
FNF:18
FNH:17
FNDA:135,(anonymous_2)
FNDA:5,(anonymous_3)
FNDA:7,(anonymous_4)
FNDA:50,(anonymous_5)
FNDA:63,(anonymous_6)
FNDA:4,(anonymous_7)
FNDA:49,(anonymous_8)
FNDA:36,(anonymous_9)
FNDA:41,(anonymous_10)
FNDA:3,(anonymous_11)
FNDA:35,(anonymous_12)
FNDA:90,(anonymous_13)
FNDA:63,(anonymous_14)
FNDA:41,(anonymous_15)
FNDA:0,(anonymous_16)
FNDA:104,(anonymous_17)
FNDA:148,(anonymous_18)
FNDA:86,(anonymous_19)
DA:1,4
DA:2,4
DA:3,4
DA:4,4
DA:5,4
DA:20,4
DA:21,4
DA:22,4
DA:23,4
DA:24,4
DA:25,4
DA:28,4
DA:30,135
DA:31,135
DA:32,135
DA:33,135
DA:34,135
DA:35,135
DA:39,5
DA:40,5
DA:41,7
DA:52,50
DA:56,63
DA:57,50
DA:58,50
DA:59,50
DA:60,50
DA:62,50
DA:66,50
DA:68,50
DA:69,6
DA:70,14
DA:71,14
DA:72,14
DA:80,14
DA:83,14
DA:87,4
DA:88,4
DA:93,44
DA:95,49
DA:96,49
DA:104,38
DA:107,33
DA:110,39
DA:116,36
DA:120,41
DA:121,36
DA:122,36
DA:123,36
DA:124,36
DA:126,36
DA:130,36
DA:132,36
DA:133,3
DA:134,6
DA:135,6
DA:136,6
DA:144,6
DA:147,6
DA:151,3
DA:152,3
DA:157,33
DA:159,35
DA:160,35
DA:168,16
DA:171,14
DA:174,17
DA:182,90
DA:203,63
DA:204,63
DA:205,4
DA:208,59
DA:212,59
DA:213,59
DA:214,59
DA:215,59
DA:221,59
DA:224,59
DA:228,59
DA:230,59
DA:232,59
DA:239,56
DA:241,3
DA:248,56
DA:249,3
DA:254,53
DA:262,52
DA:263,52
DA:264,52
DA:265,52
DA:266,52
DA:279,52
DA:302,41
DA:303,41
DA:304,1
DA:307,40
DA:311,40
DA:312,40
DA:314,40
DA:315,35
DA:320,35
DA:321,35
DA:322,35
DA:328,3
DA:337,32
DA:341,2
DA:348,30
DA:355,30
DA:357,3
DA:358,3
DA:361,27
DA:362,27
DA:363,2
DA:367,30
DA:370,30
DA:371,30
DA:372,30
DA:373,30
DA:379,30
DA:382,30
DA:384,30
DA:386,30
DA:394,3
DA:401,27
DA:402,3
DA:407,24
DA:414,22
DA:415,22
DA:416,22
DA:417,22
DA:418,22
DA:431,22
DA:443,0
DA:447,104
DA:454,148
DA:455,12
DA:457,136
DA:458,122
DA:460,14
DA:467,86
DA:468,86
DA:469,3
DA:471,83
DA:472,1
DA:474,82
DA:475,5
DA:477,77
DA:478,53
DA:480,24
LF:149
LH:148
BRDA:68,0,0,6
BRDA:68,0,1,44
BRDA:83,1,0,4
BRDA:83,1,1,10
BRDA:84,2,0,14
BRDA:84,2,1,8
BRDA:132,3,0,3
BRDA:132,3,1,33
BRDA:147,4,0,3
BRDA:147,4,1,3
BRDA:148,5,0,6
BRDA:148,5,1,3
BRDA:204,6,0,4
BRDA:204,6,1,59
BRDA:224,7,0,14
BRDA:224,7,1,45
BRDA:243,8,0,3
BRDA:243,8,1,0
BRDA:248,9,0,3
BRDA:248,9,1,53
BRDA:248,10,0,56
BRDA:248,10,1,53
BRDA:262,11,0,52
BRDA:262,11,1,0
BRDA:270,12,0,40
BRDA:270,12,1,12
BRDA:303,13,0,1
BRDA:303,13,1,40
BRDA:307,14,0,1
BRDA:307,14,1,39
BRDA:312,15,0,40
BRDA:312,15,1,35
BRDA:314,16,0,35
BRDA:314,16,1,5
BRDA:314,17,0,40
BRDA:314,17,1,35
BRDA:332,18,0,3
BRDA:332,18,1,0
BRDA:337,19,0,2
BRDA:337,19,1,30
BRDA:338,20,0,32
BRDA:338,20,1,30
BRDA:355,21,0,3
BRDA:355,21,1,27
BRDA:357,22,0,3
BRDA:357,22,1,0
BRDA:362,23,0,2
BRDA:362,23,1,25
BRDA:367,24,0,5
BRDA:367,24,1,25
BRDA:388,25,0,30
BRDA:388,25,1,0
BRDA:396,26,0,3
BRDA:396,26,1,0
BRDA:401,27,0,3
BRDA:401,27,1,24
BRDA:401,28,0,27
BRDA:401,28,1,24
BRDA:414,29,0,22
BRDA:414,29,1,0
BRDA:422,30,0,21
BRDA:422,30,1,1
BRDA:454,31,0,12
BRDA:454,31,1,136
BRDA:457,32,0,122
BRDA:457,32,1,14
BRDA:468,33,0,3
BRDA:468,33,1,83
BRDA:471,34,0,1
BRDA:471,34,1,82
BRDA:474,35,0,5
BRDA:474,35,1,77
BRDA:477,36,0,53
BRDA:477,36,1,24
BRF:74
BRH:67
end_of_record
TN:
SF:src/core/mcp/contracts/index.ts
FNF:0
FNH:0
DA:5,0
DA:6,0
DA:7,0
DA:8,0
DA:9,0
LF:5
LH:0
BRF:0
BRH:0
end_of_record
TN:
SF:src/core/prompt/index.ts
FNF:0
FNH:0
DA:5,1
LF:1
LH:1
BRF:0
BRH:0
end_of_record
TN:
SF:src/core/prompt/prompt-builder.service.ts
FN:5,(anonymous_1)
FN:17,(anonymous_2)
FN:34,(anonymous_3)
FN:51,(anonymous_4)
FNF:4
FNH:4
FNDA:120,(anonymous_1)
FNDA:47,(anonymous_2)
FNDA:19,(anonymous_3)
FNDA:11,(anonymous_4)
DA:1,5
DA:5,5
DA:6,120
DA:21,47
DA:38,19
DA:52,11
LF:6
LH:6
BRF:0
BRH:0
end_of_record
TN:
SF:src/core/roles/index.ts
FNF:0
FNH:0
DA:5,1
DA:6,1
LF:2
LH:2
BRF:0
BRH:0
end_of_record
TN:
SF:src/core/roles/role-repository.service.ts
FN:12,(anonymous_3)
FN:14,(anonymous_4)
FN:21,(anonymous_5)
FN:28,(anonymous_6)
FN:36,(anonymous_7)
FNF:5
FNH:5
FNDA:117,(anonymous_3)
FNDA:11,(anonymous_4)
FNDA:72,(anonymous_5)
FNDA:75,(anonymous_6)
FNDA:74,(anonymous_7)
DA:1,5
DA:2,5
DA:3,5
DA:4,5
DA:6,5
DA:9,5
DA:10,117
DA:12,117
DA:15,11
DA:16,10
DA:18,9
DA:22,72
DA:23,65
DA:25,72
DA:29,75
DA:30,75
DA:31,75
DA:33,75
DA:34,75
DA:35,74
DA:36,74
DA:39,74
DA:40,74
DA:41,74
DA:42,74
DA:43,74
DA:45,73
DA:52,73
DA:56,2
DA:57,2
DA:62,73
LF:31
LH:31
BRDA:15,0,0,10
BRDA:15,0,1,1
BRDA:22,1,0,65
BRDA:22,1,1,7
BRDA:25,2,0,72
BRDA:25,2,1,4
BRDA:47,3,0,73
BRDA:47,3,1,3
BRDA:48,4,0,73
BRDA:48,4,1,2
BRDA:56,5,0,1
BRDA:56,5,1,1
BRF:12
BRH:12
end_of_record
TN:
SF:src/core/telemetry/squad-telemetry.service.ts
FN:11,(anonymous_13)
FN:20,(anonymous_14)
FN:54,(anonymous_15)
FN:69,(anonymous_16)
FN:88,(anonymous_17)
FN:99,(anonymous_18)
FNF:6
FNH:6
FNDA:106,(anonymous_13)
FNDA:58,(anonymous_14)
FNDA:58,(anonymous_15)
FNDA:57,(anonymous_16)
FNDA:48,(anonymous_17)
FNDA:106,(anonymous_18)
DA:1,4
DA:2,4
DA:3,4
DA:4,4
DA:5,4
DA:6,4
DA:7,4
DA:10,4
DA:13,106
DA:15,106
DA:17,106
DA:25,58
DA:27,58
DA:28,58
DA:32,58
DA:33,57
DA:41,1
DA:42,1
DA:43,0
DA:45,1
DA:46,0
DA:50,58
DA:51,58
DA:58,58
DA:64,58
DA:65,58
DA:66,58
DA:75,57
DA:84,57
DA:85,57
DA:95,48
DA:96,48
DA:100,106
LF:33
LH:31
BRDA:25,0,0,58
BRDA:25,0,1,58
BRDA:25,0,2,58
BRDA:32,1,0,57
BRDA:32,1,1,1
BRDA:36,2,0,57
BRDA:36,2,1,57
BRDA:42,3,0,0
BRDA:42,3,1,1
BRDA:42,4,0,1
BRDA:42,4,1,0
BRDA:45,5,0,0
BRDA:45,5,1,1
BRDA:45,6,0,1
BRDA:45,6,1,0
BRF:15
BRH:11
end_of_record
TN:
SF:src/nest/index.ts
FNF:0
FNH:0
DA:5,0
DA:6,0
DA:7,0
DA:8,0
DA:9,0
LF:5
LH:0
BRF:0
BRH:0
end_of_record
TN:
SF:src/nest/entities/agent.entity.ts
FN:17,(anonymous_2)
FNF:1
FNH:1
FNDA:106,(anonymous_2)
DA:1,4
DA:8,4
DA:13,4
DA:15,4
DA:17,106
DA:19,4
DA:22,4
DA:25,4
DA:28,4
DA:31,4
DA:34,4
DA:37,4
DA:40,4
DA:43,4
DA:46,4
LF:15
LH:15
BRF:0
BRH:0
end_of_record
TN:
SF:src/nest/entities/session.entity.ts
FNF:0
FNH:0
DA:1,4
DA:4,4
DA:6,4
DA:9,4
DA:12,4
DA:15,4
DA:18,4
LF:7
LH:7
BRF:0
BRH:0
end_of_record
TN:
SF:src/nest/entities/squad.entity.ts
FN:15,(anonymous_2)
FNF:1
FNH:1
FNDA:106,(anonymous_2)
DA:1,4
DA:8,4
DA:11,4
DA:13,4
DA:15,106
DA:17,4
DA:20,4
DA:23,4
DA:26,4
LF:9
LH:9
BRF:0
BRH:0
end_of_record
TN:
SF:src/shared/squad-db-path.ts
FN:5,resolveSquadDbPath
FNF:1
FNH:1
FNDA:106,resolveSquadDbPath
DA:1,2
DA:2,2
DA:3,2
DA:5,2
DA:6,106
DA:7,106
DA:8,106
DA:9,106
DA:11,106
DA:12,106
DA:13,106
DA:14,1
DA:20,106
LF:13
LH:13
BRDA:9,0,0,106
BRDA:9,0,1,4
BRDA:13,1,0,1
BRDA:13,1,1,105
BRF:4
BRH:4
end_of_record
