TN:
SF:src/cli/main-stdio.ts
FN:17,(anonymous_9)
FN:21,(anonymous_10)
FN:28,(anonymous_11)
FN:32,(anonymous_12)
FN:36,(anonymous_13)
FN:41,bootstrap
FN:62,(anonymous_15)
FN:78,(anonymous_16)
FNF:8
FNH:0
FNDA:0,(anonymous_9)
FNDA:0,(anonymous_10)
FNDA:0,(anonymous_11)
FNDA:0,(anonymous_12)
FNDA:0,(anonymous_13)
FNDA:0,bootstrap
FNDA:0,(anonymous_15)
FNDA:0,(anonymous_16)
DA:3,0
DA:4,0
DA:6,0
DA:7,0
DA:8,0
DA:9,0
DA:18,0
DA:22,0
DA:23,0
DA:24,0
DA:29,0
DA:33,0
DA:37,0
DA:42,0
DA:49,0
DA:51,0
DA:52,0
DA:53,0
DA:54,0
DA:58,0
DA:62,0
DA:63,0
DA:64,0
DA:66,0
DA:69,0
DA:72,0
DA:73,0
DA:77,0
DA:78,0
DA:79,0
DA:84,0
DA:85,0
DA:87,0
LF:33
LH:0
BRDA:23,0,0,0
BRDA:23,0,1,0
BRDA:51,1,0,0
BRDA:51,1,1,0
BRDA:52,2,0,0
BRDA:52,2,1,0
BRDA:66,3,0,0
BRDA:66,3,1,0
BRDA:77,4,0,0
BRDA:77,4,1,0
BRDA:81,5,0,0
BRDA:81,5,1,0
BRDA:84,6,0,0
BRDA:84,6,1,0
BRDA:84,7,0,0
BRDA:84,7,1,0
BRF:16
BRH:0
end_of_record
TN:
SF:src/cli/mcp-cli.command.ts
FN:27,(anonymous_11)
FN:40,(anonymous_12)
FN:50,(anonymous_13)
FN:60,(anonymous_14)
FN:68,(anonymous_15)
FN:72,(anonymous_16)
FN:84,(anonymous_17)
FN:115,(anonymous_18)
FN:120,(anonymous_19)
FN:123,(anonymous_20)
FN:294,(anonymous_21)
FNF:11
FNH:11
FNDA:27,(anonymous_11)
FNDA:1,(anonymous_12)
FNDA:1,(anonymous_13)
FNDA:1,(anonymous_14)
FNDA:1,(anonymous_15)
FNDA:8,(anonymous_16)
FNDA:4,(anonymous_17)
FNDA:1,(anonymous_18)
FNDA:8,(anonymous_19)
FNDA:15,(anonymous_20)
FNDA:3,(anonymous_21)
DA:1,1
DA:2,1
DA:3,1
DA:4,1
DA:26,1
DA:28,27
DA:29,27
DA:31,27
DA:40,1
DA:41,1
DA:50,1
DA:51,1
DA:60,1
DA:61,1
DA:68,1
DA:69,1
DA:78,8
DA:84,8
DA:85,4
DA:86,4
DA:87,2
DA:89,2
DA:90,1
DA:93,2
DA:103,2
DA:104,2
DA:105,0
DA:106,0
DA:107,0
DA:115,8
DA:116,1
DA:120,8
DA:126,15
DA:128,15
DA:131,15
DA:134,3
DA:144,3
DA:148,1
DA:186,1
DA:190,4
DA:192,4
DA:195,4
DA:197,1
DA:205,1
DA:208,2
DA:210,2
DA:211,1
DA:217,1
DA:223,2
DA:231,2
DA:235,1
DA:244,3
DA:248,4
DA:249,2
DA:252,2
DA:253,2
DA:254,1
DA:260,1
DA:266,2
DA:270,1
DA:280,11
DA:282,2
DA:295,3
DA:296,3
LF:64
LH:61
BRDA:89,0,0,1
BRDA:89,0,1,1
BRDA:98,1,0,2
BRDA:98,1,1,0
BRDA:105,2,0,0
BRDA:105,2,1,0
BRDA:126,3,0,9
BRDA:131,4,0,3
BRDA:131,4,1,1
BRDA:131,4,2,4
BRDA:131,4,3,4
BRDA:131,4,4,2
BRDA:131,4,5,1
BRDA:192,5,0,4
BRDA:192,5,1,0
BRDA:195,6,0,1
BRDA:195,6,1,2
BRDA:195,6,2,1
BRDA:210,7,0,1
BRDA:210,7,1,1
BRDA:253,8,0,1
BRDA:253,8,1,1
BRDA:287,9,0,1
BRDA:287,9,1,1
BRF:24
BRH:20
end_of_record
TN:
SF:src/core/config/squad-config.service.ts
FN:8,(anonymous_2)
FN:9,(anonymous_3)
FN:23,(anonymous_4)
FN:136,(anonymous_5)
FNF:4
FNH:4
FNDA:19,(anonymous_2)
FNDA:53,(anonymous_3)
FNDA:16,(anonymous_4)
FNDA:11,(anonymous_5)
DA:1,5
DA:5,5
DA:9,19
DA:10,53
DA:11,53
DA:12,130
DA:13,130
DA:14,3
DA:16,127
DA:17,4
DA:20,46
DA:23,19
DA:24,16
DA:25,16
DA:29,19
DA:31,19
DA:33,19
DA:34,1
DA:41,18
DA:46,18
DA:51,18
DA:52,18
DA:53,2
DA:61,16
DA:65,16
DA:66,16
DA:71,16
DA:74,16
DA:79,1
DA:86,15
DA:91,15
DA:93,15
DA:101,15
DA:102,1
DA:108,14
DA:137,11
LF:36
LH:36
BRDA:10,0,0,53
BRDA:10,0,1,0
BRDA:13,1,0,3
BRDA:13,1,1,127
BRDA:16,2,0,4
BRDA:16,2,1,123
BRDA:24,3,0,16
BRDA:24,3,1,0
BRDA:31,4,0,19
BRDA:31,4,1,17
BRDA:31,4,2,13
BRDA:33,5,0,1
BRDA:33,5,1,18
BRDA:33,6,0,19
BRDA:33,6,1,6
BRDA:51,7,0,18
BRDA:51,7,1,15
BRDA:51,7,2,12
BRDA:52,8,0,2
BRDA:52,8,1,16
BRDA:71,9,0,16
BRDA:71,9,1,14
BRDA:71,9,2,13
BRDA:72,10,0,1
BRDA:72,10,1,13
BRDA:74,11,0,1
BRDA:74,11,1,15
BRDA:75,12,0,16
BRDA:75,12,1,4
BRDA:75,12,2,2
BRDA:87,13,0,15
BRDA:87,13,1,12
BRDA:93,14,0,15
BRDA:93,14,1,13
BRDA:94,15,0,10
BRDA:94,15,1,3
BRDA:96,16,0,2
BRDA:96,16,1,1
BRDA:101,17,0,1
BRDA:101,17,1,14
BRDA:101,18,0,15
BRDA:101,18,1,2
BRDA:114,19,0,14
BRDA:114,19,1,13
BRDA:115,20,0,4
BRDA:115,20,1,9
BRDA:116,21,0,1
BRDA:116,21,1,3
BRDA:118,22,0,2
BRDA:118,22,1,1
BRDA:123,23,0,14
BRDA:123,23,1,13
BRDA:125,24,0,14
BRDA:125,24,1,13
BRDA:128,25,0,1
BRDA:128,25,1,13
BRF:56
BRH:54
end_of_record
TN:
SF:src/core/engine/process-runner.service.ts
FN:13,(anonymous_1)
FN:19,(anonymous_2)
FN:57,(anonymous_3)
FN:63,(anonymous_4)
FN:68,(anonymous_5)
FN:75,(anonymous_6)
FN:92,(anonymous_7)
FN:102,(anonymous_8)
FNF:8
FNH:8
FNDA:10,(anonymous_1)
FNDA:10,(anonymous_2)
FNDA:4,(anonymous_3)
FNDA:2,(anonymous_4)
FNDA:2,(anonymous_5)
FNDA:1,(anonymous_6)
FNDA:7,(anonymous_7)
FNDA:1,(anonymous_8)
DA:1,4
DA:2,4
DA:12,4
DA:19,10
DA:22,10
DA:28,10
DA:39,10
DA:41,1
DA:48,10
DA:49,9
DA:52,10
DA:53,10
DA:54,10
DA:56,10
DA:57,9
DA:58,4
DA:62,10
DA:63,9
DA:64,2
DA:68,10
DA:69,2
DA:71,2
DA:72,2
DA:73,1
DA:75,1
DA:76,1
DA:77,1
DA:84,2
DA:92,10
DA:93,7
DA:94,7
DA:102,10
DA:103,1
DA:104,1
LF:34
LH:34
BRDA:22,0,0,3
BRDA:22,0,1,7
BRDA:39,1,0,1
BRDA:39,1,1,9
BRDA:48,2,0,9
BRDA:48,2,1,1
BRDA:56,3,0,9
BRDA:56,3,1,1
BRDA:62,4,0,9
BRDA:62,4,1,1
BRDA:72,5,0,1
BRDA:72,5,1,1
BRDA:76,6,0,1
BRDA:76,6,1,0
BRF:14
BRH:13
end_of_record
TN:
SF:src/core/engine/template-renderer.service.ts
FN:6,(anonymous_1)
FN:22,(anonymous_2)
FN:57,(anonymous_3)
FN:58,(anonymous_4)
FNF:4
FNH:4
FNDA:9,(anonymous_1)
FNDA:8,(anonymous_2)
FNDA:36,(anonymous_3)
FNDA:36,(anonymous_4)
DA:1,4
DA:2,4
DA:5,4
DA:10,9
DA:11,9
DA:12,8
DA:14,1
DA:23,8
DA:24,8
DA:25,8
DA:26,8
DA:27,8
DA:29,8
DA:30,442
DA:31,442
DA:33,442
DA:34,37
DA:35,28
DA:36,28
DA:38,405
DA:39,9
DA:40,9
DA:41,396
DA:42,9
DA:43,9
DA:46,387
DA:49,442
DA:52,8
DA:53,8
DA:56,8
DA:57,36
DA:60,36
DA:64,0
DA:66,36
LF:34
LH:33
BRDA:16,0,0,1
BRDA:16,0,1,0
BRDA:33,1,0,37
BRDA:33,1,1,405
BRDA:33,2,0,442
BRDA:33,2,1,240
BRDA:34,3,0,28
BRDA:34,3,1,9
BRDA:38,4,0,9
BRDA:38,4,1,396
BRDA:38,5,0,405
BRDA:38,5,1,203
BRDA:38,5,2,196
BRDA:41,6,0,9
BRDA:41,6,1,387
BRDA:41,7,0,396
BRDA:41,7,1,202
BRDA:52,8,0,8
BRDA:52,8,1,0
BRDA:60,9,0,0
BRDA:60,9,1,36
BRDA:61,10,0,36
BRDA:61,10,1,0
BRDA:61,10,2,36
BRDA:61,10,3,0
BRF:25
BRH:20
end_of_record
TN:
SF:src/core/mcp/squad.service.ts
FN:29,(anonymous_2)
FN:38,(anonymous_3)
FN:41,(anonymous_4)
FN:49,(anonymous_5)
FN:56,(anonymous_6)
FN:87,(anonymous_7)
FN:94,(anonymous_8)
FN:113,(anonymous_9)
FN:120,(anonymous_10)
FN:151,(anonymous_11)
FN:158,(anonymous_12)
FN:181,(anonymous_13)
FN:191,(anonymous_14)
FN:289,(anonymous_15)
FN:442,(anonymous_16)
FN:446,(anonymous_17)
FN:450,(anonymous_18)
FN:463,(anonymous_19)
FNF:18
FNH:17
FNDA:33,(anonymous_2)
FNDA:3,(anonymous_3)
FNDA:5,(anonymous_4)
FNDA:14,(anonymous_5)
FNDA:21,(anonymous_6)
FNDA:2,(anonymous_7)
FNDA:15,(anonymous_8)
FNDA:14,(anonymous_9)
FNDA:17,(anonymous_10)
FNDA:1,(anonymous_11)
FNDA:15,(anonymous_12)
FNDA:33,(anonymous_13)
FNDA:21,(anonymous_14)
FNDA:17,(anonymous_15)
FNDA:0,(anonymous_16)
FNDA:38,(anonymous_17)
FNDA:52,(anonymous_18)
FNDA:28,(anonymous_19)
DA:1,3
DA:2,3
DA:3,3
DA:4,3
DA:5,3
DA:20,3
DA:21,3
DA:22,3
DA:23,3
DA:24,3
DA:25,3
DA:28,3
DA:30,33
DA:31,33
DA:32,33
DA:33,33
DA:34,33
DA:35,33
DA:39,3
DA:40,3
DA:41,5
DA:52,14
DA:56,21
DA:57,14
DA:58,14
DA:59,14
DA:60,14
DA:62,14
DA:66,14
DA:68,14
DA:69,2
DA:70,6
DA:71,6
DA:72,6
DA:80,6
DA:83,6
DA:87,2
DA:88,2
DA:93,12
DA:95,15
DA:96,15
DA:104,11
DA:107,8
DA:110,10
DA:116,14
DA:120,17
DA:121,14
DA:122,14
DA:123,14
DA:124,14
DA:126,14
DA:130,14
DA:132,14
DA:133,1
DA:134,2
DA:135,2
DA:136,2
DA:144,2
DA:147,2
DA:151,1
DA:152,1
DA:157,13
DA:159,15
DA:160,15
DA:168,7
DA:171,5
DA:174,6
DA:182,33
DA:203,21
DA:204,21
DA:205,1
DA:208,20
DA:212,20
DA:213,20
DA:214,20
DA:215,20
DA:221,20
DA:224,20
DA:228,20
DA:230,20
DA:232,20
DA:239,19
DA:241,1
DA:248,19
DA:249,1
DA:254,18
DA:262,17
DA:263,17
DA:264,17
DA:265,17
DA:266,17
DA:279,17
DA:302,17
DA:303,17
DA:304,1
DA:307,16
DA:311,16
DA:312,16
DA:314,16
DA:315,15
DA:320,15
DA:321,15
DA:322,15
DA:328,1
DA:337,14
DA:341,1
DA:348,13
DA:355,13
DA:357,1
DA:358,1
DA:361,12
DA:362,12
DA:363,1
DA:367,12
DA:370,12
DA:371,12
DA:372,12
DA:373,12
DA:379,12
DA:382,12
DA:384,12
DA:386,12
DA:394,1
DA:401,11
DA:402,1
DA:407,10
DA:414,9
DA:415,9
DA:416,9
DA:417,9
DA:418,9
DA:431,9
DA:443,0
DA:447,38
DA:454,52
DA:455,6
DA:457,46
DA:458,44
DA:460,2
DA:467,28
DA:468,28
DA:469,1
DA:471,27
DA:472,1
DA:474,26
DA:475,1
DA:477,25
DA:478,1
DA:480,24
LF:149
LH:148
BRDA:68,0,0,2
BRDA:68,0,1,12
BRDA:83,1,0,2
BRDA:83,1,1,4
BRDA:84,2,0,6
BRDA:84,2,1,4
BRDA:132,3,0,1
BRDA:132,3,1,13
BRDA:147,4,0,1
BRDA:147,4,1,1
BRDA:148,5,0,2
BRDA:148,5,1,1
BRDA:204,6,0,1
BRDA:204,6,1,20
BRDA:224,7,0,1
BRDA:224,7,1,19
BRDA:243,8,0,1
BRDA:243,8,1,0
BRDA:248,9,0,1
BRDA:248,9,1,18
BRDA:248,10,0,19
BRDA:248,10,1,18
BRDA:262,11,0,17
BRDA:262,11,1,0
BRDA:270,12,0,14
BRDA:270,12,1,3
BRDA:303,13,0,1
BRDA:303,13,1,16
BRDA:307,14,0,0
BRDA:307,14,1,16
BRDA:312,15,0,16
BRDA:312,15,1,15
BRDA:314,16,0,15
BRDA:314,16,1,1
BRDA:314,17,0,16
BRDA:314,17,1,15
BRDA:332,18,0,1
BRDA:332,18,1,0
BRDA:337,19,0,1
BRDA:337,19,1,13
BRDA:338,20,0,14
BRDA:338,20,1,13
BRDA:355,21,0,1
BRDA:355,21,1,12
BRDA:357,22,0,1
BRDA:357,22,1,0
BRDA:362,23,0,1
BRDA:362,23,1,11
BRDA:367,24,0,1
BRDA:367,24,1,11
BRDA:388,25,0,12
BRDA:388,25,1,0
BRDA:396,26,0,1
BRDA:396,26,1,0
BRDA:401,27,0,1
BRDA:401,27,1,10
BRDA:401,28,0,11
BRDA:401,28,1,10
BRDA:414,29,0,9
BRDA:414,29,1,0
BRDA:422,30,0,8
BRDA:422,30,1,1
BRDA:454,31,0,6
BRDA:454,31,1,46
BRDA:457,32,0,44
BRDA:457,32,1,2
BRDA:468,33,0,1
BRDA:468,33,1,27
BRDA:471,34,0,1
BRDA:471,34,1,26
BRDA:474,35,0,1
BRDA:474,35,1,25
BRDA:477,36,0,1
BRDA:477,36,1,24
BRF:74
BRH:66
end_of_record
TN:
SF:src/core/prompt/prompt-builder.service.ts
FN:5,(anonymous_1)
FN:17,(anonymous_2)
FN:34,(anonymous_3)
FN:51,(anonymous_4)
FNF:4
FNH:4
FNDA:18,(anonymous_1)
FNDA:8,(anonymous_2)
FNDA:5,(anonymous_3)
FNDA:7,(anonymous_4)
DA:1,4
DA:5,4
DA:6,18
DA:21,8
DA:38,5
DA:52,7
LF:6
LH:6
BRF:0
BRH:0
end_of_record
TN:
SF:src/core/roles/role-repository.service.ts
FN:12,(anonymous_3)
FN:14,(anonymous_4)
FN:21,(anonymous_5)
FN:28,(anonymous_6)
FN:36,(anonymous_7)
FNF:5
FNH:5
FNDA:15,(anonymous_3)
FNDA:9,(anonymous_4)
FNDA:6,(anonymous_5)
FNDA:14,(anonymous_6)
FNDA:13,(anonymous_7)
DA:1,4
DA:2,4
DA:3,4
DA:4,4
DA:6,4
DA:9,4
DA:10,15
DA:12,15
DA:15,9
DA:16,8
DA:18,7
DA:22,6
DA:23,6
DA:25,6
DA:29,14
DA:30,14
DA:31,14
DA:33,14
DA:34,14
DA:35,13
DA:36,13
DA:39,13
DA:40,13
DA:41,13
DA:42,13
DA:43,13
DA:45,12
DA:52,12
DA:56,2
DA:57,2
DA:62,12
LF:31
LH:31
BRDA:15,0,0,8
BRDA:15,0,1,1
BRDA:22,1,0,6
BRDA:22,1,1,0
BRDA:25,2,0,6
BRDA:25,2,1,1
BRDA:47,3,0,12
BRDA:47,3,1,3
BRDA:48,4,0,12
BRDA:48,4,1,2
BRDA:56,5,0,1
BRDA:56,5,1,1
BRF:12
BRH:11
end_of_record
TN:
SF:src/core/telemetry/squad-telemetry.service.ts
FN:11,(anonymous_13)
FN:20,(anonymous_14)
FN:54,(anonymous_15)
FN:69,(anonymous_16)
FN:88,(anonymous_17)
FN:99,(anonymous_18)
FNF:6
FNH:1
FNDA:4,(anonymous_13)
FNDA:0,(anonymous_14)
FNDA:0,(anonymous_15)
FNDA:0,(anonymous_16)
FNDA:0,(anonymous_17)
FNDA:0,(anonymous_18)
DA:1,3
DA:2,3
DA:3,3
DA:4,3
DA:5,3
DA:6,3
DA:7,3
DA:10,3
DA:13,4
DA:15,4
DA:17,4
DA:25,0
DA:27,0
DA:28,0
DA:32,0
DA:33,0
DA:41,0
DA:42,0
DA:43,0
DA:45,0
DA:46,0
DA:50,0
DA:51,0
DA:58,0
DA:64,0
DA:65,0
DA:66,0
DA:75,0
DA:84,0
DA:85,0
DA:95,0
DA:96,0
DA:100,0
LF:33
LH:11
BRDA:25,0,0,0
BRDA:25,0,1,0
BRDA:25,0,2,0
BRDA:32,1,0,0
BRDA:32,1,1,0
BRDA:36,2,0,0
BRDA:36,2,1,0
BRDA:42,3,0,0
BRDA:42,3,1,0
BRDA:42,4,0,0
BRDA:42,4,1,0
BRDA:45,5,0,0
BRDA:45,5,1,0
BRDA:45,6,0,0
BRDA:45,6,1,0
BRF:15
BRH:0
end_of_record
TN:
SF:src/nest/entities/agent.entity.ts
FN:17,(anonymous_2)
FNF:1
FNH:1
FNDA:4,(anonymous_2)
DA:1,3
DA:8,3
DA:13,3
DA:15,3
DA:17,4
DA:19,3
DA:22,3
DA:25,3
DA:28,3
DA:31,3
DA:34,3
DA:37,3
DA:40,3
DA:43,3
DA:46,3
LF:15
LH:15
BRF:0
BRH:0
end_of_record
TN:
SF:src/nest/entities/session.entity.ts
FNF:0
FNH:0
DA:1,3
DA:4,3
DA:6,3
DA:9,3
DA:12,3
DA:15,3
DA:18,3
LF:7
LH:7
BRF:0
BRH:0
end_of_record
TN:
SF:src/nest/entities/squad.entity.ts
FN:15,(anonymous_2)
FNF:1
FNH:1
FNDA:4,(anonymous_2)
DA:1,3
DA:8,3
DA:11,3
DA:13,3
DA:15,4
DA:17,3
DA:20,3
DA:23,3
DA:26,3
LF:9
LH:9
BRF:0
BRH:0
end_of_record
TN:
SF:src/shared/squad-db-path.ts
FN:5,resolveSquadDbPath
FNF:1
FNH:1
FNDA:4,resolveSquadDbPath
DA:1,1
DA:2,1
DA:3,1
DA:5,1
DA:6,4
DA:7,4
DA:8,4
DA:9,4
DA:11,4
DA:12,4
DA:13,4
DA:14,1
DA:20,4
LF:13
LH:13
BRDA:9,0,0,4
BRDA:9,0,1,4
BRDA:13,1,0,1
BRDA:13,1,1,3
BRF:4
BRH:4
end_of_record
