<?xml version="1.0" encoding="UTF-8"?>
<coverage generated="1770728700832" clover="3.2.0">
  <project timestamp="1770728700832" name="All files">
    <metrics statements="489" coveredstatements="429" conditionals="240" coveredconditionals="165" methods="71" coveredmethods="58" elements="800" coveredelements="652" complexity="0" loc="489" ncloc="489" packages="11" files="21" classes="21"/>
    <package name="cli">
      <metrics statements="99" coveredstatements="66" conditionals="40" coveredconditionals="19" methods="19" coveredmethods="7"/>
      <file name="index.ts" path="/home/runner/work/gs-squad-mcp/gs-squad-mcp/src/cli/index.ts">
        <metrics statements="2" coveredstatements="2" conditionals="0" coveredconditionals="0" methods="0" coveredmethods="0"/>
        <line num="5" count="1" type="stmt"/>
        <line num="6" count="1" type="stmt"/>
      </file>
      <file name="main-stdio.ts" path="/home/runner/work/gs-squad-mcp/gs-squad-mcp/src/cli/main-stdio.ts">
        <metrics statements="33" coveredstatements="7" conditionals="16" coveredconditionals="1" methods="8" coveredmethods="0"/>
        <line num="3" count="1" type="stmt"/>
        <line num="4" count="1" type="stmt"/>
        <line num="6" count="1" type="stmt"/>
        <line num="7" count="1" type="stmt"/>
        <line num="8" count="1" type="stmt"/>
        <line num="9" count="1" type="stmt"/>
        <line num="18" count="0" type="stmt"/>
        <line num="22" count="0" type="stmt"/>
        <line num="23" count="0" type="cond" truecount="0" falsecount="2"/>
        <line num="24" count="0" type="stmt"/>
        <line num="29" count="0" type="stmt"/>
        <line num="33" count="0" type="stmt"/>
        <line num="37" count="0" type="stmt"/>
        <line num="42" count="0" type="stmt"/>
        <line num="49" count="0" type="stmt"/>
        <line num="51" count="0" type="cond" truecount="0" falsecount="2"/>
        <line num="52" count="0" type="cond" truecount="0" falsecount="2"/>
        <line num="53" count="0" type="stmt"/>
        <line num="54" count="0" type="stmt"/>
        <line num="58" count="0" type="stmt"/>
        <line num="62" count="0" type="stmt"/>
        <line num="63" count="0" type="stmt"/>
        <line num="64" count="0" type="stmt"/>
        <line num="66" count="0" type="cond" truecount="0" falsecount="2"/>
        <line num="69" count="0" type="stmt"/>
        <line num="72" count="0" type="stmt"/>
        <line num="73" count="0" type="stmt"/>
        <line num="77" count="1" type="cond" truecount="1" falsecount="1"/>
        <line num="78" count="0" type="stmt"/>
        <line num="79" count="0" type="stmt"/>
        <line num="84" count="0" type="cond" truecount="0" falsecount="4"/>
        <line num="85" count="0" type="stmt"/>
        <line num="87" count="0" type="stmt"/>
      </file>
      <file name="mcp-cli.command.ts" path="/home/runner/work/gs-squad-mcp/gs-squad-mcp/src/cli/mcp-cli.command.ts">
        <metrics statements="64" coveredstatements="57" conditionals="24" coveredconditionals="18" methods="11" coveredmethods="7"/>
        <line num="1" count="1" type="stmt"/>
        <line num="2" count="1" type="stmt"/>
        <line num="3" count="1" type="stmt"/>
        <line num="4" count="1" type="stmt"/>
        <line num="26" count="1" type="stmt"/>
        <line num="28" count="102" type="stmt"/>
        <line num="29" count="102" type="stmt"/>
        <line num="31" count="102" type="stmt"/>
        <line num="40" count="1" type="stmt"/>
        <line num="41" count="0" type="stmt"/>
        <line num="50" count="1" type="stmt"/>
        <line num="51" count="0" type="stmt"/>
        <line num="60" count="1" type="stmt"/>
        <line num="61" count="0" type="stmt"/>
        <line num="68" count="1" type="stmt"/>
        <line num="69" count="0" type="stmt"/>
        <line num="78" count="11" type="stmt"/>
        <line num="84" count="11" type="stmt"/>
        <line num="85" count="11" type="stmt"/>
        <line num="86" count="11" type="stmt"/>
        <line num="87" count="10" type="stmt"/>
        <line num="89" count="10" type="cond" truecount="2" falsecount="0"/>
        <line num="90" count="9" type="stmt"/>
        <line num="93" count="1" type="stmt"/>
        <line num="103" count="1" type="stmt"/>
        <line num="104" count="1" type="stmt"/>
        <line num="105" count="1" type="cond" truecount="1" falsecount="1"/>
        <line num="106" count="1" type="stmt"/>
        <line num="107" count="1" type="stmt"/>
        <line num="115" count="11" type="stmt"/>
        <line num="116" count="11" type="stmt"/>
        <line num="120" count="11" type="stmt"/>
        <line num="126" count="10" type="cond" truecount="1" falsecount="0"/>
        <line num="128" count="10" type="stmt"/>
        <line num="131" count="10" type="cond" truecount="5" falsecount="1"/>
        <line num="134" count="2" type="stmt"/>
        <line num="144" count="2" type="stmt"/>
        <line num="148" count="1" type="stmt"/>
        <line num="186" count="1" type="stmt"/>
        <line num="190" count="4" type="stmt"/>
        <line num="192" count="4" type="cond" truecount="1" falsecount="1"/>
        <line num="195" count="4" type="cond" truecount="3" falsecount="0"/>
        <line num="197" count="1" type="stmt"/>
        <line num="205" count="1" type="stmt"/>
        <line num="208" count="2" type="stmt"/>
        <line num="210" count="2" type="cond" truecount="2" falsecount="0"/>
        <line num="211" count="1" type="stmt"/>
        <line num="217" count="1" type="stmt"/>
        <line num="223" count="2" type="stmt"/>
        <line num="231" count="2" type="stmt"/>
        <line num="235" count="1" type="stmt"/>
        <line num="244" count="3" type="stmt"/>
        <line num="248" count="0" type="stmt"/>
        <line num="249" count="0" type="stmt"/>
        <line num="252" count="2" type="stmt"/>
        <line num="253" count="2" type="cond" truecount="1" falsecount="1"/>
        <line num="254" count="2" type="stmt"/>
        <line num="260" count="0" type="stmt"/>
        <line num="266" count="1" type="stmt"/>
        <line num="270" count="1" type="stmt"/>
        <line num="280" count="7" type="stmt"/>
        <line num="282" count="1" type="stmt"/>
        <line num="295" count="10" type="stmt"/>
        <line num="296" count="10" type="stmt"/>
      </file>
    </package>
    <package name="core.config">
      <metrics statements="38" coveredstatements="32" conditionals="56" coveredconditionals="34" methods="4" coveredmethods="4"/>
      <file name="index.ts" path="/home/runner/work/gs-squad-mcp/gs-squad-mcp/src/core/config/index.ts">
        <metrics statements="2" coveredstatements="2" conditionals="0" coveredconditionals="0" methods="0" coveredmethods="0"/>
        <line num="5" count="1" type="stmt"/>
        <line num="6" count="1" type="stmt"/>
      </file>
      <file name="squad-config.service.ts" path="/home/runner/work/gs-squad-mcp/gs-squad-mcp/src/core/config/squad-config.service.ts">
        <metrics statements="36" coveredstatements="30" conditionals="56" coveredconditionals="34" methods="4" coveredmethods="4"/>
        <line num="1" count="1" type="stmt"/>
        <line num="5" count="1" type="stmt"/>
        <line num="9" count="102" type="stmt"/>
        <line num="10" count="306" type="cond" truecount="1" falsecount="1"/>
        <line num="11" count="306" type="stmt"/>
        <line num="12" count="2142" type="stmt"/>
        <line num="13" count="2142" type="cond" truecount="1" falsecount="1"/>
        <line num="14" count="0" type="stmt"/>
        <line num="16" count="2142" type="cond" truecount="1" falsecount="1"/>
        <line num="17" count="0" type="stmt"/>
        <line num="20" count="306" type="stmt"/>
        <line num="23" count="102" type="stmt"/>
        <line num="24" count="102" type="cond" truecount="1" falsecount="1"/>
        <line num="25" count="102" type="stmt"/>
        <line num="29" count="102" type="stmt"/>
        <line num="31" count="102" type="cond" truecount="2" falsecount="1"/>
        <line num="33" count="102" type="cond" truecount="3" falsecount="1"/>
        <line num="34" count="0" type="stmt"/>
        <line num="41" count="102" type="stmt"/>
        <line num="46" count="102" type="stmt"/>
        <line num="51" count="102" type="cond" truecount="3" falsecount="0"/>
        <line num="52" count="102" type="cond" truecount="1" falsecount="1"/>
        <line num="53" count="0" type="stmt"/>
        <line num="61" count="102" type="stmt"/>
        <line num="65" count="102" type="stmt"/>
        <line num="66" count="102" type="stmt"/>
        <line num="71" count="102" type="cond" truecount="3" falsecount="0"/>
        <line num="74" count="102" type="cond" truecount="1" falsecount="1"/>
        <line num="79" count="0" type="stmt"/>
        <line num="86" count="102" type="stmt"/>
        <line num="91" count="102" type="stmt"/>
        <line num="93" count="102" type="cond" truecount="1" falsecount="1"/>
        <line num="101" count="102" type="cond" truecount="3" falsecount="1"/>
        <line num="102" count="0" type="stmt"/>
        <line num="108" count="102" type="stmt"/>
        <line num="137" count="123" type="stmt"/>
      </file>
    </package>
    <package name="core.engine">
      <metrics statements="70" coveredstatements="68" conditionals="39" coveredconditionals="29" methods="12" coveredmethods="12"/>
      <file name="index.ts" path="/home/runner/work/gs-squad-mcp/gs-squad-mcp/src/core/engine/index.ts">
        <metrics statements="2" coveredstatements="2" conditionals="0" coveredconditionals="0" methods="0" coveredmethods="0"/>
        <line num="5" count="1" type="stmt"/>
        <line num="6" count="1" type="stmt"/>
      </file>
      <file name="process-runner.service.ts" path="/home/runner/work/gs-squad-mcp/gs-squad-mcp/src/core/engine/process-runner.service.ts">
        <metrics statements="34" coveredstatements="33" conditionals="14" coveredconditionals="8" methods="8" coveredmethods="8"/>
        <line num="1" count="1" type="stmt"/>
        <line num="2" count="1" type="stmt"/>
        <line num="12" count="1" type="stmt"/>
        <line num="19" count="65" type="stmt"/>
        <line num="22" count="65" type="cond" truecount="1" falsecount="1"/>
        <line num="28" count="65" type="stmt"/>
        <line num="39" count="65" type="cond" truecount="2" falsecount="0"/>
        <line num="41" count="1" type="stmt"/>
        <line num="48" count="65" type="cond" truecount="1" falsecount="1"/>
        <line num="49" count="65" type="stmt"/>
        <line num="52" count="65" type="stmt"/>
        <line num="53" count="65" type="stmt"/>
        <line num="54" count="65" type="stmt"/>
        <line num="56" count="65" type="cond" truecount="1" falsecount="1"/>
        <line num="57" count="65" type="stmt"/>
        <line num="58" count="59" type="stmt"/>
        <line num="62" count="65" type="cond" truecount="1" falsecount="1"/>
        <line num="63" count="65" type="stmt"/>
        <line num="64" count="6" type="stmt"/>
        <line num="68" count="65" type="stmt"/>
        <line num="69" count="3" type="stmt"/>
        <line num="71" count="3" type="stmt"/>
        <line num="72" count="3" type="cond" truecount="1" falsecount="1"/>
        <line num="73" count="3" type="stmt"/>
        <line num="75" count="3" type="stmt"/>
        <line num="76" count="2" type="cond" truecount="1" falsecount="1"/>
        <line num="77" count="0" type="stmt"/>
        <line num="84" count="3" type="stmt"/>
        <line num="92" count="65" type="stmt"/>
        <line num="93" count="64" type="stmt"/>
        <line num="94" count="64" type="stmt"/>
        <line num="102" count="65" type="stmt"/>
        <line num="103" count="1" type="stmt"/>
        <line num="104" count="1" type="stmt"/>
      </file>
      <file name="template-renderer.service.ts" path="/home/runner/work/gs-squad-mcp/gs-squad-mcp/src/core/engine/template-renderer.service.ts">
        <metrics statements="34" coveredstatements="33" conditionals="25" coveredconditionals="21" methods="4" coveredmethods="4"/>
        <line num="1" count="1" type="stmt"/>
        <line num="2" count="1" type="stmt"/>
        <line num="5" count="1" type="stmt"/>
        <line num="10" count="8" type="stmt"/>
        <line num="11" count="8" type="stmt"/>
        <line num="12" count="7" type="stmt"/>
        <line num="14" count="1" type="stmt"/>
        <line num="23" count="7" type="stmt"/>
        <line num="24" count="7" type="stmt"/>
        <line num="25" count="7" type="stmt"/>
        <line num="26" count="7" type="stmt"/>
        <line num="27" count="7" type="stmt"/>
        <line num="29" count="7" type="stmt"/>
        <line num="30" count="463" type="stmt"/>
        <line num="31" count="463" type="stmt"/>
        <line num="33" count="463" type="cond" truecount="4" falsecount="0"/>
        <line num="34" count="34" type="cond" truecount="2" falsecount="0"/>
        <line num="35" count="25" type="stmt"/>
        <line num="36" count="25" type="stmt"/>
        <line num="38" count="429" type="cond" truecount="5" falsecount="0"/>
        <line num="39" count="9" type="stmt"/>
        <line num="40" count="9" type="stmt"/>
        <line num="41" count="420" type="cond" truecount="4" falsecount="0"/>
        <line num="42" count="9" type="stmt"/>
        <line num="43" count="9" type="stmt"/>
        <line num="46" count="411" type="stmt"/>
        <line num="49" count="463" type="stmt"/>
        <line num="52" count="7" type="cond" truecount="2" falsecount="0"/>
        <line num="53" count="6" type="stmt"/>
        <line num="56" count="7" type="stmt"/>
        <line num="57" count="31" type="stmt"/>
        <line num="60" count="31" type="cond" truecount="1" falsecount="1"/>
        <line num="64" count="0" type="stmt"/>
        <line num="66" count="31" type="stmt"/>
      </file>
    </package>
    <package name="core.mcp">
      <metrics statements="155" coveredstatements="151" conditionals="74" coveredconditionals="63" methods="18" coveredmethods="17"/>
      <file name="index.ts" path="/home/runner/work/gs-squad-mcp/gs-squad-mcp/src/core/mcp/index.ts">
        <metrics statements="6" coveredstatements="6" conditionals="0" coveredconditionals="0" methods="0" coveredmethods="0"/>
        <line num="5" count="1" type="stmt"/>
        <line num="6" count="1" type="stmt"/>
        <line num="7" count="1" type="stmt"/>
        <line num="8" count="1" type="stmt"/>
        <line num="9" count="1" type="stmt"/>
        <line num="10" count="1" type="stmt"/>
      </file>
      <file name="squad.service.ts" path="/home/runner/work/gs-squad-mcp/gs-squad-mcp/src/core/mcp/squad.service.ts">
        <metrics statements="149" coveredstatements="145" conditionals="74" coveredconditionals="63" methods="18" coveredmethods="17"/>
        <line num="1" count="1" type="stmt"/>
        <line num="2" count="1" type="stmt"/>
        <line num="3" count="1" type="stmt"/>
        <line num="4" count="1" type="stmt"/>
        <line num="5" count="1" type="stmt"/>
        <line num="20" count="1" type="stmt"/>
        <line num="21" count="1" type="stmt"/>
        <line num="22" count="1" type="stmt"/>
        <line num="23" count="1" type="stmt"/>
        <line num="24" count="1" type="stmt"/>
        <line num="25" count="1" type="stmt"/>
        <line num="28" count="1" type="stmt"/>
        <line num="30" count="102" type="stmt"/>
        <line num="31" count="102" type="stmt"/>
        <line num="32" count="102" type="stmt"/>
        <line num="33" count="102" type="stmt"/>
        <line num="34" count="102" type="stmt"/>
        <line num="35" count="102" type="stmt"/>
        <line num="39" count="2" type="stmt"/>
        <line num="40" count="2" type="stmt"/>
        <line num="41" count="2" type="stmt"/>
        <line num="52" count="36" type="stmt"/>
        <line num="56" count="42" type="stmt"/>
        <line num="57" count="36" type="stmt"/>
        <line num="58" count="36" type="stmt"/>
        <line num="59" count="36" type="stmt"/>
        <line num="60" count="36" type="stmt"/>
        <line num="62" count="36" type="stmt"/>
        <line num="66" count="36" type="stmt"/>
        <line num="68" count="36" type="cond" truecount="2" falsecount="0"/>
        <line num="69" count="4" type="stmt"/>
        <line num="70" count="8" type="stmt"/>
        <line num="71" count="8" type="stmt"/>
        <line num="72" count="8" type="stmt"/>
        <line num="80" count="8" type="stmt"/>
        <line num="83" count="8" type="cond" truecount="2" falsecount="0"/>
        <line num="87" count="2" type="stmt"/>
        <line num="88" count="2" type="stmt"/>
        <line num="93" count="32" type="stmt"/>
        <line num="95" count="34" type="stmt"/>
        <line num="96" count="34" type="stmt"/>
        <line num="104" count="27" type="stmt"/>
        <line num="107" count="25" type="stmt"/>
        <line num="110" count="29" type="stmt"/>
        <line num="116" count="22" type="stmt"/>
        <line num="120" count="24" type="stmt"/>
        <line num="121" count="22" type="stmt"/>
        <line num="122" count="22" type="stmt"/>
        <line num="123" count="22" type="stmt"/>
        <line num="124" count="22" type="stmt"/>
        <line num="126" count="22" type="stmt"/>
        <line num="130" count="22" type="stmt"/>
        <line num="132" count="22" type="cond" truecount="2" falsecount="0"/>
        <line num="133" count="2" type="stmt"/>
        <line num="134" count="4" type="stmt"/>
        <line num="135" count="4" type="stmt"/>
        <line num="136" count="4" type="stmt"/>
        <line num="144" count="4" type="stmt"/>
        <line num="147" count="4" type="cond" truecount="2" falsecount="0"/>
        <line num="151" count="2" type="stmt"/>
        <line num="152" count="2" type="stmt"/>
        <line num="157" count="20" type="stmt"/>
        <line num="159" count="20" type="stmt"/>
        <line num="160" count="20" type="stmt"/>
        <line num="168" count="9" type="stmt"/>
        <line num="171" count="9" type="stmt"/>
        <line num="174" count="11" type="stmt"/>
        <line num="182" count="57" type="stmt"/>
        <line num="203" count="42" type="stmt"/>
        <line num="204" count="42" type="cond" truecount="2" falsecount="0"/>
        <line num="205" count="3" type="stmt"/>
        <line num="208" count="39" type="stmt"/>
        <line num="212" count="39" type="stmt"/>
        <line num="213" count="39" type="stmt"/>
        <line num="214" count="39" type="stmt"/>
        <line num="215" count="39" type="stmt"/>
        <line num="221" count="39" type="stmt"/>
        <line num="224" count="39" type="cond" truecount="2" falsecount="0"/>
        <line num="228" count="39" type="stmt"/>
        <line num="230" count="39" type="stmt"/>
        <line num="232" count="39" type="stmt"/>
        <line num="239" count="37" type="stmt"/>
        <line num="241" count="2" type="stmt"/>
        <line num="248" count="37" type="cond" truecount="4" falsecount="0"/>
        <line num="249" count="2" type="stmt"/>
        <line num="254" count="35" type="stmt"/>
        <line num="262" count="35" type="cond" truecount="1" falsecount="1"/>
        <line num="263" count="35" type="stmt"/>
        <line num="264" count="35" type="stmt"/>
        <line num="265" count="35" type="stmt"/>
        <line num="266" count="35" type="stmt"/>
        <line num="279" count="35" type="stmt"/>
        <line num="302" count="24" type="stmt"/>
        <line num="303" count="24" type="cond" truecount="1" falsecount="1"/>
        <line num="304" count="0" type="stmt"/>
        <line num="307" count="24" type="cond" truecount="2" falsecount="0"/>
        <line num="311" count="24" type="stmt"/>
        <line num="312" count="24" type="cond" truecount="2" falsecount="0"/>
        <line num="314" count="24" type="cond" truecount="4" falsecount="0"/>
        <line num="315" count="20" type="stmt"/>
        <line num="320" count="20" type="stmt"/>
        <line num="321" count="20" type="stmt"/>
        <line num="322" count="20" type="stmt"/>
        <line num="328" count="2" type="stmt"/>
        <line num="337" count="18" type="cond" truecount="2" falsecount="0"/>
        <line num="341" count="1" type="stmt"/>
        <line num="348" count="17" type="stmt"/>
        <line num="355" count="17" type="cond" truecount="2" falsecount="0"/>
        <line num="357" count="2" type="cond" truecount="1" falsecount="1"/>
        <line num="358" count="2" type="stmt"/>
        <line num="361" count="15" type="stmt"/>
        <line num="362" count="15" type="cond" truecount="2" falsecount="0"/>
        <line num="363" count="1" type="stmt"/>
        <line num="367" count="18" type="cond" truecount="2" falsecount="0"/>
        <line num="370" count="18" type="stmt"/>
        <line num="371" count="18" type="stmt"/>
        <line num="372" count="18" type="stmt"/>
        <line num="373" count="18" type="stmt"/>
        <line num="379" count="18" type="stmt"/>
        <line num="382" count="18" type="stmt"/>
        <line num="384" count="18" type="stmt"/>
        <line num="386" count="18" type="stmt"/>
        <line num="394" count="2" type="stmt"/>
        <line num="401" count="16" type="cond" truecount="4" falsecount="0"/>
        <line num="402" count="2" type="stmt"/>
        <line num="407" count="14" type="stmt"/>
        <line num="414" count="13" type="cond" truecount="1" falsecount="1"/>
        <line num="415" count="13" type="stmt"/>
        <line num="416" count="13" type="stmt"/>
        <line num="417" count="13" type="stmt"/>
        <line num="418" count="13" type="stmt"/>
        <line num="431" count="13" type="stmt"/>
        <line num="443" count="0" type="stmt"/>
        <line num="447" count="66" type="stmt"/>
        <line num="454" count="96" type="cond" truecount="2" falsecount="0"/>
        <line num="455" count="6" type="stmt"/>
        <line num="457" count="90" type="cond" truecount="2" falsecount="0"/>
        <line num="458" count="78" type="stmt"/>
        <line num="460" count="12" type="stmt"/>
        <line num="467" count="58" type="stmt"/>
        <line num="468" count="58" type="cond" truecount="2" falsecount="0"/>
        <line num="469" count="2" type="stmt"/>
        <line num="471" count="56" type="cond" truecount="1" falsecount="1"/>
        <line num="472" count="0" type="stmt"/>
        <line num="474" count="56" type="cond" truecount="2" falsecount="0"/>
        <line num="475" count="4" type="stmt"/>
        <line num="477" count="52" type="cond" truecount="1" falsecount="1"/>
        <line num="478" count="52" type="stmt"/>
        <line num="480" count="0" type="stmt"/>
      </file>
    </package>
    <package name="core.mcp.contracts">
      <metrics statements="5" coveredstatements="0" conditionals="0" coveredconditionals="0" methods="0" coveredmethods="0"/>
      <file name="index.ts" path="/home/runner/work/gs-squad-mcp/gs-squad-mcp/src/core/mcp/contracts/index.ts">
        <metrics statements="5" coveredstatements="0" conditionals="0" coveredconditionals="0" methods="0" coveredmethods="0"/>
        <line num="5" count="0" type="stmt"/>
        <line num="6" count="0" type="stmt"/>
        <line num="7" count="0" type="stmt"/>
        <line num="8" count="0" type="stmt"/>
        <line num="9" count="0" type="stmt"/>
      </file>
    </package>
    <package name="core.prompt">
      <metrics statements="7" coveredstatements="7" conditionals="0" coveredconditionals="0" methods="4" coveredmethods="4"/>
      <file name="index.ts" path="/home/runner/work/gs-squad-mcp/gs-squad-mcp/src/core/prompt/index.ts">
        <metrics statements="1" coveredstatements="1" conditionals="0" coveredconditionals="0" methods="0" coveredmethods="0"/>
        <line num="5" count="1" type="stmt"/>
      </file>
      <file name="prompt-builder.service.ts" path="/home/runner/work/gs-squad-mcp/gs-squad-mcp/src/core/prompt/prompt-builder.service.ts">
        <metrics statements="6" coveredstatements="6" conditionals="0" coveredconditionals="0" methods="4" coveredmethods="4"/>
        <line num="1" count="1" type="stmt"/>
        <line num="5" count="1" type="stmt"/>
        <line num="6" count="102" type="stmt"/>
        <line num="21" count="39" type="stmt"/>
        <line num="38" count="14" type="stmt"/>
        <line num="52" count="4" type="stmt"/>
      </file>
    </package>
    <package name="core.roles">
      <metrics statements="33" coveredstatements="31" conditionals="12" coveredconditionals="7" methods="5" coveredmethods="5"/>
      <file name="index.ts" path="/home/runner/work/gs-squad-mcp/gs-squad-mcp/src/core/roles/index.ts">
        <metrics statements="2" coveredstatements="2" conditionals="0" coveredconditionals="0" methods="0" coveredmethods="0"/>
        <line num="5" count="1" type="stmt"/>
        <line num="6" count="1" type="stmt"/>
      </file>
      <file name="role-repository.service.ts" path="/home/runner/work/gs-squad-mcp/gs-squad-mcp/src/core/roles/role-repository.service.ts">
        <metrics statements="31" coveredstatements="29" conditionals="12" coveredconditionals="7" methods="5" coveredmethods="5"/>
        <line num="1" count="1" type="stmt"/>
        <line num="2" count="1" type="stmt"/>
        <line num="3" count="1" type="stmt"/>
        <line num="4" count="1" type="stmt"/>
        <line num="6" count="1" type="stmt"/>
        <line num="9" count="1" type="stmt"/>
        <line num="10" count="102" type="stmt"/>
        <line num="12" count="102" type="stmt"/>
        <line num="15" count="2" type="cond" truecount="1" falsecount="1"/>
        <line num="16" count="2" type="stmt"/>
        <line num="18" count="2" type="stmt"/>
        <line num="22" count="66" type="cond" truecount="2" falsecount="0"/>
        <line num="23" count="59" type="stmt"/>
        <line num="25" count="66" type="cond" truecount="2" falsecount="0"/>
        <line num="29" count="61" type="stmt"/>
        <line num="30" count="61" type="stmt"/>
        <line num="31" count="61" type="stmt"/>
        <line num="33" count="61" type="stmt"/>
        <line num="34" count="61" type="stmt"/>
        <line num="35" count="61" type="stmt"/>
        <line num="36" count="61" type="stmt"/>
        <line num="39" count="61" type="stmt"/>
        <line num="40" count="61" type="stmt"/>
        <line num="41" count="61" type="stmt"/>
        <line num="42" count="61" type="stmt"/>
        <line num="43" count="61" type="stmt"/>
        <line num="45" count="61" type="stmt"/>
        <line num="52" count="61" type="stmt"/>
        <line num="56" count="0" type="cond" truecount="0" falsecount="2"/>
        <line num="57" count="0" type="stmt"/>
        <line num="62" count="61" type="stmt"/>
      </file>
    </package>
    <package name="core.telemetry">
      <metrics statements="33" coveredstatements="31" conditionals="15" coveredconditionals="11" methods="6" coveredmethods="6"/>
      <file name="squad-telemetry.service.ts" path="/home/runner/work/gs-squad-mcp/gs-squad-mcp/src/core/telemetry/squad-telemetry.service.ts">
        <metrics statements="33" coveredstatements="31" conditionals="15" coveredconditionals="11" methods="6" coveredmethods="6"/>
        <line num="1" count="1" type="stmt"/>
        <line num="2" count="1" type="stmt"/>
        <line num="3" count="1" type="stmt"/>
        <line num="4" count="1" type="stmt"/>
        <line num="5" count="1" type="stmt"/>
        <line num="6" count="1" type="stmt"/>
        <line num="7" count="1" type="stmt"/>
        <line num="10" count="1" type="stmt"/>
        <line num="13" count="102" type="stmt"/>
        <line num="15" count="102" type="stmt"/>
        <line num="17" count="102" type="stmt"/>
        <line num="25" count="58" type="cond" truecount="3" falsecount="0"/>
        <line num="27" count="58" type="stmt"/>
        <line num="28" count="58" type="stmt"/>
        <line num="32" count="58" type="cond" truecount="2" falsecount="0"/>
        <line num="33" count="57" type="stmt"/>
        <line num="41" count="1" type="stmt"/>
        <line num="42" count="1" type="cond" truecount="2" falsecount="2"/>
        <line num="43" count="0" type="stmt"/>
        <line num="45" count="1" type="cond" truecount="2" falsecount="2"/>
        <line num="46" count="0" type="stmt"/>
        <line num="50" count="58" type="stmt"/>
        <line num="51" count="58" type="stmt"/>
        <line num="58" count="58" type="stmt"/>
        <line num="64" count="58" type="stmt"/>
        <line num="65" count="58" type="stmt"/>
        <line num="66" count="58" type="stmt"/>
        <line num="75" count="57" type="stmt"/>
        <line num="84" count="57" type="stmt"/>
        <line num="85" count="57" type="stmt"/>
        <line num="95" count="48" type="stmt"/>
        <line num="96" count="48" type="stmt"/>
        <line num="100" count="106" type="stmt"/>
      </file>
    </package>
    <package name="nest">
      <metrics statements="5" coveredstatements="0" conditionals="0" coveredconditionals="0" methods="0" coveredmethods="0"/>
      <file name="index.ts" path="/home/runner/work/gs-squad-mcp/gs-squad-mcp/src/nest/index.ts">
        <metrics statements="5" coveredstatements="0" conditionals="0" coveredconditionals="0" methods="0" coveredmethods="0"/>
        <line num="5" count="0" type="stmt"/>
        <line num="6" count="0" type="stmt"/>
        <line num="7" count="0" type="stmt"/>
        <line num="8" count="0" type="stmt"/>
        <line num="9" count="0" type="stmt"/>
      </file>
    </package>
    <package name="nest.entities">
      <metrics statements="31" coveredstatements="31" conditionals="0" coveredconditionals="0" methods="2" coveredmethods="2"/>
      <file name="agent.entity.ts" path="/home/runner/work/gs-squad-mcp/gs-squad-mcp/src/nest/entities/agent.entity.ts">
        <metrics statements="15" coveredstatements="15" conditionals="0" coveredconditionals="0" methods="1" coveredmethods="1"/>
        <line num="1" count="1" type="stmt"/>
        <line num="8" count="1" type="stmt"/>
        <line num="13" count="1" type="stmt"/>
        <line num="15" count="1" type="stmt"/>
        <line num="17" count="102" type="stmt"/>
        <line num="19" count="1" type="stmt"/>
        <line num="22" count="1" type="stmt"/>
        <line num="25" count="1" type="stmt"/>
        <line num="28" count="1" type="stmt"/>
        <line num="31" count="1" type="stmt"/>
        <line num="34" count="1" type="stmt"/>
        <line num="37" count="1" type="stmt"/>
        <line num="40" count="1" type="stmt"/>
        <line num="43" count="1" type="stmt"/>
        <line num="46" count="1" type="stmt"/>
      </file>
      <file name="session.entity.ts" path="/home/runner/work/gs-squad-mcp/gs-squad-mcp/src/nest/entities/session.entity.ts">
        <metrics statements="7" coveredstatements="7" conditionals="0" coveredconditionals="0" methods="0" coveredmethods="0"/>
        <line num="1" count="1" type="stmt"/>
        <line num="4" count="1" type="stmt"/>
        <line num="6" count="1" type="stmt"/>
        <line num="9" count="1" type="stmt"/>
        <line num="12" count="1" type="stmt"/>
        <line num="15" count="1" type="stmt"/>
        <line num="18" count="1" type="stmt"/>
      </file>
      <file name="squad.entity.ts" path="/home/runner/work/gs-squad-mcp/gs-squad-mcp/src/nest/entities/squad.entity.ts">
        <metrics statements="9" coveredstatements="9" conditionals="0" coveredconditionals="0" methods="1" coveredmethods="1"/>
        <line num="1" count="1" type="stmt"/>
        <line num="8" count="1" type="stmt"/>
        <line num="11" count="1" type="stmt"/>
        <line num="13" count="1" type="stmt"/>
        <line num="15" count="102" type="stmt"/>
        <line num="17" count="1" type="stmt"/>
        <line num="20" count="1" type="stmt"/>
        <line num="23" count="1" type="stmt"/>
        <line num="26" count="1" type="stmt"/>
      </file>
    </package>
    <package name="shared">
      <metrics statements="13" coveredstatements="12" conditionals="4" coveredconditionals="2" methods="1" coveredmethods="1"/>
      <file name="squad-db-path.ts" path="/home/runner/work/gs-squad-mcp/gs-squad-mcp/src/shared/squad-db-path.ts">
        <metrics statements="13" coveredstatements="12" conditionals="4" coveredconditionals="2" methods="1" coveredmethods="1"/>
        <line num="1" count="1" type="stmt"/>
        <line num="2" count="1" type="stmt"/>
        <line num="3" count="1" type="stmt"/>
        <line num="5" count="1" type="stmt"/>
        <line num="6" count="102" type="stmt"/>
        <line num="7" count="102" type="stmt"/>
        <line num="8" count="102" type="stmt"/>
        <line num="9" count="102" type="cond" truecount="1" falsecount="1"/>
        <line num="11" count="102" type="stmt"/>
        <line num="12" count="102" type="stmt"/>
        <line num="13" count="102" type="cond" truecount="1" falsecount="1"/>
        <line num="14" count="0" type="stmt"/>
        <line num="20" count="102" type="stmt"/>
      </file>
    </package>
  </project>
</coverage>
