{"total": {"lines":{"total":489,"covered":429,"skipped":0,"pct":87.73},"statements":{"total":516,"covered":456,"skipped":0,"pct":88.37},"functions":{"total":71,"covered":58,"skipped":0,"pct":81.69},"branches":{"total":240,"covered":165,"skipped":0,"pct":68.75},"branchesTrue":{"total":0,"covered":0,"skipped":0,"pct":100}}
,"/home/runner/work/gs-squad-mcp/gs-squad-mcp/src/cli/index.ts": {"lines":{"total":2,"covered":2,"skipped":0,"pct":100},"functions":{"total":0,"covered":0,"skipped":0,"pct":100},"statements":{"total":2,"covered":2,"skipped":0,"pct":100},"branches":{"total":0,"covered":0,"skipped":0,"pct":100}}
,"/home/runner/work/gs-squad-mcp/gs-squad-mcp/src/cli/main-stdio.ts": {"lines":{"total":33,"covered":7,"skipped":0,"pct":21.21},"functions":{"total":8,"covered":0,"skipped":0,"pct":0},"statements":{"total":33,"covered":7,"skipped":0,"pct":21.21},"branches":{"total":16,"covered":1,"skipped":0,"pct":6.25}}
,"/home/runner/work/gs-squad-mcp/gs-squad-mcp/src/cli/mcp-cli.command.ts": {"lines":{"total":64,"covered":57,"skipped":0,"pct":89.06},"functions":{"total":11,"covered":7,"skipped":0,"pct":63.63},"statements":{"total":66,"covered":59,"skipped":0,"pct":89.39},"branches":{"total":24,"covered":18,"skipped":0,"pct":75}}
,"/home/runner/work/gs-squad-mcp/gs-squad-mcp/src/core/config/index.ts": {"lines":{"total":2,"covered":2,"skipped":0,"pct":100},"functions":{"total":0,"covered":0,"skipped":0,"pct":100},"statements":{"total":2,"covered":2,"skipped":0,"pct":100},"branches":{"total":0,"covered":0,"skipped":0,"pct":100}}
,"/home/runner/work/gs-squad-mcp/gs-squad-mcp/src/core/config/squad-config.service.ts": {"lines":{"total":36,"covered":30,"skipped":0,"pct":83.33},"functions":{"total":4,"covered":4,"skipped":0,"pct":100},"statements":{"total":39,"covered":33,"skipped":0,"pct":84.61},"branches":{"total":56,"covered":34,"skipped":0,"pct":60.71}}
,"/home/runner/work/gs-squad-mcp/gs-squad-mcp/src/core/engine/index.ts": {"lines":{"total":2,"covered":2,"skipped":0,"pct":100},"functions":{"total":0,"covered":0,"skipped":0,"pct":100},"statements":{"total":2,"covered":2,"skipped":0,"pct":100},"branches":{"total":0,"covered":0,"skipped":0,"pct":100}}
,"/home/runner/work/gs-squad-mcp/gs-squad-mcp/src/core/engine/process-runner.service.ts": {"lines":{"total":34,"covered":33,"skipped":0,"pct":97.05},"functions":{"total":8,"covered":8,"skipped":0,"pct":100},"statements":{"total":36,"covered":35,"skipped":0,"pct":97.22},"branches":{"total":14,"covered":8,"skipped":0,"pct":57.14}}
,"/home/runner/work/gs-squad-mcp/gs-squad-mcp/src/core/engine/template-renderer.service.ts": {"lines":{"total":34,"covered":33,"skipped":0,"pct":97.05},"functions":{"total":4,"covered":4,"skipped":0,"pct":100},"statements":{"total":36,"covered":35,"skipped":0,"pct":97.22},"branches":{"total":25,"covered":21,"skipped":0,"pct":84}}
,"/home/runner/work/gs-squad-mcp/gs-squad-mcp/src/core/mcp/index.ts": {"lines":{"total":6,"covered":6,"skipped":0,"pct":100},"functions":{"total":0,"covered":0,"skipped":0,"pct":100},"statements":{"total":6,"covered":6,"skipped":0,"pct":100},"branches":{"total":0,"covered":0,"skipped":0,"pct":100}}
,"/home/runner/work/gs-squad-mcp/gs-squad-mcp/src/core/mcp/squad.service.ts": {"lines":{"total":149,"covered":145,"skipped":0,"pct":97.31},"functions":{"total":18,"covered":17,"skipped":0,"pct":94.44},"statements":{"total":155,"covered":151,"skipped":0,"pct":97.41},"branches":{"total":74,"covered":63,"skipped":0,"pct":85.13}}
,"/home/runner/work/gs-squad-mcp/gs-squad-mcp/src/core/mcp/contracts/index.ts": {"lines":{"total":5,"covered":0,"skipped":0,"pct":0},"functions":{"total":0,"covered":0,"skipped":0,"pct":100},"statements":{"total":5,"covered":0,"skipped":0,"pct":0},"branches":{"total":0,"covered":0,"skipped":0,"pct":100}}
,"/home/runner/work/gs-squad-mcp/gs-squad-mcp/src/core/prompt/index.ts": {"lines":{"total":1,"covered":1,"skipped":0,"pct":100},"functions":{"total":0,"covered":0,"skipped":0,"pct":100},"statements":{"total":1,"covered":1,"skipped":0,"pct":100},"branches":{"total":0,"covered":0,"skipped":0,"pct":100}}
,"/home/runner/work/gs-squad-mcp/gs-squad-mcp/src/core/prompt/prompt-builder.service.ts": {"lines":{"total":6,"covered":6,"skipped":0,"pct":100},"functions":{"total":4,"covered":4,"skipped":0,"pct":100},"statements":{"total":8,"covered":8,"skipped":0,"pct":100},"branches":{"total":0,"covered":0,"skipped":0,"pct":100}}
,"/home/runner/work/gs-squad-mcp/gs-squad-mcp/src/core/roles/index.ts": {"lines":{"total":2,"covered":2,"skipped":0,"pct":100},"functions":{"total":0,"covered":0,"skipped":0,"pct":100},"statements":{"total":2,"covered":2,"skipped":0,"pct":100},"branches":{"total":0,"covered":0,"skipped":0,"pct":100}}
,"/home/runner/work/gs-squad-mcp/gs-squad-mcp/src/core/roles/role-repository.service.ts": {"lines":{"total":31,"covered":29,"skipped":0,"pct":93.54},"functions":{"total":5,"covered":5,"skipped":0,"pct":100},"statements":{"total":33,"covered":31,"skipped":0,"pct":93.93},"branches":{"total":12,"covered":7,"skipped":0,"pct":58.33}}
,"/home/runner/work/gs-squad-mcp/gs-squad-mcp/src/core/telemetry/squad-telemetry.service.ts": {"lines":{"total":33,"covered":31,"skipped":0,"pct":93.93},"functions":{"total":6,"covered":6,"skipped":0,"pct":100},"statements":{"total":35,"covered":33,"skipped":0,"pct":94.28},"branches":{"total":15,"covered":11,"skipped":0,"pct":73.33}}
,"/home/runner/work/gs-squad-mcp/gs-squad-mcp/src/nest/index.ts": {"lines":{"total":5,"covered":0,"skipped":0,"pct":0},"functions":{"total":0,"covered":0,"skipped":0,"pct":100},"statements":{"total":5,"covered":0,"skipped":0,"pct":0},"branches":{"total":0,"covered":0,"skipped":0,"pct":100}}
,"/home/runner/work/gs-squad-mcp/gs-squad-mcp/src/nest/entities/agent.entity.ts": {"lines":{"total":15,"covered":15,"skipped":0,"pct":100},"functions":{"total":1,"covered":1,"skipped":0,"pct":100},"statements":{"total":17,"covered":17,"skipped":0,"pct":100},"branches":{"total":0,"covered":0,"skipped":0,"pct":100}}
,"/home/runner/work/gs-squad-mcp/gs-squad-mcp/src/nest/entities/session.entity.ts": {"lines":{"total":7,"covered":7,"skipped":0,"pct":100},"functions":{"total":0,"covered":0,"skipped":0,"pct":100},"statements":{"total":9,"covered":9,"skipped":0,"pct":100},"branches":{"total":0,"covered":0,"skipped":0,"pct":100}}
,"/home/runner/work/gs-squad-mcp/gs-squad-mcp/src/nest/entities/squad.entity.ts": {"lines":{"total":9,"covered":9,"skipped":0,"pct":100},"functions":{"total":1,"covered":1,"skipped":0,"pct":100},"statements":{"total":11,"covered":11,"skipped":0,"pct":100},"branches":{"total":0,"covered":0,"skipped":0,"pct":100}}
,"/home/runner/work/gs-squad-mcp/gs-squad-mcp/src/shared/squad-db-path.ts": {"lines":{"total":13,"covered":12,"skipped":0,"pct":92.3},"functions":{"total":1,"covered":1,"skipped":0,"pct":100},"statements":{"total":13,"covered":12,"skipped":0,"pct":92.3},"branches":{"total":4,"covered":2,"skipped":0,"pct":50}}
}
