TN:
SF:src/cli/index.ts
FNF:0
FNH:0
DA:5,1
DA:6,1
LF:2
LH:2
BRF:0
BRH:0
end_of_record
TN:
SF:src/cli/main-stdio.ts
FN:17,(anonymous_9)
FN:21,(anonymous_10)
FN:28,(anonymous_11)
FN:32,(anonymous_12)
FN:36,(anonymous_13)
FN:41,bootstrap
FN:62,(anonymous_15)
FN:78,(anonymous_16)
FNF:8
FNH:0
FNDA:0,(anonymous_9)
FNDA:0,(anonymous_10)
FNDA:0,(anonymous_11)
FNDA:0,(anonymous_12)
FNDA:0,(anonymous_13)
FNDA:0,bootstrap
FNDA:0,(anonymous_15)
FNDA:0,(anonymous_16)
DA:3,1
DA:4,1
DA:6,1
DA:7,1
DA:8,1
DA:9,1
DA:18,0
DA:22,0
DA:23,0
DA:24,0
DA:29,0
DA:33,0
DA:37,0
DA:42,0
DA:49,0
DA:51,0
DA:52,0
DA:53,0
DA:54,0
DA:58,0
DA:62,0
DA:63,0
DA:64,0
DA:66,0
DA:69,0
DA:72,0
DA:73,0
DA:77,1
DA:78,0
DA:79,0
DA:84,0
DA:85,0
DA:87,0
LF:33
LH:7
BRDA:23,0,0,0
BRDA:23,0,1,0
BRDA:51,1,0,0
BRDA:51,1,1,0
BRDA:52,2,0,0
BRDA:52,2,1,0
BRDA:66,3,0,0
BRDA:66,3,1,0
BRDA:77,4,0,0
BRDA:77,4,1,1
BRDA:81,5,0,0
BRDA:81,5,1,0
BRDA:84,6,0,0
BRDA:84,6,1,0
BRDA:84,7,0,0
BRDA:84,7,1,0
BRF:16
BRH:1
end_of_record
TN:
SF:src/cli/mcp-cli.command.ts
FN:27,(anonymous_11)
FN:40,(anonymous_12)
FN:50,(anonymous_13)
FN:60,(anonymous_14)
FN:68,(anonymous_15)
FN:72,(anonymous_16)
FN:84,(anonymous_17)
FN:115,(anonymous_18)
FN:120,(anonymous_19)
FN:123,(anonymous_20)
FN:294,(anonymous_21)
FNF:11
FNH:7
FNDA:102,(anonymous_11)
FNDA:0,(anonymous_12)
FNDA:0,(anonymous_13)
FNDA:0,(anonymous_14)
FNDA:0,(anonymous_15)
FNDA:11,(anonymous_16)
FNDA:11,(anonymous_17)
FNDA:11,(anonymous_18)
FNDA:11,(anonymous_19)
FNDA:10,(anonymous_20)
FNDA:10,(anonymous_21)
DA:1,1
DA:2,1
DA:3,1
DA:4,1
DA:26,1
DA:28,102
DA:29,102
DA:31,102
DA:40,1
DA:41,0
DA:50,1
DA:51,0
DA:60,1
DA:61,0
DA:68,1
DA:69,0
DA:78,11
DA:84,11
DA:85,11
DA:86,11
DA:87,10
DA:89,10
DA:90,9
DA:93,1
DA:103,1
DA:104,1
DA:105,1
DA:106,1
DA:107,1
DA:115,11
DA:116,11
DA:120,11
DA:126,10
DA:128,10
DA:131,10
DA:134,2
DA:144,2
DA:148,1
DA:186,1
DA:190,4
DA:192,4
DA:195,4
DA:197,1
DA:205,1
DA:208,2
DA:210,2
DA:211,1
DA:217,1
DA:223,2
DA:231,2
DA:235,1
DA:244,3
DA:248,0
DA:249,0
DA:252,2
DA:253,2
DA:254,2
DA:260,0
DA:266,1
DA:270,1
DA:280,7
DA:282,1
DA:295,10
DA:296,10
LF:64
LH:57
BRDA:89,0,0,9
BRDA:89,0,1,1
BRDA:98,1,0,1
BRDA:98,1,1,0
BRDA:105,2,0,1
BRDA:105,2,1,0
BRDA:126,3,0,4
BRDA:131,4,0,2
BRDA:131,4,1,1
BRDA:131,4,2,4
BRDA:131,4,3,0
BRDA:131,4,4,2
BRDA:131,4,5,1
BRDA:192,5,0,4
BRDA:192,5,1,0
BRDA:195,6,0,1
BRDA:195,6,1,2
BRDA:195,6,2,1
BRDA:210,7,0,1
BRDA:210,7,1,1
BRDA:253,8,0,2
BRDA:253,8,1,0
BRDA:287,9,0,1
BRDA:287,9,1,0
BRF:24
BRH:18
end_of_record
TN:
SF:src/core/config/index.ts
FNF:0
FNH:0
DA:5,1
DA:6,1
LF:2
LH:2
BRF:0
BRH:0
end_of_record
TN:
SF:src/core/config/squad-config.service.ts
FN:8,(anonymous_2)
FN:9,(anonymous_3)
FN:23,(anonymous_4)
FN:136,(anonymous_5)
FNF:4
FNH:4
FNDA:102,(anonymous_2)
FNDA:306,(anonymous_3)
FNDA:102,(anonymous_4)
FNDA:123,(anonymous_5)
DA:1,1
DA:5,1
DA:9,102
DA:10,306
DA:11,306
DA:12,2142
DA:13,2142
DA:14,0
DA:16,2142
DA:17,0
DA:20,306
DA:23,102
DA:24,102
DA:25,102
DA:29,102
DA:31,102
DA:33,102
DA:34,0
DA:41,102
DA:46,102
DA:51,102
DA:52,102
DA:53,0
DA:61,102
DA:65,102
DA:66,102
DA:71,102
DA:74,102
DA:79,0
DA:86,102
DA:91,102
DA:93,102
DA:101,102
DA:102,0
DA:108,102
DA:137,123
LF:36
LH:30
BRDA:10,0,0,306
BRDA:10,0,1,0
BRDA:13,1,0,0
BRDA:13,1,1,2142
BRDA:16,2,0,0
BRDA:16,2,1,2142
BRDA:24,3,0,102
BRDA:24,3,1,0
BRDA:31,4,0,102
BRDA:31,4,1,102
BRDA:31,4,2,0
BRDA:33,5,0,0
BRDA:33,5,1,102
BRDA:33,6,0,102
BRDA:33,6,1,21
BRDA:51,7,0,102
BRDA:51,7,1,102
BRDA:51,7,2,102
BRDA:52,8,0,0
BRDA:52,8,1,102
BRDA:71,9,0,102
BRDA:71,9,1,102
BRDA:71,9,2,102
BRDA:72,10,0,0
BRDA:72,10,1,102
BRDA:74,11,0,0
BRDA:74,11,1,102
BRDA:75,12,0,102
BRDA:75,12,1,102
BRDA:75,12,2,98
BRDA:87,13,0,102
BRDA:87,13,1,0
BRDA:93,14,0,102
BRDA:93,14,1,0
BRDA:94,15,0,0
BRDA:94,15,1,0
BRDA:96,16,0,0
BRDA:96,16,1,0
BRDA:101,17,0,0
BRDA:101,17,1,102
BRDA:101,18,0,102
BRDA:101,18,1,102
BRDA:114,19,0,102
BRDA:114,19,1,82
BRDA:115,20,0,1
BRDA:115,20,1,81
BRDA:116,21,0,1
BRDA:116,21,1,0
BRDA:118,22,0,0
BRDA:118,22,1,0
BRDA:123,23,0,102
BRDA:123,23,1,0
BRDA:125,24,0,102
BRDA:125,24,1,0
BRDA:128,25,0,0
BRDA:128,25,1,102
BRF:56
BRH:34
end_of_record
TN:
SF:src/core/engine/index.ts
FNF:0
FNH:0
DA:5,1
DA:6,1
LF:2
LH:2
BRF:0
BRH:0
end_of_record
TN:
SF:src/core/engine/process-runner.service.ts
FN:13,(anonymous_1)
FN:19,(anonymous_2)
FN:57,(anonymous_3)
FN:63,(anonymous_4)
FN:68,(anonymous_5)
FN:75,(anonymous_6)
FN:92,(anonymous_7)
FN:102,(anonymous_8)
FNF:8
FNH:8
FNDA:65,(anonymous_1)
FNDA:65,(anonymous_2)
FNDA:59,(anonymous_3)
FNDA:6,(anonymous_4)
FNDA:3,(anonymous_5)
FNDA:2,(anonymous_6)
FNDA:64,(anonymous_7)
FNDA:1,(anonymous_8)
DA:1,1
DA:2,1
DA:12,1
DA:19,65
DA:22,65
DA:28,65
DA:39,65
DA:41,1
DA:48,65
DA:49,65
DA:52,65
DA:53,65
DA:54,65
DA:56,65
DA:57,65
DA:58,59
DA:62,65
DA:63,65
DA:64,6
DA:68,65
DA:69,3
DA:71,3
DA:72,3
DA:73,3
DA:75,3
DA:76,2
DA:77,0
DA:84,3
DA:92,65
DA:93,64
DA:94,64
DA:102,65
DA:103,1
DA:104,1
LF:34
LH:33
BRDA:22,0,0,0
BRDA:22,0,1,65
BRDA:39,1,0,1
BRDA:39,1,1,64
BRDA:48,2,0,65
BRDA:48,2,1,0
BRDA:56,3,0,65
BRDA:56,3,1,0
BRDA:62,4,0,65
BRDA:62,4,1,0
BRDA:72,5,0,3
BRDA:72,5,1,0
BRDA:76,6,0,0
BRDA:76,6,1,2
BRF:14
BRH:8
end_of_record
TN:
SF:src/core/engine/template-renderer.service.ts
FN:6,(anonymous_1)
FN:22,(anonymous_2)
FN:57,(anonymous_3)
FN:58,(anonymous_4)
FNF:4
FNH:4
FNDA:8,(anonymous_1)
FNDA:7,(anonymous_2)
FNDA:31,(anonymous_3)
FNDA:31,(anonymous_4)
DA:1,1
DA:2,1
DA:5,1
DA:10,8
DA:11,8
DA:12,7
DA:14,1
DA:23,7
DA:24,7
DA:25,7
DA:26,7
DA:27,7
DA:29,7
DA:30,463
DA:31,463
DA:33,463
DA:34,34
DA:35,25
DA:36,25
DA:38,429
DA:39,9
DA:40,9
DA:41,420
DA:42,9
DA:43,9
DA:46,411
DA:49,463
DA:52,7
DA:53,6
DA:56,7
DA:57,31
DA:60,31
DA:64,0
DA:66,31
LF:34
LH:33
BRDA:16,0,0,1
BRDA:16,0,1,0
BRDA:33,1,0,34
BRDA:33,1,1,429
BRDA:33,2,0,463
BRDA:33,2,1,225
BRDA:34,3,0,25
BRDA:34,3,1,9
BRDA:38,4,0,9
BRDA:38,4,1,420
BRDA:38,5,0,429
BRDA:38,5,1,191
BRDA:38,5,2,183
BRDA:41,6,0,9
BRDA:41,6,1,411
BRDA:41,7,0,420
BRDA:41,7,1,238
BRDA:52,8,0,6
BRDA:52,8,1,1
BRDA:60,9,0,0
BRDA:60,9,1,31
BRDA:61,10,0,31
BRDA:61,10,1,0
BRDA:61,10,2,31
BRDA:61,10,3,0
BRF:25
BRH:21
end_of_record
TN:
SF:src/core/mcp/index.ts
FNF:0
FNH:0
DA:5,1
DA:6,1
DA:7,1
DA:8,1
DA:9,1
DA:10,1
LF:6
LH:6
BRF:0
BRH:0
end_of_record
TN:
SF:src/core/mcp/squad.service.ts
FN:29,(anonymous_2)
FN:38,(anonymous_3)
FN:41,(anonymous_4)
FN:49,(anonymous_5)
FN:56,(anonymous_6)
FN:87,(anonymous_7)
FN:94,(anonymous_8)
FN:113,(anonymous_9)
FN:120,(anonymous_10)
FN:151,(anonymous_11)
FN:158,(anonymous_12)
FN:181,(anonymous_13)
FN:191,(anonymous_14)
FN:289,(anonymous_15)
FN:442,(anonymous_16)
FN:446,(anonymous_17)
FN:450,(anonymous_18)
FN:463,(anonymous_19)
FNF:18
FNH:17
FNDA:102,(anonymous_2)
FNDA:2,(anonymous_3)
FNDA:2,(anonymous_4)
FNDA:36,(anonymous_5)
FNDA:42,(anonymous_6)
FNDA:2,(anonymous_7)
FNDA:34,(anonymous_8)
FNDA:22,(anonymous_9)
FNDA:24,(anonymous_10)
FNDA:2,(anonymous_11)
FNDA:20,(anonymous_12)
FNDA:57,(anonymous_13)
FNDA:42,(anonymous_14)
FNDA:24,(anonymous_15)
FNDA:0,(anonymous_16)
FNDA:66,(anonymous_17)
FNDA:96,(anonymous_18)
FNDA:58,(anonymous_19)
DA:1,1
DA:2,1
DA:3,1
DA:4,1
DA:5,1
DA:20,1
DA:21,1
DA:22,1
DA:23,1
DA:24,1
DA:25,1
DA:28,1
DA:30,102
DA:31,102
DA:32,102
DA:33,102
DA:34,102
DA:35,102
DA:39,2
DA:40,2
DA:41,2
DA:52,36
DA:56,42
DA:57,36
DA:58,36
DA:59,36
DA:60,36
DA:62,36
DA:66,36
DA:68,36
DA:69,4
DA:70,8
DA:71,8
DA:72,8
DA:80,8
DA:83,8
DA:87,2
DA:88,2
DA:93,32
DA:95,34
DA:96,34
DA:104,27
DA:107,25
DA:110,29
DA:116,22
DA:120,24
DA:121,22
DA:122,22
DA:123,22
DA:124,22
DA:126,22
DA:130,22
DA:132,22
DA:133,2
DA:134,4
DA:135,4
DA:136,4
DA:144,4
DA:147,4
DA:151,2
DA:152,2
DA:157,20
DA:159,20
DA:160,20
DA:168,9
DA:171,9
DA:174,11
DA:182,57
DA:203,42
DA:204,42
DA:205,3
DA:208,39
DA:212,39
DA:213,39
DA:214,39
DA:215,39
DA:221,39
DA:224,39
DA:228,39
DA:230,39
DA:232,39
DA:239,37
DA:241,2
DA:248,37
DA:249,2
DA:254,35
DA:262,35
DA:263,35
DA:264,35
DA:265,35
DA:266,35
DA:279,35
DA:302,24
DA:303,24
DA:304,0
DA:307,24
DA:311,24
DA:312,24
DA:314,24
DA:315,20
DA:320,20
DA:321,20
DA:322,20
DA:328,2
DA:337,18
DA:341,1
DA:348,17
DA:355,17
DA:357,2
DA:358,2
DA:361,15
DA:362,15
DA:363,1
DA:367,18
DA:370,18
DA:371,18
DA:372,18
DA:373,18
DA:379,18
DA:382,18
DA:384,18
DA:386,18
DA:394,2
DA:401,16
DA:402,2
DA:407,14
DA:414,13
DA:415,13
DA:416,13
DA:417,13
DA:418,13
DA:431,13
DA:443,0
DA:447,66
DA:454,96
DA:455,6
DA:457,90
DA:458,78
DA:460,12
DA:467,58
DA:468,58
DA:469,2
DA:471,56
DA:472,0
DA:474,56
DA:475,4
DA:477,52
DA:478,52
DA:480,0
LF:149
LH:145
BRDA:68,0,0,4
BRDA:68,0,1,32
BRDA:83,1,0,2
BRDA:83,1,1,6
BRDA:84,2,0,8
BRDA:84,2,1,4
BRDA:132,3,0,2
BRDA:132,3,1,20
BRDA:147,4,0,2
BRDA:147,4,1,2
BRDA:148,5,0,4
BRDA:148,5,1,2
BRDA:204,6,0,3
BRDA:204,6,1,39
BRDA:224,7,0,13
BRDA:224,7,1,26
BRDA:243,8,0,2
BRDA:243,8,1,0
BRDA:248,9,0,2
BRDA:248,9,1,35
BRDA:248,10,0,37
BRDA:248,10,1,35
BRDA:262,11,0,35
BRDA:262,11,1,0
BRDA:270,12,0,26
BRDA:270,12,1,9
BRDA:303,13,0,0
BRDA:303,13,1,24
BRDA:307,14,0,1
BRDA:307,14,1,23
BRDA:312,15,0,24
BRDA:312,15,1,20
BRDA:314,16,0,20
BRDA:314,16,1,4
BRDA:314,17,0,24
BRDA:314,17,1,20
BRDA:332,18,0,2
BRDA:332,18,1,0
BRDA:337,19,0,1
BRDA:337,19,1,17
BRDA:338,20,0,18
BRDA:338,20,1,17
BRDA:355,21,0,2
BRDA:355,21,1,15
BRDA:357,22,0,2
BRDA:357,22,1,0
BRDA:362,23,0,1
BRDA:362,23,1,14
BRDA:367,24,0,4
BRDA:367,24,1,14
BRDA:388,25,0,18
BRDA:388,25,1,0
BRDA:396,26,0,2
BRDA:396,26,1,0
BRDA:401,27,0,2
BRDA:401,27,1,14
BRDA:401,28,0,16
BRDA:401,28,1,14
BRDA:414,29,0,13
BRDA:414,29,1,0
BRDA:422,30,0,13
BRDA:422,30,1,0
BRDA:454,31,0,6
BRDA:454,31,1,90
BRDA:457,32,0,78
BRDA:457,32,1,12
BRDA:468,33,0,2
BRDA:468,33,1,56
BRDA:471,34,0,0
BRDA:471,34,1,56
BRDA:474,35,0,4
BRDA:474,35,1,52
BRDA:477,36,0,52
BRDA:477,36,1,0
BRF:74
BRH:63
end_of_record
TN:
SF:src/core/mcp/contracts/index.ts
FNF:0
FNH:0
DA:5,0
DA:6,0
DA:7,0
DA:8,0
DA:9,0
LF:5
LH:0
BRF:0
BRH:0
end_of_record
TN:
SF:src/core/prompt/index.ts
FNF:0
FNH:0
DA:5,1
LF:1
LH:1
BRF:0
BRH:0
end_of_record
TN:
SF:src/core/prompt/prompt-builder.service.ts
FN:5,(anonymous_1)
FN:17,(anonymous_2)
FN:34,(anonymous_3)
FN:51,(anonymous_4)
FNF:4
FNH:4
FNDA:102,(anonymous_1)
FNDA:39,(anonymous_2)
FNDA:14,(anonymous_3)
FNDA:4,(anonymous_4)
DA:1,1
DA:5,1
DA:6,102
DA:21,39
DA:38,14
DA:52,4
LF:6
LH:6
BRF:0
BRH:0
end_of_record
TN:
SF:src/core/roles/index.ts
FNF:0
FNH:0
DA:5,1
DA:6,1
LF:2
LH:2
BRF:0
BRH:0
end_of_record
TN:
SF:src/core/roles/role-repository.service.ts
FN:12,(anonymous_3)
FN:14,(anonymous_4)
FN:21,(anonymous_5)
FN:28,(anonymous_6)
FN:36,(anonymous_7)
FNF:5
FNH:5
FNDA:102,(anonymous_3)
FNDA:2,(anonymous_4)
FNDA:66,(anonymous_5)
FNDA:61,(anonymous_6)
FNDA:61,(anonymous_7)
DA:1,1
DA:2,1
DA:3,1
DA:4,1
DA:6,1
DA:9,1
DA:10,102
DA:12,102
DA:15,2
DA:16,2
DA:18,2
DA:22,66
DA:23,59
DA:25,66
DA:29,61
DA:30,61
DA:31,61
DA:33,61
DA:34,61
DA:35,61
DA:36,61
DA:39,61
DA:40,61
DA:41,61
DA:42,61
DA:43,61
DA:45,61
DA:52,61
DA:56,0
DA:57,0
DA:62,61
LF:31
LH:29
BRDA:15,0,0,2
BRDA:15,0,1,0
BRDA:22,1,0,59
BRDA:22,1,1,7
BRDA:25,2,0,66
BRDA:25,2,1,3
BRDA:47,3,0,61
BRDA:47,3,1,0
BRDA:48,4,0,61
BRDA:48,4,1,0
BRDA:56,5,0,0
BRDA:56,5,1,0
BRF:12
BRH:7
end_of_record
TN:
SF:src/core/telemetry/squad-telemetry.service.ts
FN:11,(anonymous_13)
FN:20,(anonymous_14)
FN:54,(anonymous_15)
FN:69,(anonymous_16)
FN:88,(anonymous_17)
FN:99,(anonymous_18)
FNF:6
FNH:6
FNDA:102,(anonymous_13)
FNDA:58,(anonymous_14)
FNDA:58,(anonymous_15)
FNDA:57,(anonymous_16)
FNDA:48,(anonymous_17)
FNDA:106,(anonymous_18)
DA:1,1
DA:2,1
DA:3,1
DA:4,1
DA:5,1
DA:6,1
DA:7,1
DA:10,1
DA:13,102
DA:15,102
DA:17,102
DA:25,58
DA:27,58
DA:28,58
DA:32,58
DA:33,57
DA:41,1
DA:42,1
DA:43,0
DA:45,1
DA:46,0
DA:50,58
DA:51,58
DA:58,58
DA:64,58
DA:65,58
DA:66,58
DA:75,57
DA:84,57
DA:85,57
DA:95,48
DA:96,48
DA:100,106
LF:33
LH:31
BRDA:25,0,0,58
BRDA:25,0,1,58
BRDA:25,0,2,58
BRDA:32,1,0,57
BRDA:32,1,1,1
BRDA:36,2,0,57
BRDA:36,2,1,57
BRDA:42,3,0,0
BRDA:42,3,1,1
BRDA:42,4,0,1
BRDA:42,4,1,0
BRDA:45,5,0,0
BRDA:45,5,1,1
BRDA:45,6,0,1
BRDA:45,6,1,0
BRF:15
BRH:11
end_of_record
TN:
SF:src/nest/index.ts
FNF:0
FNH:0
DA:5,0
DA:6,0
DA:7,0
DA:8,0
DA:9,0
LF:5
LH:0
BRF:0
BRH:0
end_of_record
TN:
SF:src/nest/entities/agent.entity.ts
FN:17,(anonymous_2)
FNF:1
FNH:1
FNDA:102,(anonymous_2)
DA:1,1
DA:8,1
DA:13,1
DA:15,1
DA:17,102
DA:19,1
DA:22,1
DA:25,1
DA:28,1
DA:31,1
DA:34,1
DA:37,1
DA:40,1
DA:43,1
DA:46,1
LF:15
LH:15
BRF:0
BRH:0
end_of_record
TN:
SF:src/nest/entities/session.entity.ts
FNF:0
FNH:0
DA:1,1
DA:4,1
DA:6,1
DA:9,1
DA:12,1
DA:15,1
DA:18,1
LF:7
LH:7
BRF:0
BRH:0
end_of_record
TN:
SF:src/nest/entities/squad.entity.ts
FN:15,(anonymous_2)
FNF:1
FNH:1
FNDA:102,(anonymous_2)
DA:1,1
DA:8,1
DA:11,1
DA:13,1
DA:15,102
DA:17,1
DA:20,1
DA:23,1
DA:26,1
LF:9
LH:9
BRF:0
BRH:0
end_of_record
TN:
SF:src/shared/squad-db-path.ts
FN:5,resolveSquadDbPath
FNF:1
FNH:1
FNDA:102,resolveSquadDbPath
DA:1,1
DA:2,1
DA:3,1
DA:5,1
DA:6,102
DA:7,102
DA:8,102
DA:9,102
DA:11,102
DA:12,102
DA:13,102
DA:14,0
DA:20,102
LF:13
LH:12
BRDA:9,0,0,102
BRDA:9,0,1,0
BRDA:13,1,0,0
BRDA:13,1,1,102
BRF:4
BRH:2
end_of_record
