{"total": {"lines":{"total":464,"covered":404,"skipped":0,"pct":87.06},"statements":{"total":491,"covered":431,"skipped":0,"pct":87.78},"functions":{"total":71,"covered":57,"skipped":0,"pct":80.28},"branches":{"total":240,"covered":188,"skipped":0,"pct":78.33},"branchesTrue":{"total":0,"covered":0,"skipped":0,"pct":100}}
,"/home/runner/work/gs-squad-mcp/gs-squad-mcp/src/cli/main-stdio.ts": {"lines":{"total":33,"covered":0,"skipped":0,"pct":0},"functions":{"total":8,"covered":0,"skipped":0,"pct":0},"statements":{"total":33,"covered":0,"skipped":0,"pct":0},"branches":{"total":16,"covered":0,"skipped":0,"pct":0}}
,"/home/runner/work/gs-squad-mcp/gs-squad-mcp/src/cli/mcp-cli.command.ts": {"lines":{"total":64,"covered":61,"skipped":0,"pct":95.31},"functions":{"total":11,"covered":11,"skipped":0,"pct":100},"statements":{"total":66,"covered":63,"skipped":0,"pct":95.45},"branches":{"total":24,"covered":20,"skipped":0,"pct":83.33}}
,"/home/runner/work/gs-squad-mcp/gs-squad-mcp/src/core/config/squad-config.service.ts": {"lines":{"total":36,"covered":36,"skipped":0,"pct":100},"functions":{"total":4,"covered":4,"skipped":0,"pct":100},"statements":{"total":39,"covered":39,"skipped":0,"pct":100},"branches":{"total":56,"covered":54,"skipped":0,"pct":96.42}}
,"/home/runner/work/gs-squad-mcp/gs-squad-mcp/src/core/engine/process-runner.service.ts": {"lines":{"total":34,"covered":34,"skipped":0,"pct":100},"functions":{"total":8,"covered":8,"skipped":0,"pct":100},"statements":{"total":36,"covered":36,"skipped":0,"pct":100},"branches":{"total":14,"covered":13,"skipped":0,"pct":92.85}}
,"/home/runner/work/gs-squad-mcp/gs-squad-mcp/src/core/engine/template-renderer.service.ts": {"lines":{"total":34,"covered":33,"skipped":0,"pct":97.05},"functions":{"total":4,"covered":4,"skipped":0,"pct":100},"statements":{"total":36,"covered":35,"skipped":0,"pct":97.22},"branches":{"total":25,"covered":20,"skipped":0,"pct":80}}
,"/home/runner/work/gs-squad-mcp/gs-squad-mcp/src/core/mcp/squad.service.ts": {"lines":{"total":149,"covered":148,"skipped":0,"pct":99.32},"functions":{"total":18,"covered":17,"skipped":0,"pct":94.44},"statements":{"total":155,"covered":154,"skipped":0,"pct":99.35},"branches":{"total":74,"covered":66,"skipped":0,"pct":89.18}}
,"/home/runner/work/gs-squad-mcp/gs-squad-mcp/src/core/prompt/prompt-builder.service.ts": {"lines":{"total":6,"covered":6,"skipped":0,"pct":100},"functions":{"total":4,"covered":4,"skipped":0,"pct":100},"statements":{"total":8,"covered":8,"skipped":0,"pct":100},"branches":{"total":0,"covered":0,"skipped":0,"pct":100}}
,"/home/runner/work/gs-squad-mcp/gs-squad-mcp/src/core/roles/role-repository.service.ts": {"lines":{"total":31,"covered":31,"skipped":0,"pct":100},"functions":{"total":5,"covered":5,"skipped":0,"pct":100},"statements":{"total":33,"covered":33,"skipped":0,"pct":100},"branches":{"total":12,"covered":11,"skipped":0,"pct":91.66}}
,"/home/runner/work/gs-squad-mcp/gs-squad-mcp/src/core/telemetry/squad-telemetry.service.ts": {"lines":{"total":33,"covered":11,"skipped":0,"pct":33.33},"functions":{"total":6,"covered":1,"skipped":0,"pct":16.66},"statements":{"total":35,"covered":13,"skipped":0,"pct":37.14},"branches":{"total":15,"covered":0,"skipped":0,"pct":0}}
,"/home/runner/work/gs-squad-mcp/gs-squad-mcp/src/nest/entities/agent.entity.ts": {"lines":{"total":15,"covered":15,"skipped":0,"pct":100},"functions":{"total":1,"covered":1,"skipped":0,"pct":100},"statements":{"total":17,"covered":17,"skipped":0,"pct":100},"branches":{"total":0,"covered":0,"skipped":0,"pct":100}}
,"/home/runner/work/gs-squad-mcp/gs-squad-mcp/src/nest/entities/session.entity.ts": {"lines":{"total":7,"covered":7,"skipped":0,"pct":100},"functions":{"total":0,"covered":0,"skipped":0,"pct":100},"statements":{"total":9,"covered":9,"skipped":0,"pct":100},"branches":{"total":0,"covered":0,"skipped":0,"pct":100}}
,"/home/runner/work/gs-squad-mcp/gs-squad-mcp/src/nest/entities/squad.entity.ts": {"lines":{"total":9,"covered":9,"skipped":0,"pct":100},"functions":{"total":1,"covered":1,"skipped":0,"pct":100},"statements":{"total":11,"covered":11,"skipped":0,"pct":100},"branches":{"total":0,"covered":0,"skipped":0,"pct":100}}
,"/home/runner/work/gs-squad-mcp/gs-squad-mcp/src/shared/squad-db-path.ts": {"lines":{"total":13,"covered":13,"skipped":0,"pct":100},"functions":{"total":1,"covered":1,"skipped":0,"pct":100},"statements":{"total":13,"covered":13,"skipped":0,"pct":100},"branches":{"total":4,"covered":4,"skipped":0,"pct":100}}
}
