{"/home/runner/work/gs-squad-mcp/gs-squad-mcp/src/cli/index.ts":{"path":"/home/runner/work/gs-squad-mcp/gs-squad-mcp/src/cli/index.ts","statementMap":{"0":{"start":{"line":5,"column":0},"end":{"line":5,"column":29}},"1":{"start":{"line":6,"column":0},"end":{"line":6,"column":34}}},"fnMap":{},"branchMap":{},"s":{"0":1,"1":1},"f":{},"b":{}},"/home/runner/work/gs-squad-mcp/gs-squad-mcp/src/cli/main-stdio.ts":{"path":"/home/runner/work/gs-squad-mcp/gs-squad-mcp/src/cli/main-stdio.ts","statementMap":{"0":{"start":{"line":3,"column":0},"end":{"line":3,"column":26}},"1":{"start":{"line":4,"column":0},"end":{"line":4,"column":43}},"2":{"start":{"line":6,"column":0},"end":{"line":6,"column":47}},"3":{"start":{"line":7,"column":0},"end":{"line":7,"column":50}},"4":{"start":{"line":8,"column":0},"end":{"line":8,"column":38}},"5":{"start":{"line":9,"column":0},"end":{"line":9,"column":29}},"6":{"start":{"line":18,"column":4},"end":{"line":18,"column":47}},"7":{"start":{"line":22,"column":4},"end":{"line":22,"column":49}},"8":{"start":{"line":23,"column":4},"end":{"line":25,"column":5}},"9":{"start":{"line":24,"column":6},"end":{"line":24,"column":49}},"10":{"start":{"line":29,"column":4},"end":{"line":29,"column":48}},"11":{"start":{"line":33,"column":4},"end":{"line":33,"column":49}},"12":{"start":{"line":37,"column":4},"end":{"line":37,"column":51}},"13":{"start":{"line":42,"column":14},"end":{"line":44,"column":4}},"14":{"start":{"line":49,"column":15},"end":{"line":49,"column":36}},"15":{"start":{"line":51,"column":4},"end":{"line":51,"column":62}},"16":{"start":{"line":52,"column":2},"end":{"line":70,"column":3}},"17":{"start":{"line":53,"column":24},"end":{"line":53,"column":57}},"18":{"start":{"line":54,"column":27},"end":{"line":56,"column":null}},"19":{"start":{"line":58,"column":18},"end":{"line":61,"column":6}},"20":{"start":{"line":62,"column":4},"end":{"line":68,"column":7}},"21":{"start":{"line":63,"column":6},"end":{"line":67,"column":7}},"22":{"start":{"line":64,"column":8},"end":{"line":64,"column":26}},"23":{"start":{"line":66,"column":8},"end":{"line":66,"column":32}},"24":{"start":{"line":69,"column":4},"end":{"line":69,"column":11}},"25":{"start":{"line":72,"column":21},"end":{"line":72,"column":43}},"26":{"start":{"line":73,"column":2},"end":{"line":73,"column":25}},"27":{"start":{"line":77,"column":0},"end":{"line":89,"column":1}},"28":{"start":{"line":78,"column":2},"end":{"line":88,"column":5}},"29":{"start":{"line":79,"column":4},"end":{"line":83,"column":6}},"30":{"start":{"line":84,"column":4},"end":{"line":86,"column":5}},"31":{"start":{"line":85,"column":6},"end":{"line":85,"column":55}},"32":{"start":{"line":87,"column":4},"end":{"line":87,"column":20}}},"fnMap":{"0":{"name":"(anonymous_9)","decl":{"start":{"line":17,"column":2},"end":{"line":17,"column":5}},"loc":{"start":{"line":17,"column":21},"end":{"line":19,"column":3}}},"1":{"name":"(anonymous_10)","decl":{"start":{"line":21,"column":2},"end":{"line":21,"column":7}},"loc":{"start":{"line":21,"column":39},"end":{"line":26,"column":3}}},"2":{"name":"(anonymous_11)","decl":{"start":{"line":28,"column":2},"end":{"line":28,"column":6}},"loc":{"start":{"line":28,"column":22},"end":{"line":30,"column":3}}},"3":{"name":"(anonymous_12)","decl":{"start":{"line":32,"column":2},"end":{"line":32,"column":7}},"loc":{"start":{"line":32,"column":23},"end":{"line":34,"column":3}}},"4":{"name":"(anonymous_13)","decl":{"start":{"line":36,"column":2},"end":{"line":36,"column":9}},"loc":{"start":{"line":36,"column":25},"end":{"line":38,"column":3}}},"5":{"name":"bootstrap","decl":{"start":{"line":41,"column":15},"end":{"line":41,"column":24}},"loc":{"start":{"line":41,"column":24},"end":{"line":74,"column":1}}},"6":{"name":"(anonymous_15)","decl":{"start":{"line":62,"column":21},"end":{"line":62,"column":26}},"loc":{"start":{"line":62,"column":36},"end":{"line":68,"column":5}}},"7":{"name":"(anonymous_16)","decl":{"start":{"line":78,"column":20},"end":{"line":78,"column":21}},"loc":{"start":{"line":78,"column":30},"end":{"line":88,"column":3}}}},"branchMap":{"0":{"loc":{"start":{"line":23,"column":4},"end":{"line":25,"column":5}},"type":"if","locations":[{"start":{"line":23,"column":4},"end":{"line":25,"column":5}},{"start":{},"end":{}}]},"1":{"loc":{"start":{"line":51,"column":4},"end":{"line":51,"column":62}},"type":"binary-expr","locations":[{"start":{"line":51,"column":4},"end":{"line":51,"column":30}},{"start":{"line":51,"column":34},"end":{"line":51,"column":62}}]},"2":{"loc":{"start":{"line":52,"column":2},"end":{"line":70,"column":3}},"type":"if","locations":[{"start":{"line":52,"column":2},"end":{"line":70,"column":3}},{"start":{},"end":{}}]},"3":{"loc":{"start":{"line":66,"column":21},"end":{"line":66,"column":30}},"type":"binary-expr","locations":[{"start":{"line":66,"column":21},"end":{"line":66,"column":25}},{"start":{"line":66,"column":29},"end":{"line":66,"column":30}}]},"4":{"loc":{"start":{"line":77,"column":0},"end":{"line":89,"column":1}},"type":"if","locations":[{"start":{"line":77,"column":0},"end":{"line":89,"column":1}},{"start":{},"end":{}}]},"5":{"loc":{"start":{"line":81,"column":8},"end":{"line":81,"column":null}},"type":"cond-expr","locations":[{"start":{"line":81,"column":33},"end":{"line":81,"column":46}},{"start":{"line":81,"column":49},"end":{"line":81,"column":null}}]},"6":{"loc":{"start":{"line":84,"column":4},"end":{"line":86,"column":5}},"type":"if","locations":[{"start":{"line":84,"column":4},"end":{"line":86,"column":5}},{"start":{},"end":{}}]},"7":{"loc":{"start":{"line":84,"column":8},"end":{"line":84,"column":45}},"type":"binary-expr","locations":[{"start":{"line":84,"column":8},"end":{"line":84,"column":30}},{"start":{"line":84,"column":34},"end":{"line":84,"column":45}}]}},"s":{"0":1,"1":1,"2":1,"3":1,"4":1,"5":1,"6":0,"7":0,"8":0,"9":0,"10":0,"11":0,"12":0,"13":0,"14":0,"15":0,"16":0,"17":0,"18":0,"19":0,"20":0,"21":0,"22":0,"23":0,"24":0,"25":0,"26":0,"27":1,"28":0,"29":0,"30":0,"31":0,"32":0},"f":{"0":0,"1":0,"2":0,"3":0,"4":0,"5":0,"6":0,"7":0},"b":{"0":[0,0],"1":[0,0],"2":[0,0],"3":[0,0],"4":[0,1],"5":[0,0],"6":[0,0],"7":[0,0]}},"/home/runner/work/gs-squad-mcp/gs-squad-mcp/src/cli/mcp-cli.command.ts":{"path":"/home/runner/work/gs-squad-mcp/gs-squad-mcp/src/cli/mcp-cli.command.ts","statementMap":{"0":{"start":{"line":1,"column":0},"end":{"line":1,"column":64}},"1":{"start":{"line":2,"column":0},"end":{"line":2,"column":43}},"2":{"start":{"line":3,"column":0},"end":{"line":3,"column":52}},"3":{"start":{"line":4,"column":0},"end":{"line":4,"column":37}},"4":{"start":{"line":26,"column":7},"end":{"line":298,"column":null}},"5":{"start":{"line":31,"column":4},"end":{"line":31,"column":12}},"6":{"start":{"line":28,"column":21},"end":{"line":28,"column":35}},"7":{"start":{"line":29,"column":21},"end":{"line":29,"column":36}},"8":{"start":{"line":41,"column":4},"end":{"line":41,"column":17}},"9":{"start":{"line":51,"column":4},"end":{"line":51,"column":17}},"10":{"start":{"line":61,"column":4},"end":{"line":61,"column":16}},"11":{"start":{"line":69,"column":4},"end":{"line":69,"column":17}},"12":{"start":{"line":78,"column":15},"end":{"line":82,"column":6}},"13":{"start":{"line":84,"column":4},"end":{"line":113,"column":7}},"14":{"start":{"line":85,"column":6},"end":{"line":112,"column":7}},"15":{"start":{"line":86,"column":37},"end":{"line":86,"column":53}},"16":{"start":{"line":87,"column":25},"end":{"line":87,"column":58}},"17":{"start":{"line":89,"column":8},"end":{"line":91,"column":9}},"18":{"start":{"line":90,"column":10},"end":{"line":90,"column":38}},"19":{"start":{"line":93,"column":44},"end":{"line":101,"column":10}},"20":{"start":{"line":103,"column":8},"end":{"line":111,"column":9}},"21":{"start":{"line":104,"column":39},"end":{"line":104,"column":55}},"22":{"start":{"line":105,"column":10},"end":{"line":108,"column":11}},"23":{"start":{"line":106,"column":12},"end":{"line":106,"column":42}},"24":{"start":{"line":107,"column":12},"end":{"line":107,"column":45}},"25":{"start":{"line":115,"column":4},"end":{"line":117,"column":7}},"26":{"start":{"line":116,"column":6},"end":{"line":116,"column":22}},"27":{"start":{"line":120,"column":4},"end":{"line":120,"column":32}},"28":{"start":{"line":126,"column":40},"end":{"line":126,"column":47}},"29":{"start":{"line":128,"column":4},"end":{"line":291,"column":5}},"30":{"start":{"line":131,"column":6},"end":{"line":278,"column":7}},"31":{"start":{"line":134,"column":10},"end":{"line":143,"column":12}},"32":{"start":{"line":144,"column":10},"end":{"line":144,"column":16}},"33":{"start":{"line":148,"column":10},"end":{"line":185,"column":12}},"34":{"start":{"line":186,"column":10},"end":{"line":186,"column":16}},"35":{"start":{"line":190,"column":28},"end":{"line":190,"column":61}},"36":{"start":{"line":192,"column":13},"end":{"line":193,"column":30}},"37":{"start":{"line":195,"column":10},"end":{"line":243,"column":11}},"38":{"start":{"line":197,"column":14},"end":{"line":204,"column":16}},"39":{"start":{"line":205,"column":14},"end":{"line":205,"column":20}},"40":{"start":{"line":208,"column":29},"end":{"line":208,"column":59}},"41":{"start":{"line":210,"column":14},"end":{"line":222,"column":15}},"42":{"start":{"line":211,"column":16},"end":{"line":215,"column":18}},"43":{"start":{"line":217,"column":16},"end":{"line":221,"column":18}},"44":{"start":{"line":223,"column":14},"end":{"line":230,"column":16}},"45":{"start":{"line":231,"column":14},"end":{"line":231,"column":20}},"46":{"start":{"line":235,"column":14},"end":{"line":242,"column":16}},"47":{"start":{"line":244,"column":10},"end":{"line":244,"column":16}},"48":{"start":{"line":248,"column":10},"end":{"line":248,"column":55}},"49":{"start":{"line":249,"column":10},"end":{"line":249,"column":16}},"50":{"start":{"line":252,"column":25},"end":{"line":252,"column":55}},"51":{"start":{"line":253,"column":10},"end":{"line":265,"column":11}},"52":{"start":{"line":254,"column":12},"end":{"line":258,"column":14}},"53":{"start":{"line":260,"column":12},"end":{"line":264,"column":14}},"54":{"start":{"line":266,"column":10},"end":{"line":266,"column":16}},"55":{"start":{"line":270,"column":10},"end":{"line":277,"column":10}},"56":{"start":{"line":280,"column":6},"end":{"line":280,"column":44}},"57":{"start":{"line":282,"column":6},"end":{"line":290,"column":8}},"58":{"start":{"line":295,"column":17},"end":{"line":295,"column":41}},"59":{"start":{"line":296,"column":4},"end":{"line":296,"column":38}},"60":{"start":{"line":26,"column":13},"end":{"line":26,"column":26}},"61":{"start":{"line":40,"column":2},"end":{"line":42,"column":null}},"62":{"start":{"line":50,"column":2},"end":{"line":52,"column":null}},"63":{"start":{"line":60,"column":2},"end":{"line":62,"column":null}},"64":{"start":{"line":68,"column":2},"end":{"line":70,"column":null}},"65":{"start":{"line":26,"column":13},"end":{"line":298,"column":null}}},"fnMap":{"0":{"name":"(anonymous_11)","decl":{"start":{"line":27,"column":2},"end":{"line":27,"column":null}},"loc":{"start":{"line":29,"column":54},"end":{"line":32,"column":3}}},"1":{"name":"(anonymous_12)","decl":{"start":{"line":40,"column":2},"end":{"line":40,"column":13}},"loc":{"start":{"line":40,"column":27},"end":{"line":42,"column":3}}},"2":{"name":"(anonymous_13)","decl":{"start":{"line":50,"column":2},"end":{"line":50,"column":20}},"loc":{"start":{"line":50,"column":34},"end":{"line":52,"column":3}}},"3":{"name":"(anonymous_14)","decl":{"start":{"line":60,"column":2},"end":{"line":60,"column":17}},"loc":{"start":{"line":60,"column":17},"end":{"line":62,"column":3}}},"4":{"name":"(anonymous_15)","decl":{"start":{"line":68,"column":2},"end":{"line":68,"column":16}},"loc":{"start":{"line":68,"column":30},"end":{"line":70,"column":3}}},"5":{"name":"(anonymous_16)","decl":{"start":{"line":72,"column":2},"end":{"line":72,"column":7}},"loc":{"start":{"line":74,"column":38},"end":{"line":121,"column":3}}},"6":{"name":"(anonymous_17)","decl":{"start":{"line":84,"column":18},"end":{"line":84,"column":23}},"loc":{"start":{"line":84,"column":41},"end":{"line":113,"column":5}}},"7":{"name":"(anonymous_18)","decl":{"start":{"line":115,"column":19},"end":{"line":115,"column":22}},"loc":{"start":{"line":115,"column":24},"end":{"line":117,"column":5}}},"8":{"name":"(anonymous_19)","decl":{"start":{"line":120,"column":22},"end":{"line":120,"column":25}},"loc":{"start":{"line":120,"column":27},"end":{"line":120,"column":30}}},"9":{"name":"(anonymous_20)","decl":{"start":{"line":123,"column":10},"end":{"line":123,"column":15}},"loc":{"start":{"line":124,"column":24},"end":{"line":292,"column":3}}},"10":{"name":"(anonymous_21)","decl":{"start":{"line":294,"column":10},"end":{"line":294,"column":22}},"loc":{"start":{"line":294,"column":45},"end":{"line":297,"column":3}}}},"branchMap":{"0":{"loc":{"start":{"line":89,"column":8},"end":{"line":91,"column":9}},"type":"if","locations":[{"start":{"line":89,"column":8},"end":{"line":91,"column":9}},{"start":{},"end":{}}]},"1":{"loc":{"start":{"line":98,"column":14},"end":{"line":98,"column":68}},"type":"cond-expr","locations":[{"start":{"line":98,"column":39},"end":{"line":98,"column":52}},{"start":{"line":98,"column":55},"end":{"line":98,"column":68}}]},"2":{"loc":{"start":{"line":105,"column":10},"end":{"line":108,"column":11}},"type":"if","locations":[{"start":{"line":105,"column":10},"end":{"line":108,"column":11}},{"start":{},"end":{}}]},"3":{"loc":{"start":{"line":126,"column":20},"end":{"line":126,"column":31}},"type":"default-arg","locations":[{"start":{"line":126,"column":29},"end":{"line":126,"column":31}}]},"4":{"loc":{"start":{"line":131,"column":6},"end":{"line":278,"column":7}},"type":"switch","locations":[{"start":{"line":132,"column":8},"end":{"line":144,"column":16}},{"start":{"line":146,"column":8},"end":{"line":186,"column":16}},{"start":{"line":188,"column":8},"end":{"line":245,"column":9}},{"start":{"line":247,"column":8},"end":{"line":249,"column":16}},{"start":{"line":251,"column":8},"end":{"line":267,"column":9}},{"start":{"line":269,"column":8},"end":{"line":277,"column":10}}]},"5":{"loc":{"start":{"line":192,"column":13},"end":{"line":193,"column":30}},"type":"binary-expr","locations":[{"start":{"line":192,"column":13},"end":{"line":193,"column":24}},{"start":{"line":193,"column":28},"end":{"line":193,"column":30}}]},"6":{"loc":{"start":{"line":195,"column":10},"end":{"line":243,"column":11}},"type":"switch","locations":[{"start":{"line":196,"column":12},"end":{"line":205,"column":20}},{"start":{"line":207,"column":12},"end":{"line":232,"column":13}},{"start":{"line":234,"column":12},"end":{"line":242,"column":16}}]},"7":{"loc":{"start":{"line":210,"column":14},"end":{"line":222,"column":15}},"type":"if","locations":[{"start":{"line":210,"column":14},"end":{"line":222,"column":15}},{"start":{"line":216,"column":21},"end":{"line":222,"column":15}}]},"8":{"loc":{"start":{"line":253,"column":10},"end":{"line":265,"column":11}},"type":"if","locations":[{"start":{"line":253,"column":10},"end":{"line":265,"column":11}},{"start":{"line":259,"column":17},"end":{"line":265,"column":11}}]},"9":{"loc":{"start":{"line":287,"column":12},"end":{"line":287,"column":69}},"type":"cond-expr","locations":[{"start":{"line":287,"column":37},"end":{"line":287,"column":50}},{"start":{"line":287,"column":53},"end":{"line":287,"column":69}}]}},"s":{"0":2,"1":2,"2":2,"3":2,"4":2,"5":129,"6":129,"7":129,"8":1,"9":1,"10":1,"11":1,"12":19,"13":19,"14":15,"15":15,"16":12,"17":12,"18":10,"19":3,"20":3,"21":3,"22":1,"23":1,"24":1,"25":19,"26":12,"27":19,"28":25,"29":25,"30":25,"31":5,"32":5,"33":2,"34":2,"35":8,"36":8,"37":8,"38":2,"39":2,"40":4,"41":4,"42":2,"43":2,"44":4,"45":4,"46":2,"47":6,"48":4,"49":2,"50":4,"51":4,"52":3,"53":1,"54":3,"55":2,"56":18,"57":3,"58":13,"59":13,"60":2,"61":2,"62":2,"63":2,"64":2,"65":2},"f":{"0":129,"1":1,"2":1,"3":1,"4":1,"5":19,"6":15,"7":12,"8":19,"9":25,"10":13},"b":{"0":[10,2],"1":[3,0],"2":[1,0],"3":[13],"4":[5,2,8,4,4,2],"5":[8,0],"6":[2,4,2],"7":[2,2],"8":[3,1],"9":[2,1]}},"/home/runner/work/gs-squad-mcp/gs-squad-mcp/src/core/config/index.ts":{"path":"/home/runner/work/gs-squad-mcp/gs-squad-mcp/src/core/config/index.ts","statementMap":{"0":{"start":{"line":5,"column":0},"end":{"line":5,"column":41}},"1":{"start":{"line":6,"column":0},"end":{"line":6,"column":39}}},"fnMap":{},"branchMap":{},"s":{"0":1,"1":1},"f":{},"b":{}},"/home/runner/work/gs-squad-mcp/gs-squad-mcp/src/core/config/squad-config.service.ts":{"path":"/home/runner/work/gs-squad-mcp/gs-squad-mcp/src/core/config/squad-config.service.ts","statementMap":{"0":{"start":{"line":1,"column":0},"end":{"line":1,"column":44}},"1":{"start":{"line":5,"column":7},"end":{"line":139,"column":null}},"2":{"start":{"line":9,"column":24},"end":{"line":21,"column":5}},"3":{"start":{"line":10,"column":19},"end":{"line":10,"column":37}},"4":{"start":{"line":11,"column":6},"end":{"line":19,"column":7}},"5":{"start":{"line":11,"column":19},"end":{"line":11,"column":20}},"6":{"start":{"line":12,"column":20},"end":{"line":12,"column":27}},"7":{"start":{"line":13,"column":8},"end":{"line":15,"column":9}},"8":{"start":{"line":14,"column":10},"end":{"line":14,"column":48}},"9":{"start":{"line":16,"column":8},"end":{"line":18,"column":9}},"10":{"start":{"line":17,"column":10},"end":{"line":17,"column":29}},"11":{"start":{"line":20,"column":6},"end":{"line":20,"column":23}},"12":{"start":{"line":23,"column":20},"end":{"line":26,"column":5}},"13":{"start":{"line":24,"column":19},"end":{"line":24,"column":37}},"14":{"start":{"line":25,"column":6},"end":{"line":25,"column":44}},"15":{"start":{"line":29,"column":6},"end":{"line":29,"column":61}},"16":{"start":{"line":31,"column":6},"end":{"line":32,"column":20}},"17":{"start":{"line":33,"column":4},"end":{"line":38,"column":5}},"18":{"start":{"line":34,"column":6},"end":{"line":37,"column":8}},"19":{"start":{"line":41,"column":26},"end":{"line":41,"column":null}},"20":{"start":{"line":46,"column":22},"end":{"line":46,"column":null}},"21":{"start":{"line":51,"column":19},"end":{"line":51,"column":63}},"22":{"start":{"line":52,"column":4},"end":{"line":58,"column":5}},"23":{"start":{"line":53,"column":6},"end":{"line":57,"column":8}},"24":{"start":{"line":61,"column":24},"end":{"line":61,"column":null}},"25":{"start":{"line":65,"column":27},"end":{"line":65,"column":48}},"26":{"start":{"line":66,"column":24},"end":{"line":66,"column":null}},"27":{"start":{"line":71,"column":6},"end":{"line":73,"column":20}},"28":{"start":{"line":74,"column":4},"end":{"line":84,"column":5}},"29":{"start":{"line":79,"column":6},"end":{"line":83,"column":8}},"30":{"start":{"line":86,"column":31},"end":{"line":88,"column":null}},"31":{"start":{"line":91,"column":36},"end":{"line":91,"column":65}},"32":{"start":{"line":93,"column":6},"end":{"line":98,"column":43}},"33":{"start":{"line":101,"column":4},"end":{"line":106,"column":5}},"34":{"start":{"line":102,"column":6},"end":{"line":105,"column":8}},"35":{"start":{"line":108,"column":4},"end":{"line":131,"column":6}},"36":{"start":{"line":137,"column":4},"end":{"line":137,"column":30}},"37":{"start":{"line":5,"column":13},"end":{"line":5,"column":31}},"38":{"start":{"line":5,"column":13},"end":{"line":139,"column":null}}},"fnMap":{"0":{"name":"(anonymous_2)","decl":{"start":{"line":8,"column":2},"end":{"line":8,"column":null}},"loc":{"start":{"line":8,"column":2},"end":{"line":134,"column":3}}},"1":{"name":"(anonymous_3)","decl":{"start":{"line":9,"column":24},"end":{"line":9,"column":25}},"loc":{"start":{"line":9,"column":65},"end":{"line":21,"column":5}}},"2":{"name":"(anonymous_4)","decl":{"start":{"line":23,"column":20},"end":{"line":23,"column":21}},"loc":{"start":{"line":23,"column":50},"end":{"line":26,"column":5}}},"3":{"name":"(anonymous_5)","decl":{"start":{"line":136,"column":2},"end":{"line":136,"column":11}},"loc":{"start":{"line":136,"column":11},"end":{"line":138,"column":3}}}},"branchMap":{"0":{"loc":{"start":{"line":10,"column":19},"end":{"line":10,"column":37}},"type":"binary-expr","locations":[{"start":{"line":10,"column":19},"end":{"line":10,"column":31}},{"start":{"line":10,"column":35},"end":{"line":10,"column":37}}]},"1":{"loc":{"start":{"line":13,"column":8},"end":{"line":15,"column":9}},"type":"if","locations":[{"start":{"line":13,"column":8},"end":{"line":15,"column":9}},{"start":{},"end":{}}]},"2":{"loc":{"start":{"line":16,"column":8},"end":{"line":18,"column":9}},"type":"if","locations":[{"start":{"line":16,"column":8},"end":{"line":18,"column":9}},{"start":{},"end":{}}]},"3":{"loc":{"start":{"line":24,"column":19},"end":{"line":24,"column":37}},"type":"binary-expr","locations":[{"start":{"line":24,"column":19},"end":{"line":24,"column":31}},{"start":{"line":24,"column":35},"end":{"line":24,"column":37}}]},"4":{"loc":{"start":{"line":31,"column":6},"end":{"line":32,"column":20}},"type":"binary-expr","locations":[{"start":{"line":31,"column":7},"end":{"line":31,"column":19}},{"start":{"line":31,"column":24},"end":{"line":31,"column":65}},{"start":{"line":32,"column":9},"end":{"line":32,"column":20}}]},"5":{"loc":{"start":{"line":33,"column":4},"end":{"line":38,"column":5}},"type":"if","locations":[{"start":{"line":33,"column":4},"end":{"line":38,"column":5}},{"start":{},"end":{}}]},"6":{"loc":{"start":{"line":33,"column":8},"end":{"line":33,"column":61}},"type":"binary-expr","locations":[{"start":{"line":33,"column":8},"end":{"line":33,"column":33}},{"start":{"line":33,"column":37},"end":{"line":33,"column":61}}]},"7":{"loc":{"start":{"line":51,"column":19},"end":{"line":51,"column":63}},"type":"binary-expr","locations":[{"start":{"line":51,"column":19},"end":{"line":51,"column":32}},{"start":{"line":51,"column":36},"end":{"line":51,"column":45}},{"start":{"line":51,"column":49},"end":{"line":51,"column":63}}]},"8":{"loc":{"start":{"line":52,"column":4},"end":{"line":58,"column":5}},"type":"if","locations":[{"start":{"line":52,"column":4},"end":{"line":58,"column":5}},{"start":{},"end":{}}]},"9":{"loc":{"start":{"line":71,"column":6},"end":{"line":73,"column":20}},"type":"binary-expr","locations":[{"start":{"line":71,"column":6},"end":{"line":71,"column":17}},{"start":{"line":72,"column":10},"end":{"line":72,"column":51}},{"start":{"line":73,"column":9},"end":{"line":73,"column":20}}]},"10":{"loc":{"start":{"line":72,"column":10},"end":{"line":72,"column":51}},"type":"cond-expr","locations":[{"start":{"line":72,"column":27},"end":{"line":72,"column":39}},{"start":{"line":72,"column":42},"end":{"line":72,"column":51}}]},"11":{"loc":{"start":{"line":74,"column":4},"end":{"line":84,"column":5}},"type":"if","locations":[{"start":{"line":74,"column":4},"end":{"line":84,"column":5}},{"start":{},"end":{}}]},"12":{"loc":{"start":{"line":75,"column":6},"end":{"line":77,"column":34}},"type":"binary-expr","locations":[{"start":{"line":75,"column":6},"end":{"line":75,"column":19}},{"start":{"line":76,"column":6},"end":{"line":76,"column":36}},{"start":{"line":77,"column":6},"end":{"line":77,"column":34}}]},"13":{"loc":{"start":{"line":87,"column":6},"end":{"line":87,"column":46}},"type":"binary-expr","locations":[{"start":{"line":87,"column":6},"end":{"line":87,"column":37}},{"start":{"line":87,"column":41},"end":{"line":87,"column":46}}]},"14":{"loc":{"start":{"line":93,"column":6},"end":{"line":98,"column":43}},"type":"binary-expr","locations":[{"start":{"line":93,"column":6},"end":{"line":93,"column":29}},{"start":{"line":94,"column":10},"end":{"line":98,"column":42}}]},"15":{"loc":{"start":{"line":94,"column":10},"end":{"line":98,"column":42}},"type":"cond-expr","locations":[{"start":{"line":95,"column":10},"end":{"line":95,"column":47}},{"start":{"line":96,"column":10},"end":{"line":98,"column":42}}]},"16":{"loc":{"start":{"line":96,"column":10},"end":{"line":98,"column":42}},"type":"cond-expr","locations":[{"start":{"line":97,"column":12},"end":{"line":97,"column":43}},{"start":{"line":98,"column":12},"end":{"line":98,"column":42}}]},"17":{"loc":{"start":{"line":101,"column":4},"end":{"line":106,"column":5}},"type":"if","locations":[{"start":{"line":101,"column":4},"end":{"line":106,"column":5}},{"start":{},"end":{}}]},"18":{"loc":{"start":{"line":101,"column":8},"end":{"line":101,"column":49}},"type":"binary-expr","locations":[{"start":{"line":101,"column":8},"end":{"line":101,"column":31}},{"start":{"line":101,"column":35},"end":{"line":101,"column":49}}]},"19":{"loc":{"start":{"line":114,"column":8},"end":{"line":121,"column":22}},"type":"binary-expr","locations":[{"start":{"line":114,"column":8},"end":{"line":114,"column":45}},{"start":{"line":115,"column":12},"end":{"line":121,"column":21}}]},"20":{"loc":{"start":{"line":115,"column":12},"end":{"line":121,"column":21}},"type":"cond-expr","locations":[{"start":{"line":116,"column":13},"end":{"line":120,"column":56}},{"start":{"line":121,"column":12},"end":{"line":121,"column":21}}]},"21":{"loc":{"start":{"line":116,"column":13},"end":{"line":120,"column":56}},"type":"cond-expr","locations":[{"start":{"line":117,"column":16},"end":{"line":117,"column":61}},{"start":{"line":118,"column":16},"end":{"line":120,"column":56}}]},"22":{"loc":{"start":{"line":118,"column":16},"end":{"line":120,"column":56}},"type":"cond-expr","locations":[{"start":{"line":119,"column":18},"end":{"line":119,"column":57}},{"start":{"line":120,"column":18},"end":{"line":120,"column":56}}]},"23":{"loc":{"start":{"line":123,"column":8},"end":{"line":123,"column":53}},"type":"binary-expr","locations":[{"start":{"line":123,"column":8},"end":{"line":123,"column":41}},{"start":{"line":123,"column":45},"end":{"line":123,"column":53}}]},"24":{"loc":{"start":{"line":125,"column":8},"end":{"line":125,"column":50}},"type":"binary-expr","locations":[{"start":{"line":125,"column":8},"end":{"line":125,"column":38}},{"start":{"line":125,"column":42},"end":{"line":125,"column":50}}]},"25":{"loc":{"start":{"line":128,"column":25},"end":{"line":130,"column":41}},"type":"cond-expr","locations":[{"start":{"line":129,"column":10},"end":{"line":129,"column":14}},{"start":{"line":130,"column":10},"end":{"line":130,"column":41}}]}},"s":{"0":6,"1":6,"2":121,"3":359,"4":359,"5":359,"6":2389,"7":2389,"8":3,"9":2386,"10":4,"11":352,"12":121,"13":118,"14":118,"15":121,"16":121,"17":121,"18":1,"19":120,"20":120,"21":120,"22":120,"23":2,"24":118,"25":118,"26":118,"27":118,"28":118,"29":1,"30":117,"31":117,"32":117,"33":117,"34":1,"35":116,"36":134,"37":6,"38":6},"f":{"0":121,"1":359,"2":118,"3":134},"b":{"0":[359,0],"1":[3,2386],"2":[4,2382],"3":[118,0],"4":[121,119,13],"5":[1,120],"6":[121,27],"7":[120,117,114],"8":[2,118],"9":[118,116,115],"10":[1,115],"11":[1,117],"12":[118,106,100],"13":[117,12],"14":[117,13],"15":[10,3],"16":[2,1],"17":[1,116],"18":[117,104],"19":[116,95],"20":[5,90],"21":[2,3],"22":[2,1],"23":[116,13],"24":[116,13],"25":[1,115]}},"/home/runner/work/gs-squad-mcp/gs-squad-mcp/src/core/engine/index.ts":{"path":"/home/runner/work/gs-squad-mcp/gs-squad-mcp/src/core/engine/index.ts","statementMap":{"0":{"start":{"line":5,"column":0},"end":{"line":5,"column":41}},"1":{"start":{"line":6,"column":0},"end":{"line":6,"column":44}}},"fnMap":{},"branchMap":{},"s":{"0":1,"1":1},"f":{},"b":{}},"/home/runner/work/gs-squad-mcp/gs-squad-mcp/src/core/engine/process-runner.service.ts":{"path":"/home/runner/work/gs-squad-mcp/gs-squad-mcp/src/core/engine/process-runner.service.ts","statementMap":{"0":{"start":{"line":1,"column":0},"end":{"line":1,"column":44}},"1":{"start":{"line":2,"column":0},"end":{"line":2,"column":52}},"2":{"start":{"line":12,"column":7},"end":{"line":113,"column":null}},"3":{"start":{"line":19,"column":4},"end":{"line":111,"column":7}},"4":{"start":{"line":22,"column":27},"end":{"line":24,"column":17}},"5":{"start":{"line":28,"column":41},"end":{"line":36,"column":null}},"6":{"start":{"line":39,"column":6},"end":{"line":44,"column":7}},"7":{"start":{"line":41,"column":8},"end":{"line":43,"column":10}},"8":{"start":{"line":48,"column":6},"end":{"line":50,"column":7}},"9":{"start":{"line":49,"column":8},"end":{"line":49,"column":33}},"10":{"start":{"line":52,"column":19},"end":{"line":52,"column":21}},"11":{"start":{"line":53,"column":19},"end":{"line":53,"column":21}},"12":{"start":{"line":54,"column":21},"end":{"line":54,"column":26}},"13":{"start":{"line":56,"column":6},"end":{"line":60,"column":7}},"14":{"start":{"line":57,"column":8},"end":{"line":59,"column":11}},"15":{"start":{"line":58,"column":10},"end":{"line":58,"column":36}},"16":{"start":{"line":62,"column":6},"end":{"line":66,"column":7}},"17":{"start":{"line":63,"column":8},"end":{"line":65,"column":11}},"18":{"start":{"line":64,"column":10},"end":{"line":64,"column":36}},"19":{"start":{"line":68,"column":22},"end":{"line":90,"column":19}},"20":{"start":{"line":69,"column":8},"end":{"line":69,"column":24}},"21":{"start":{"line":71,"column":8},"end":{"line":83,"column":9}},"22":{"start":{"line":72,"column":10},"end":{"line":80,"column":11}},"23":{"start":{"line":73,"column":12},"end":{"line":73,"column":41}},"24":{"start":{"line":75,"column":12},"end":{"line":79,"column":21}},"25":{"start":{"line":76,"column":14},"end":{"line":78,"column":15}},"26":{"start":{"line":77,"column":16},"end":{"line":77,"column":45}},"27":{"start":{"line":84,"column":8},"end":{"line":89,"column":11}},"28":{"start":{"line":92,"column":6},"end":{"line":100,"column":9}},"29":{"start":{"line":93,"column":8},"end":{"line":93,"column":30}},"30":{"start":{"line":94,"column":8},"end":{"line":99,"column":11}},"31":{"start":{"line":102,"column":6},"end":{"line":110,"column":9}},"32":{"start":{"line":103,"column":8},"end":{"line":103,"column":30}},"33":{"start":{"line":104,"column":8},"end":{"line":109,"column":11}},"34":{"start":{"line":12,"column":13},"end":{"line":12,"column":33}},"35":{"start":{"line":12,"column":13},"end":{"line":113,"column":null}}},"fnMap":{"0":{"name":"(anonymous_1)","decl":{"start":{"line":13,"column":2},"end":{"line":13,"column":7}},"loc":{"start":{"line":17,"column":21},"end":{"line":112,"column":3}}},"1":{"name":"(anonymous_2)","decl":{"start":{"line":19,"column":23},"end":{"line":19,"column":24}},"loc":{"start":{"line":19,"column":35},"end":{"line":111,"column":5}}},"2":{"name":"(anonymous_3)","decl":{"start":{"line":57,"column":39},"end":{"line":57,"column":40}},"loc":{"start":{"line":57,"column":48},"end":{"line":59,"column":9}}},"3":{"name":"(anonymous_4)","decl":{"start":{"line":63,"column":39},"end":{"line":63,"column":40}},"loc":{"start":{"line":63,"column":48},"end":{"line":65,"column":9}}},"4":{"name":"(anonymous_5)","decl":{"start":{"line":68,"column":33},"end":{"line":68,"column":36}},"loc":{"start":{"line":68,"column":38},"end":{"line":90,"column":7}}},"5":{"name":"(anonymous_6)","decl":{"start":{"line":75,"column":23},"end":{"line":75,"column":26}},"loc":{"start":{"line":75,"column":28},"end":{"line":79,"column":13}}},"6":{"name":"(anonymous_7)","decl":{"start":{"line":92,"column":31},"end":{"line":92,"column":32}},"loc":{"start":{"line":92,"column":40},"end":{"line":100,"column":7}}},"7":{"name":"(anonymous_8)","decl":{"start":{"line":102,"column":31},"end":{"line":102,"column":34}},"loc":{"start":{"line":102,"column":36},"end":{"line":110,"column":7}}}},"branchMap":{"0":{"loc":{"start":{"line":22,"column":27},"end":{"line":24,"column":17}},"type":"cond-expr","locations":[{"start":{"line":23,"column":10},"end":{"line":23,"column":40}},{"start":{"line":24,"column":10},"end":{"line":24,"column":17}}]},"1":{"loc":{"start":{"line":39,"column":6},"end":{"line":44,"column":7}},"type":"if","locations":[{"start":{"line":39,"column":6},"end":{"line":44,"column":7}},{"start":{},"end":{}}]},"2":{"loc":{"start":{"line":48,"column":6},"end":{"line":50,"column":7}},"type":"if","locations":[{"start":{"line":48,"column":6},"end":{"line":50,"column":7}},{"start":{},"end":{}}]},"3":{"loc":{"start":{"line":56,"column":6},"end":{"line":60,"column":7}},"type":"if","locations":[{"start":{"line":56,"column":6},"end":{"line":60,"column":7}},{"start":{},"end":{}}]},"4":{"loc":{"start":{"line":62,"column":6},"end":{"line":66,"column":7}},"type":"if","locations":[{"start":{"line":62,"column":6},"end":{"line":66,"column":7}},{"start":{},"end":{}}]},"5":{"loc":{"start":{"line":72,"column":10},"end":{"line":80,"column":11}},"type":"if","locations":[{"start":{"line":72,"column":10},"end":{"line":80,"column":11}},{"start":{},"end":{}}]},"6":{"loc":{"start":{"line":76,"column":14},"end":{"line":78,"column":15}},"type":"if","locations":[{"start":{"line":76,"column":14},"end":{"line":78,"column":15}},{"start":{},"end":{}}]}},"s":{"0":5,"1":5,"2":5,"3":75,"4":75,"5":75,"6":75,"7":2,"8":75,"9":74,"10":75,"11":75,"12":75,"13":75,"14":74,"15":63,"16":75,"17":74,"18":8,"19":75,"20":5,"21":5,"22":5,"23":4,"24":4,"25":3,"26":1,"27":5,"28":75,"29":71,"30":71,"31":75,"32":2,"33":2,"34":5,"35":5},"f":{"0":75,"1":75,"2":63,"3":8,"4":5,"5":3,"6":71,"7":2},"b":{"0":[3,72],"1":[2,73],"2":[74,1],"3":[74,1],"4":[74,1],"5":[4,1],"6":[1,2]}},"/home/runner/work/gs-squad-mcp/gs-squad-mcp/src/core/engine/template-renderer.service.ts":{"path":"/home/runner/work/gs-squad-mcp/gs-squad-mcp/src/core/engine/template-renderer.service.ts","statementMap":{"0":{"start":{"line":1,"column":0},"end":{"line":1,"column":44}},"1":{"start":{"line":2,"column":0},"end":{"line":2,"column":29}},"2":{"start":{"line":5,"column":7},"end":{"line":69,"column":null}},"3":{"start":{"line":10,"column":4},"end":{"line":19,"column":5}},"4":{"start":{"line":11,"column":23},"end":{"line":11,"column":55}},"5":{"start":{"line":12,"column":6},"end":{"line":12,"column":42}},"6":{"start":{"line":14,"column":6},"end":{"line":18,"column":8}},"7":{"start":{"line":23,"column":27},"end":{"line":23,"column":29}},"8":{"start":{"line":24,"column":21},"end":{"line":24,"column":23}},"9":{"start":{"line":25,"column":19},"end":{"line":25,"column":24}},"10":{"start":{"line":26,"column":20},"end":{"line":26,"column":22}},"11":{"start":{"line":27,"column":12},"end":{"line":27,"column":13}},"12":{"start":{"line":29,"column":4},"end":{"line":50,"column":5}},"13":{"start":{"line":30,"column":19},"end":{"line":30,"column":30}},"14":{"start":{"line":31,"column":27},"end":{"line":31,"column":42}},"15":{"start":{"line":33,"column":6},"end":{"line":47,"column":7}},"16":{"start":{"line":34,"column":8},"end":{"line":37,"column":9}},"17":{"start":{"line":35,"column":10},"end":{"line":35,"column":39}},"18":{"start":{"line":36,"column":10},"end":{"line":36,"column":26}},"19":{"start":{"line":38,"column":13},"end":{"line":47,"column":7}},"20":{"start":{"line":39,"column":8},"end":{"line":39,"column":24}},"21":{"start":{"line":40,"column":8},"end":{"line":40,"column":25}},"22":{"start":{"line":41,"column":13},"end":{"line":47,"column":7}},"23":{"start":{"line":42,"column":8},"end":{"line":42,"column":25}},"24":{"start":{"line":43,"column":8},"end":{"line":43,"column":23}},"25":{"start":{"line":46,"column":8},"end":{"line":46,"column":27}},"26":{"start":{"line":49,"column":6},"end":{"line":49,"column":10}},"27":{"start":{"line":52,"column":4},"end":{"line":54,"column":5}},"28":{"start":{"line":53,"column":6},"end":{"line":53,"column":35}},"29":{"start":{"line":56,"column":4},"end":{"line":67,"column":9}},"30":{"start":{"line":57,"column":23},"end":{"line":57,"column":37}},"31":{"start":{"line":60,"column":8},"end":{"line":65,"column":9}},"32":{"start":{"line":64,"column":10},"end":{"line":64,"column":34}},"33":{"start":{"line":66,"column":8},"end":{"line":66,"column":19}},"34":{"start":{"line":5,"column":13},"end":{"line":5,"column":36}},"35":{"start":{"line":5,"column":13},"end":{"line":69,"column":null}}},"fnMap":{"0":{"name":"(anonymous_1)","decl":{"start":{"line":6,"column":2},"end":{"line":6,"column":8}},"loc":{"start":{"line":8,"column":36},"end":{"line":20,"column":3}}},"1":{"name":"(anonymous_2)","decl":{"start":{"line":22,"column":10},"end":{"line":22,"column":23}},"loc":{"start":{"line":22,"column":40},"end":{"line":68,"column":3}}},"2":{"name":"(anonymous_3)","decl":{"start":{"line":57,"column":14},"end":{"line":57,"column":15}},"loc":{"start":{"line":57,"column":23},"end":{"line":57,"column":37}}},"3":{"name":"(anonymous_4)","decl":{"start":{"line":58,"column":11},"end":{"line":58,"column":12}},"loc":{"start":{"line":58,"column":19},"end":{"line":67,"column":7}}}},"branchMap":{"0":{"loc":{"start":{"line":16,"column":10},"end":{"line":16,"column":null}},"type":"cond-expr","locations":[{"start":{"line":16,"column":35},"end":{"line":16,"column":48}},{"start":{"line":16,"column":51},"end":{"line":16,"column":null}}]},"1":{"loc":{"start":{"line":33,"column":6},"end":{"line":47,"column":7}},"type":"if","locations":[{"start":{"line":33,"column":6},"end":{"line":47,"column":7}},{"start":{"line":38,"column":13},"end":{"line":47,"column":7}}]},"2":{"loc":{"start":{"line":33,"column":10},"end":{"line":33,"column":35}},"type":"binary-expr","locations":[{"start":{"line":33,"column":10},"end":{"line":33,"column":19}},{"start":{"line":33,"column":23},"end":{"line":33,"column":35}}]},"3":{"loc":{"start":{"line":34,"column":8},"end":{"line":37,"column":9}},"type":"if","locations":[{"start":{"line":34,"column":8},"end":{"line":37,"column":9}},{"start":{},"end":{}}]},"4":{"loc":{"start":{"line":38,"column":13},"end":{"line":47,"column":7}},"type":"if","locations":[{"start":{"line":38,"column":13},"end":{"line":47,"column":7}},{"start":{"line":41,"column":13},"end":{"line":47,"column":7}}]},"5":{"loc":{"start":{"line":38,"column":17},"end":{"line":38,"column":61}},"type":"binary-expr","locations":[{"start":{"line":38,"column":17},"end":{"line":38,"column":26}},{"start":{"line":38,"column":31},"end":{"line":38,"column":43}},{"start":{"line":38,"column":47},"end":{"line":38,"column":60}}]},"6":{"loc":{"start":{"line":41,"column":13},"end":{"line":47,"column":7}},"type":"if","locations":[{"start":{"line":41,"column":13},"end":{"line":47,"column":7}},{"start":{"line":45,"column":13},"end":{"line":47,"column":7}}]},"7":{"loc":{"start":{"line":41,"column":17},"end":{"line":41,"column":47}},"type":"binary-expr","locations":[{"start":{"line":41,"column":17},"end":{"line":41,"column":25}},{"start":{"line":41,"column":29},"end":{"line":41,"column":47}}]},"8":{"loc":{"start":{"line":52,"column":4},"end":{"line":54,"column":5}},"type":"if","locations":[{"start":{"line":52,"column":4},"end":{"line":54,"column":5}},{"start":{},"end":{}}]},"9":{"loc":{"start":{"line":60,"column":8},"end":{"line":65,"column":9}},"type":"if","locations":[{"start":{"line":60,"column":8},"end":{"line":65,"column":9}},{"start":{},"end":{}}]},"10":{"loc":{"start":{"line":61,"column":10},"end":{"line":62,"column":54}},"type":"binary-expr","locations":[{"start":{"line":61,"column":11},"end":{"line":61,"column":30}},{"start":{"line":61,"column":34},"end":{"line":61,"column":51}},{"start":{"line":62,"column":11},"end":{"line":62,"column":31}},{"start":{"line":62,"column":35},"end":{"line":62,"column":53}}]}},"s":{"0":5,"1":5,"2":5,"3":17,"4":17,"5":15,"6":2,"7":15,"8":15,"9":15,"10":15,"11":15,"12":15,"13":905,"14":905,"15":905,"16":71,"17":53,"18":53,"19":834,"20":18,"21":18,"22":816,"23":18,"24":18,"25":798,"26":905,"27":15,"28":14,"29":15,"30":67,"31":67,"32":0,"33":67,"34":5,"35":5},"f":{"0":17,"1":15,"2":67,"3":67},"b":{"0":[2,0],"1":[71,834],"2":[905,465],"3":[53,18],"4":[18,816],"5":[834,394,379],"6":[18,798],"7":[816,440],"8":[14,1],"9":[0,67],"10":[67,0,67,0]}},"/home/runner/work/gs-squad-mcp/gs-squad-mcp/src/core/mcp/index.ts":{"path":"/home/runner/work/gs-squad-mcp/gs-squad-mcp/src/core/mcp/index.ts","statementMap":{"0":{"start":{"line":5,"column":0},"end":{"line":5,"column":32}},"1":{"start":{"line":6,"column":0},"end":{"line":6,"column":48}},"2":{"start":{"line":7,"column":0},"end":{"line":7,"column":65}},"3":{"start":{"line":8,"column":0},"end":{"line":8,"column":66}},"4":{"start":{"line":9,"column":0},"end":{"line":9,"column":66}},"5":{"start":{"line":10,"column":0},"end":{"line":10,"column":67}}},"fnMap":{},"branchMap":{},"s":{"0":1,"1":1,"2":1,"3":1,"4":1,"5":1},"f":{},"b":{}},"/home/runner/work/gs-squad-mcp/gs-squad-mcp/src/core/mcp/squad.service.ts":{"path":"/home/runner/work/gs-squad-mcp/gs-squad-mcp/src/core/mcp/squad.service.ts","statementMap":{"0":{"start":{"line":1,"column":0},"end":{"line":1,"column":44}},"1":{"start":{"line":2,"column":0},"end":{"line":2,"column":39}},"2":{"start":{"line":3,"column":0},"end":{"line":3,"column":31}},"3":{"start":{"line":4,"column":0},"end":{"line":4,"column":29}},"4":{"start":{"line":5,"column":0},"end":{"line":5,"column":36}},"5":{"start":{"line":20,"column":0},"end":{"line":20,"column":65}},"6":{"start":{"line":21,"column":0},"end":{"line":21,"column":65}},"7":{"start":{"line":22,"column":0},"end":{"line":22,"column":68}},"8":{"start":{"line":23,"column":0},"end":{"line":23,"column":65}},"9":{"start":{"line":24,"column":0},"end":{"line":24,"column":63}},"10":{"start":{"line":25,"column":0},"end":{"line":25,"column":77}},"11":{"start":{"line":28,"column":7},"end":{"line":482,"column":null}},"12":{"start":{"line":30,"column":21},"end":{"line":30,"column":37}},"13":{"start":{"line":31,"column":21},"end":{"line":31,"column":36}},"14":{"start":{"line":32,"column":21},"end":{"line":32,"column":39}},"15":{"start":{"line":33,"column":21},"end":{"line":33,"column":36}},"16":{"start":{"line":34,"column":21},"end":{"line":34,"column":36}},"17":{"start":{"line":35,"column":21},"end":{"line":35,"column":32}},"18":{"start":{"line":39,"column":18},"end":{"line":39,"column":57}},"19":{"start":{"line":40,"column":4},"end":{"line":46,"column":6}},"20":{"start":{"line":41,"column":34},"end":{"line":45,"column":8}},"21":{"start":{"line":52,"column":25},"end":{"line":55,"column":6}},"22":{"start":{"line":56,"column":18},"end":{"line":56,"column":66}},"23":{"start":{"line":56,"column":45},"end":{"line":56,"column":53}},"24":{"start":{"line":57,"column":18},"end":{"line":57,"column":71}},"25":{"start":{"line":58,"column":20},"end":{"line":58,"column":33}},"26":{"start":{"line":59,"column":19},"end":{"line":59,"column":49}},"27":{"start":{"line":60,"column":26},"end":{"line":60,"column":39}},"28":{"start":{"line":62,"column":27},"end":{"line":64,"column":null}},"29":{"start":{"line":66,"column":51},"end":{"line":66,"column":53}},"30":{"start":{"line":68,"column":4},"end":{"line":108,"column":5}},"31":{"start":{"line":69,"column":6},"end":{"line":91,"column":7}},"32":{"start":{"line":69,"column":23},"end":{"line":69,"column":24}},"33":{"start":{"line":70,"column":28},"end":{"line":70,"column":50}},"34":{"start":{"line":71,"column":25},"end":{"line":71,"column":62}},"35":{"start":{"line":72,"column":23},"end":{"line":78,"column":null}},"36":{"start":{"line":80,"column":8},"end":{"line":80,"column":29}},"37":{"start":{"line":83,"column":8},"end":{"line":90,"column":9}},"38":{"start":{"line":87,"column":10},"end":{"line":89,"column":12}},"39":{"start":{"line":88,"column":12},"end":{"line":88,"column":57}},"40":{"start":{"line":93,"column":30},"end":{"line":105,"column":null}},"41":{"start":{"line":95,"column":27},"end":{"line":95,"column":64}},"42":{"start":{"line":96,"column":22},"end":{"line":102,"column":null}},"43":{"start":{"line":104,"column":10},"end":{"line":104,"column":21}},"44":{"start":{"line":107,"column":6},"end":{"line":107,"column":39}},"45":{"start":{"line":110,"column":4},"end":{"line":110,"column":32}},"46":{"start":{"line":116,"column":25},"end":{"line":119,"column":6}},"47":{"start":{"line":120,"column":18},"end":{"line":120,"column":66}},"48":{"start":{"line":120,"column":45},"end":{"line":120,"column":53}},"49":{"start":{"line":121,"column":18},"end":{"line":121,"column":71}},"50":{"start":{"line":122,"column":20},"end":{"line":122,"column":33}},"51":{"start":{"line":123,"column":19},"end":{"line":123,"column":49}},"52":{"start":{"line":124,"column":26},"end":{"line":124,"column":39}},"53":{"start":{"line":126,"column":27},"end":{"line":128,"column":null}},"54":{"start":{"line":130,"column":55},"end":{"line":130,"column":57}},"55":{"start":{"line":132,"column":4},"end":{"line":172,"column":5}},"56":{"start":{"line":133,"column":6},"end":{"line":155,"column":7}},"57":{"start":{"line":133,"column":23},"end":{"line":133,"column":24}},"58":{"start":{"line":134,"column":28},"end":{"line":134,"column":50}},"59":{"start":{"line":135,"column":25},"end":{"line":135,"column":62}},"60":{"start":{"line":136,"column":23},"end":{"line":142,"column":null}},"61":{"start":{"line":144,"column":8},"end":{"line":144,"column":29}},"62":{"start":{"line":147,"column":8},"end":{"line":154,"column":9}},"63":{"start":{"line":151,"column":10},"end":{"line":153,"column":12}},"64":{"start":{"line":152,"column":12},"end":{"line":152,"column":57}},"65":{"start":{"line":157,"column":30},"end":{"line":169,"column":null}},"66":{"start":{"line":159,"column":27},"end":{"line":159,"column":64}},"67":{"start":{"line":160,"column":22},"end":{"line":166,"column":null}},"68":{"start":{"line":168,"column":10},"end":{"line":168,"column":21}},"69":{"start":{"line":171,"column":6},"end":{"line":171,"column":39}},"70":{"start":{"line":174,"column":4},"end":{"line":174,"column":32}},"71":{"start":{"line":182,"column":4},"end":{"line":188,"column":26}},"72":{"start":{"line":203,"column":17},"end":{"line":203,"column":74}},"73":{"start":{"line":204,"column":4},"end":{"line":206,"column":5}},"74":{"start":{"line":205,"column":6},"end":{"line":205,"column":63}},"75":{"start":{"line":208,"column":22},"end":{"line":210,"column":null}},"76":{"start":{"line":212,"column":19},"end":{"line":212,"column":55}},"77":{"start":{"line":213,"column":45},"end":{"line":213,"column":49}},"78":{"start":{"line":214,"column":4},"end":{"line":222,"column":14}},"79":{"start":{"line":215,"column":20},"end":{"line":219,"column":null}},"80":{"start":{"line":221,"column":6},"end":{"line":221,"column":42}},"81":{"start":{"line":224,"column":24},"end":{"line":226,"column":21}},"82":{"start":{"line":228,"column":28},"end":{"line":228,"column":75}},"83":{"start":{"line":230,"column":4},"end":{"line":246,"column":5}},"84":{"start":{"line":232,"column":23},"end":{"line":238,"column":8}},"85":{"start":{"line":239,"column":6},"end":{"line":239,"column":40}},"86":{"start":{"line":241,"column":6},"end":{"line":245,"column":8}},"87":{"start":{"line":248,"column":4},"end":{"line":252,"column":5}},"88":{"start":{"line":249,"column":6},"end":{"line":251,"column":8}},"89":{"start":{"line":254,"column":19},"end":{"line":258,"column":null}},"90":{"start":{"line":262,"column":4},"end":{"line":277,"column":5}},"91":{"start":{"line":263,"column":26},"end":{"line":263,"column":50}},"92":{"start":{"line":264,"column":24},"end":{"line":264,"column":72}},"93":{"start":{"line":265,"column":6},"end":{"line":276,"column":16}},"94":{"start":{"line":266,"column":8},"end":{"line":275,"column":10}},"95":{"start":{"line":279,"column":4},"end":{"line":286,"column":6}},"96":{"start":{"line":302,"column":17},"end":{"line":302,"column":74}},"97":{"start":{"line":303,"column":4},"end":{"line":305,"column":5}},"98":{"start":{"line":304,"column":6},"end":{"line":304,"column":63}},"99":{"start":{"line":307,"column":24},"end":{"line":309,"column":21}},"100":{"start":{"line":311,"column":22},"end":{"line":311,"column":42}},"101":{"start":{"line":312,"column":17},"end":{"line":312,"column":43}},"102":{"start":{"line":314,"column":4},"end":{"line":365,"column":5}},"103":{"start":{"line":315,"column":33},"end":{"line":317,"column":null}},"104":{"start":{"line":320,"column":6},"end":{"line":335,"column":7}},"105":{"start":{"line":321,"column":30},"end":{"line":321,"column":42}},"106":{"start":{"line":322,"column":8},"end":{"line":326,"column":18}},"107":{"start":{"line":328,"column":8},"end":{"line":334,"column":10}},"108":{"start":{"line":337,"column":6},"end":{"line":346,"column":7}},"109":{"start":{"line":341,"column":8},"end":{"line":345,"column":10}},"110":{"start":{"line":348,"column":31},"end":{"line":352,"column":null}},"111":{"start":{"line":355,"column":6},"end":{"line":359,"column":7}},"112":{"start":{"line":357,"column":10},"end":{"line":357,"column":60}},"113":{"start":{"line":358,"column":8},"end":{"line":358,"column":62}},"114":{"start":{"line":361,"column":6},"end":{"line":361,"column":46}},"115":{"start":{"line":362,"column":6},"end":{"line":364,"column":7}},"116":{"start":{"line":363,"column":8},"end":{"line":363,"column":76}},"117":{"start":{"line":367,"column":22},"end":{"line":369,"column":77}},"118":{"start":{"line":370,"column":19},"end":{"line":370,"column":55}},"119":{"start":{"line":371,"column":45},"end":{"line":371,"column":49}},"120":{"start":{"line":372,"column":4},"end":{"line":380,"column":14}},"121":{"start":{"line":373,"column":20},"end":{"line":377,"column":null}},"122":{"start":{"line":379,"column":6},"end":{"line":379,"column":42}},"123":{"start":{"line":382,"column":31},"end":{"line":382,"column":78}},"124":{"start":{"line":384,"column":4},"end":{"line":399,"column":5}},"125":{"start":{"line":386,"column":6},"end":{"line":392,"column":16}},"126":{"start":{"line":394,"column":6},"end":{"line":398,"column":8}},"127":{"start":{"line":401,"column":4},"end":{"line":405,"column":5}},"128":{"start":{"line":402,"column":6},"end":{"line":404,"column":8}},"129":{"start":{"line":407,"column":19},"end":{"line":411,"column":null}},"130":{"start":{"line":414,"column":4},"end":{"line":429,"column":5}},"131":{"start":{"line":415,"column":26},"end":{"line":415,"column":50}},"132":{"start":{"line":416,"column":24},"end":{"line":416,"column":72}},"133":{"start":{"line":417,"column":6},"end":{"line":428,"column":16}},"134":{"start":{"line":418,"column":8},"end":{"line":427,"column":10}},"135":{"start":{"line":431,"column":4},"end":{"line":439,"column":6}},"136":{"start":{"line":443,"column":4},"end":{"line":443,"column":76}},"137":{"start":{"line":447,"column":4},"end":{"line":447,"column":34}},"138":{"start":{"line":454,"column":4},"end":{"line":456,"column":5}},"139":{"start":{"line":455,"column":6},"end":{"line":455,"column":23}},"140":{"start":{"line":457,"column":4},"end":{"line":459,"column":5}},"141":{"start":{"line":458,"column":6},"end":{"line":458,"column":25}},"142":{"start":{"line":460,"column":4},"end":{"line":460,"column":19}},"143":{"start":{"line":467,"column":24},"end":{"line":467,"column":60}},"144":{"start":{"line":468,"column":4},"end":{"line":470,"column":5}},"145":{"start":{"line":469,"column":6},"end":{"line":469,"column":18}},"146":{"start":{"line":471,"column":4},"end":{"line":473,"column":5}},"147":{"start":{"line":472,"column":6},"end":{"line":472,"column":19}},"148":{"start":{"line":474,"column":4},"end":{"line":476,"column":5}},"149":{"start":{"line":475,"column":6},"end":{"line":475,"column":18}},"150":{"start":{"line":477,"column":4},"end":{"line":479,"column":5}},"151":{"start":{"line":478,"column":6},"end":{"line":478,"column":19}},"152":{"start":{"line":480,"column":4},"end":{"line":480,"column":37}},"153":{"start":{"line":28,"column":13},"end":{"line":28,"column":25}},"154":{"start":{"line":28,"column":13},"end":{"line":482,"column":null}}},"fnMap":{"0":{"name":"(anonymous_2)","decl":{"start":{"line":29,"column":2},"end":{"line":29,"column":null}},"loc":{"start":{"line":35,"column":53},"end":{"line":36,"column":6}}},"1":{"name":"(anonymous_3)","decl":{"start":{"line":38,"column":2},"end":{"line":38,"column":7}},"loc":{"start":{"line":38,"column":17},"end":{"line":47,"column":3}}},"2":{"name":"(anonymous_4)","decl":{"start":{"line":41,"column":23},"end":{"line":41,"column":24}},"loc":{"start":{"line":41,"column":34},"end":{"line":45,"column":8}}},"3":{"name":"(anonymous_5)","decl":{"start":{"line":49,"column":2},"end":{"line":49,"column":7}},"loc":{"start":{"line":50,"column":47},"end":{"line":111,"column":3}}},"4":{"name":"(anonymous_6)","decl":{"start":{"line":56,"column":38},"end":{"line":56,"column":39}},"loc":{"start":{"line":56,"column":45},"end":{"line":56,"column":53}}},"5":{"name":"(anonymous_7)","decl":{"start":{"line":87,"column":28},"end":{"line":87,"column":29}},"loc":{"start":{"line":88,"column":12},"end":{"line":88,"column":57}}},"6":{"name":"(anonymous_8)","decl":{"start":{"line":94,"column":28},"end":{"line":94,"column":33}},"loc":{"start":{"line":94,"column":57},"end":{"line":105,"column":7}}},"7":{"name":"(anonymous_9)","decl":{"start":{"line":113,"column":2},"end":{"line":113,"column":7}},"loc":{"start":{"line":114,"column":46},"end":{"line":175,"column":3}}},"8":{"name":"(anonymous_10)","decl":{"start":{"line":120,"column":38},"end":{"line":120,"column":39}},"loc":{"start":{"line":120,"column":45},"end":{"line":120,"column":53}}},"9":{"name":"(anonymous_11)","decl":{"start":{"line":151,"column":28},"end":{"line":151,"column":29}},"loc":{"start":{"line":152,"column":12},"end":{"line":152,"column":57}}},"10":{"name":"(anonymous_12)","decl":{"start":{"line":158,"column":28},"end":{"line":158,"column":33}},"loc":{"start":{"line":158,"column":57},"end":{"line":169,"column":7}}},"11":{"name":"(anonymous_13)","decl":{"start":{"line":181,"column":10},"end":{"line":181,"column":30}},"loc":{"start":{"line":181,"column":45},"end":{"line":189,"column":3}}},"12":{"name":"(anonymous_14)","decl":{"start":{"line":191,"column":10},"end":{"line":191,"column":15}},"loc":{"start":{"line":201,"column":25},"end":{"line":287,"column":3}}},"13":{"name":"(anonymous_15)","decl":{"start":{"line":289,"column":10},"end":{"line":289,"column":15}},"loc":{"start":{"line":300,"column":25},"end":{"line":440,"column":3}}},"14":{"name":"(anonymous_16)","decl":{"start":{"line":442,"column":10},"end":{"line":442,"column":25}},"loc":{"start":{"line":442,"column":25},"end":{"line":444,"column":3}}},"15":{"name":"(anonymous_17)","decl":{"start":{"line":446,"column":10},"end":{"line":446,"column":26}},"loc":{"start":{"line":446,"column":57},"end":{"line":448,"column":3}}},"16":{"name":"(anonymous_18)","decl":{"start":{"line":450,"column":10},"end":{"line":450,"column":19}},"loc":{"start":{"line":452,"column":21},"end":{"line":461,"column":3}}},"17":{"name":"(anonymous_19)","decl":{"start":{"line":463,"column":10},"end":{"line":463,"column":33}},"loc":{"start":{"line":465,"column":45},"end":{"line":481,"column":3}}}},"branchMap":{"0":{"loc":{"start":{"line":68,"column":4},"end":{"line":108,"column":5}},"type":"if","locations":[{"start":{"line":68,"column":4},"end":{"line":108,"column":5}},{"start":{"line":92,"column":11},"end":{"line":108,"column":5}}]},"1":{"loc":{"start":{"line":83,"column":8},"end":{"line":90,"column":9}},"type":"if","locations":[{"start":{"line":83,"column":8},"end":{"line":90,"column":9}},{"start":{},"end":{}}]},"2":{"loc":{"start":{"line":84,"column":10},"end":{"line":85,"column":38}},"type":"binary-expr","locations":[{"start":{"line":84,"column":10},"end":{"line":84,"column":44}},{"start":{"line":85,"column":10},"end":{"line":85,"column":38}}]},"3":{"loc":{"start":{"line":132,"column":4},"end":{"line":172,"column":5}},"type":"if","locations":[{"start":{"line":132,"column":4},"end":{"line":172,"column":5}},{"start":{"line":156,"column":11},"end":{"line":172,"column":5}}]},"4":{"loc":{"start":{"line":147,"column":8},"end":{"line":154,"column":9}},"type":"if","locations":[{"start":{"line":147,"column":8},"end":{"line":154,"column":9}},{"start":{},"end":{}}]},"5":{"loc":{"start":{"line":148,"column":10},"end":{"line":149,"column":38}},"type":"binary-expr","locations":[{"start":{"line":148,"column":10},"end":{"line":148,"column":44}},{"start":{"line":149,"column":10},"end":{"line":149,"column":38}}]},"6":{"loc":{"start":{"line":204,"column":4},"end":{"line":206,"column":5}},"type":"if","locations":[{"start":{"line":204,"column":4},"end":{"line":206,"column":5}},{"start":{},"end":{}}]},"7":{"loc":{"start":{"line":224,"column":24},"end":{"line":226,"column":21}},"type":"cond-expr","locations":[{"start":{"line":225,"column":8},"end":{"line":225,"column":47}},{"start":{"line":226,"column":8},"end":{"line":226,"column":21}}]},"8":{"loc":{"start":{"line":243,"column":10},"end":{"line":243,"column":null}},"type":"cond-expr","locations":[{"start":{"line":243,"column":35},"end":{"line":243,"column":48}},{"start":{"line":243,"column":51},"end":{"line":243,"column":null}}]},"9":{"loc":{"start":{"line":248,"column":4},"end":{"line":252,"column":5}},"type":"if","locations":[{"start":{"line":248,"column":4},"end":{"line":252,"column":5}},{"start":{},"end":{}}]},"10":{"loc":{"start":{"line":248,"column":8},"end":{"line":248,"column":56}},"type":"binary-expr","locations":[{"start":{"line":248,"column":8},"end":{"line":248,"column":24}},{"start":{"line":248,"column":28},"end":{"line":248,"column":56}}]},"11":{"loc":{"start":{"line":262,"column":4},"end":{"line":277,"column":5}},"type":"if","locations":[{"start":{"line":262,"column":4},"end":{"line":277,"column":5}},{"start":{},"end":{}}]},"12":{"loc":{"start":{"line":270,"column":20},"end":{"line":270,"column":64}},"type":"cond-expr","locations":[{"start":{"line":270,"column":48},"end":{"line":270,"column":54}},{"start":{"line":270,"column":57},"end":{"line":270,"column":64}}]},"13":{"loc":{"start":{"line":303,"column":4},"end":{"line":305,"column":5}},"type":"if","locations":[{"start":{"line":303,"column":4},"end":{"line":305,"column":5}},{"start":{},"end":{}}]},"14":{"loc":{"start":{"line":307,"column":24},"end":{"line":309,"column":21}},"type":"cond-expr","locations":[{"start":{"line":308,"column":8},"end":{"line":308,"column":47}},{"start":{"line":309,"column":8},"end":{"line":309,"column":21}}]},"15":{"loc":{"start":{"line":312,"column":17},"end":{"line":312,"column":43}},"type":"binary-expr","locations":[{"start":{"line":312,"column":17},"end":{"line":312,"column":35}},{"start":{"line":312,"column":39},"end":{"line":312,"column":43}}]},"16":{"loc":{"start":{"line":314,"column":4},"end":{"line":365,"column":5}},"type":"if","locations":[{"start":{"line":314,"column":4},"end":{"line":365,"column":5}},{"start":{},"end":{}}]},"17":{"loc":{"start":{"line":314,"column":8},"end":{"line":314,"column":48}},"type":"binary-expr","locations":[{"start":{"line":314,"column":8},"end":{"line":314,"column":15}},{"start":{"line":314,"column":19},"end":{"line":314,"column":48}}]},"18":{"loc":{"start":{"line":332,"column":12},"end":{"line":332,"column":null}},"type":"cond-expr","locations":[{"start":{"line":332,"column":37},"end":{"line":332,"column":50}},{"start":{"line":332,"column":53},"end":{"line":332,"column":null}}]},"19":{"loc":{"start":{"line":337,"column":6},"end":{"line":346,"column":7}},"type":"if","locations":[{"start":{"line":337,"column":6},"end":{"line":346,"column":7}},{"start":{},"end":{}}]},"20":{"loc":{"start":{"line":338,"column":8},"end":{"line":339,"column":46}},"type":"binary-expr","locations":[{"start":{"line":338,"column":8},"end":{"line":338,"column":34}},{"start":{"line":339,"column":8},"end":{"line":339,"column":46}}]},"21":{"loc":{"start":{"line":355,"column":6},"end":{"line":359,"column":7}},"type":"if","locations":[{"start":{"line":355,"column":6},"end":{"line":359,"column":7}},{"start":{},"end":{}}]},"22":{"loc":{"start":{"line":357,"column":10},"end":{"line":357,"column":60}},"type":"binary-expr","locations":[{"start":{"line":357,"column":10},"end":{"line":357,"column":33}},{"start":{"line":357,"column":37},"end":{"line":357,"column":60}}]},"23":{"loc":{"start":{"line":362,"column":6},"end":{"line":364,"column":7}},"type":"if","locations":[{"start":{"line":362,"column":6},"end":{"line":364,"column":7}},{"start":{},"end":{}}]},"24":{"loc":{"start":{"line":367,"column":22},"end":{"line":369,"column":77}},"type":"cond-expr","locations":[{"start":{"line":368,"column":8},"end":{"line":368,"column":76}},{"start":{"line":369,"column":8},"end":{"line":369,"column":77}}]},"25":{"loc":{"start":{"line":388,"column":16},"end":{"line":388,"column":35}},"type":"binary-expr","locations":[{"start":{"line":388,"column":16},"end":{"line":388,"column":22}},{"start":{"line":388,"column":26},"end":{"line":388,"column":35}}]},"26":{"loc":{"start":{"line":396,"column":10},"end":{"line":396,"column":null}},"type":"cond-expr","locations":[{"start":{"line":396,"column":35},"end":{"line":396,"column":48}},{"start":{"line":396,"column":51},"end":{"line":396,"column":null}}]},"27":{"loc":{"start":{"line":401,"column":4},"end":{"line":405,"column":5}},"type":"if","locations":[{"start":{"line":401,"column":4},"end":{"line":405,"column":5}},{"start":{},"end":{}}]},"28":{"loc":{"start":{"line":401,"column":8},"end":{"line":401,"column":62}},"type":"binary-expr","locations":[{"start":{"line":401,"column":8},"end":{"line":401,"column":27}},{"start":{"line":401,"column":31},"end":{"line":401,"column":62}}]},"29":{"loc":{"start":{"line":414,"column":4},"end":{"line":429,"column":5}},"type":"if","locations":[{"start":{"line":414,"column":4},"end":{"line":429,"column":5}},{"start":{},"end":{}}]},"30":{"loc":{"start":{"line":422,"column":20},"end":{"line":422,"column":64}},"type":"cond-expr","locations":[{"start":{"line":422,"column":48},"end":{"line":422,"column":54}},{"start":{"line":422,"column":57},"end":{"line":422,"column":64}}]},"31":{"loc":{"start":{"line":454,"column":4},"end":{"line":456,"column":5}},"type":"if","locations":[{"start":{"line":454,"column":4},"end":{"line":456,"column":5}},{"start":{},"end":{}}]},"32":{"loc":{"start":{"line":457,"column":4},"end":{"line":459,"column":5}},"type":"if","locations":[{"start":{"line":457,"column":4},"end":{"line":459,"column":5}},{"start":{},"end":{}}]},"33":{"loc":{"start":{"line":468,"column":4},"end":{"line":470,"column":5}},"type":"if","locations":[{"start":{"line":468,"column":4},"end":{"line":470,"column":5}},{"start":{},"end":{}}]},"34":{"loc":{"start":{"line":471,"column":4},"end":{"line":473,"column":5}},"type":"if","locations":[{"start":{"line":471,"column":4},"end":{"line":473,"column":5}},{"start":{},"end":{}}]},"35":{"loc":{"start":{"line":474,"column":4},"end":{"line":476,"column":5}},"type":"if","locations":[{"start":{"line":474,"column":4},"end":{"line":476,"column":5}},{"start":{},"end":{}}]},"36":{"loc":{"start":{"line":477,"column":4},"end":{"line":479,"column":5}},"type":"if","locations":[{"start":{"line":477,"column":4},"end":{"line":479,"column":5}},{"start":{},"end":{}}]}},"s":{"0":4,"1":4,"2":4,"3":4,"4":4,"5":4,"6":4,"7":4,"8":4,"9":4,"10":4,"11":4,"12":135,"13":135,"14":135,"15":135,"16":135,"17":135,"18":5,"19":5,"20":7,"21":50,"22":50,"23":63,"24":50,"25":50,"26":50,"27":50,"28":50,"29":50,"30":50,"31":6,"32":6,"33":14,"34":14,"35":14,"36":14,"37":14,"38":4,"39":4,"40":44,"41":49,"42":49,"43":38,"44":33,"45":39,"46":36,"47":36,"48":41,"49":36,"50":36,"51":36,"52":36,"53":36,"54":36,"55":36,"56":3,"57":3,"58":6,"59":6,"60":6,"61":6,"62":6,"63":3,"64":3,"65":33,"66":35,"67":35,"68":16,"69":14,"70":17,"71":90,"72":63,"73":63,"74":4,"75":59,"76":59,"77":59,"78":59,"79":59,"80":59,"81":59,"82":59,"83":59,"84":59,"85":56,"86":3,"87":56,"88":3,"89":53,"90":52,"91":52,"92":52,"93":52,"94":52,"95":52,"96":41,"97":41,"98":1,"99":40,"100":40,"101":40,"102":40,"103":35,"104":35,"105":35,"106":35,"107":3,"108":32,"109":2,"110":30,"111":30,"112":3,"113":3,"114":27,"115":27,"116":2,"117":30,"118":30,"119":30,"120":30,"121":30,"122":30,"123":30,"124":30,"125":30,"126":3,"127":27,"128":3,"129":24,"130":22,"131":22,"132":22,"133":22,"134":22,"135":22,"136":0,"137":104,"138":148,"139":12,"140":136,"141":122,"142":14,"143":86,"144":86,"145":3,"146":83,"147":1,"148":82,"149":5,"150":77,"151":53,"152":24,"153":4,"154":4},"f":{"0":135,"1":5,"2":7,"3":50,"4":63,"5":4,"6":49,"7":36,"8":41,"9":3,"10":35,"11":90,"12":63,"13":41,"14":0,"15":104,"16":148,"17":86},"b":{"0":[6,44],"1":[4,10],"2":[14,8],"3":[3,33],"4":[3,3],"5":[6,3],"6":[4,59],"7":[14,45],"8":[3,0],"9":[3,53],"10":[56,53],"11":[52,0],"12":[40,12],"13":[1,40],"14":[1,39],"15":[40,35],"16":[35,5],"17":[40,35],"18":[3,0],"19":[2,30],"20":[32,30],"21":[3,27],"22":[3,0],"23":[2,25],"24":[5,25],"25":[30,0],"26":[3,0],"27":[3,24],"28":[27,24],"29":[22,0],"30":[21,1],"31":[12,136],"32":[122,14],"33":[3,83],"34":[1,82],"35":[5,77],"36":[53,24]}},"/home/runner/work/gs-squad-mcp/gs-squad-mcp/src/core/mcp/contracts/index.ts":{"path":"/home/runner/work/gs-squad-mcp/gs-squad-mcp/src/core/mcp/contracts/index.ts","statementMap":{"0":{"start":{"line":5,"column":0},"end":{"line":5,"column":38}},"1":{"start":{"line":6,"column":0},"end":{"line":6,"column":55}},"2":{"start":{"line":7,"column":0},"end":{"line":7,"column":56}},"3":{"start":{"line":8,"column":0},"end":{"line":8,"column":56}},"4":{"start":{"line":9,"column":0},"end":{"line":9,"column":57}}},"fnMap":{},"branchMap":{},"s":{"0":0,"1":0,"2":0,"3":0,"4":0},"f":{},"b":{}},"/home/runner/work/gs-squad-mcp/gs-squad-mcp/src/core/prompt/index.ts":{"path":"/home/runner/work/gs-squad-mcp/gs-squad-mcp/src/core/prompt/index.ts","statementMap":{"0":{"start":{"line":5,"column":0},"end":{"line":5,"column":41}}},"fnMap":{},"branchMap":{},"s":{"0":1},"f":{},"b":{}},"/home/runner/work/gs-squad-mcp/gs-squad-mcp/src/core/prompt/prompt-builder.service.ts":{"path":"/home/runner/work/gs-squad-mcp/gs-squad-mcp/src/core/prompt/prompt-builder.service.ts","statementMap":{"0":{"start":{"line":1,"column":0},"end":{"line":1,"column":44}},"1":{"start":{"line":5,"column":7},"end":{"line":58,"column":null}},"2":{"start":{"line":6,"column":19},"end":{"line":15,"column":66}},"3":{"start":{"line":21,"column":4},"end":{"line":31,"column":30}},"4":{"start":{"line":38,"column":4},"end":{"line":48,"column":30}},"5":{"start":{"line":52,"column":4},"end":{"line":56,"column":30}},"6":{"start":{"line":5,"column":13},"end":{"line":5,"column":33}},"7":{"start":{"line":5,"column":13},"end":{"line":58,"column":null}}},"fnMap":{"0":{"name":"(anonymous_1)","decl":{"start":{"line":5,"column":7},"end":{"line":5,"column":13}},"loc":{"start":{"line":5,"column":7},"end":{"line":58,"column":1}}},"1":{"name":"(anonymous_2)","decl":{"start":{"line":17,"column":2},"end":{"line":17,"column":22}},"loc":{"start":{"line":19,"column":16},"end":{"line":32,"column":3}}},"2":{"name":"(anonymous_3)","decl":{"start":{"line":34,"column":2},"end":{"line":34,"column":28}},"loc":{"start":{"line":36,"column":16},"end":{"line":49,"column":3}}},"3":{"name":"(anonymous_4)","decl":{"start":{"line":51,"column":2},"end":{"line":51,"column":33}},"loc":{"start":{"line":51,"column":46},"end":{"line":57,"column":3}}}},"branchMap":{},"s":{"0":5,"1":5,"2":120,"3":47,"4":19,"5":11,"6":5,"7":5},"f":{"0":120,"1":47,"2":19,"3":11},"b":{}},"/home/runner/work/gs-squad-mcp/gs-squad-mcp/src/core/roles/index.ts":{"path":"/home/runner/work/gs-squad-mcp/gs-squad-mcp/src/core/roles/index.ts","statementMap":{"0":{"start":{"line":5,"column":0},"end":{"line":5,"column":44}},"1":{"start":{"line":6,"column":0},"end":{"line":6,"column":42}}},"fnMap":{},"branchMap":{},"s":{"0":1,"1":1},"f":{},"b":{}},"/home/runner/work/gs-squad-mcp/gs-squad-mcp/src/core/roles/role-repository.service.ts":{"path":"/home/runner/work/gs-squad-mcp/gs-squad-mcp/src/core/roles/role-repository.service.ts","statementMap":{"0":{"start":{"line":1,"column":0},"end":{"line":1,"column":44}},"1":{"start":{"line":2,"column":0},"end":{"line":2,"column":48}},"2":{"start":{"line":3,"column":0},"end":{"line":3,"column":47}},"3":{"start":{"line":4,"column":0},"end":{"line":4,"column":33}},"4":{"start":{"line":6,"column":0},"end":{"line":6,"column":63}},"5":{"start":{"line":9,"column":7},"end":{"line":64,"column":null}},"6":{"start":{"line":12,"column":31},"end":{"line":12,"column":46}},"7":{"start":{"line":10,"column":10},"end":{"line":10,"column":65}},"8":{"start":{"line":15,"column":4},"end":{"line":17,"column":5}},"9":{"start":{"line":16,"column":6},"end":{"line":16,"column":29}},"10":{"start":{"line":18,"column":4},"end":{"line":18,"column":49}},"11":{"start":{"line":22,"column":4},"end":{"line":24,"column":5}},"12":{"start":{"line":23,"column":6},"end":{"line":23,"column":29}},"13":{"start":{"line":25,"column":4},"end":{"line":25,"column":48}},"14":{"start":{"line":29,"column":19},"end":{"line":29,"column":49}},"15":{"start":{"line":30,"column":23},"end":{"line":30,"column":49}},"16":{"start":{"line":31,"column":21},"end":{"line":31,"column":55}},"17":{"start":{"line":33,"column":4},"end":{"line":60,"column":5}},"18":{"start":{"line":34,"column":20},"end":{"line":34,"column":45}},"19":{"start":{"line":35,"column":28},"end":{"line":36,"column":null}},"20":{"start":{"line":36,"column":18},"end":{"line":36,"column":41}},"21":{"start":{"line":39,"column":6},"end":{"line":53,"column":7}},"22":{"start":{"line":40,"column":25},"end":{"line":40,"column":47}},"23":{"start":{"line":41,"column":23},"end":{"line":41,"column":44}},"24":{"start":{"line":42,"column":24},"end":{"line":42,"column":57}},"25":{"start":{"line":43,"column":23},"end":{"line":43,"column":38}},"26":{"start":{"line":45,"column":38},"end":{"line":50,"column":10}},"27":{"start":{"line":52,"column":8},"end":{"line":52,"column":35}},"28":{"start":{"line":56,"column":8},"end":{"line":56,"column":62}},"29":{"start":{"line":57,"column":6},"end":{"line":59,"column":8}},"30":{"start":{"line":62,"column":4},"end":{"line":62,"column":31}},"31":{"start":{"line":9,"column":13},"end":{"line":9,"column":34}},"32":{"start":{"line":9,"column":13},"end":{"line":64,"column":null}}},"fnMap":{"0":{"name":"(anonymous_3)","decl":{"start":{"line":12,"column":2},"end":{"line":12,"column":31}},"loc":{"start":{"line":12,"column":64},"end":{"line":12,"column":68}}},"1":{"name":"(anonymous_4)","decl":{"start":{"line":14,"column":2},"end":{"line":14,"column":7}},"loc":{"start":{"line":14,"column":19},"end":{"line":19,"column":3}}},"2":{"name":"(anonymous_5)","decl":{"start":{"line":21,"column":2},"end":{"line":21,"column":7}},"loc":{"start":{"line":21,"column":34},"end":{"line":26,"column":3}}},"3":{"name":"(anonymous_6)","decl":{"start":{"line":28,"column":10},"end":{"line":28,"column":15}},"loc":{"start":{"line":28,"column":25},"end":{"line":63,"column":3}}},"4":{"name":"(anonymous_7)","decl":{"start":{"line":36,"column":8},"end":{"line":36,"column":9}},"loc":{"start":{"line":36,"column":18},"end":{"line":36,"column":41}}}},"branchMap":{"0":{"loc":{"start":{"line":15,"column":4},"end":{"line":17,"column":5}},"type":"if","locations":[{"start":{"line":15,"column":4},"end":{"line":17,"column":5}},{"start":{},"end":{}}]},"1":{"loc":{"start":{"line":22,"column":4},"end":{"line":24,"column":5}},"type":"if","locations":[{"start":{"line":22,"column":4},"end":{"line":24,"column":5}},{"start":{},"end":{}}]},"2":{"loc":{"start":{"line":25,"column":11},"end":{"line":25,"column":47}},"type":"binary-expr","locations":[{"start":{"line":25,"column":11},"end":{"line":25,"column":39}},{"start":{"line":25,"column":43},"end":{"line":25,"column":47}}]},"3":{"loc":{"start":{"line":47,"column":16},"end":{"line":47,"column":42}},"type":"binary-expr","locations":[{"start":{"line":47,"column":16},"end":{"line":47,"column":32}},{"start":{"line":47,"column":36},"end":{"line":47,"column":42}}]},"4":{"loc":{"start":{"line":48,"column":23},"end":{"line":48,"column":52}},"type":"binary-expr","locations":[{"start":{"line":48,"column":23},"end":{"line":48,"column":46}},{"start":{"line":48,"column":50},"end":{"line":48,"column":52}}]},"5":{"loc":{"start":{"line":56,"column":8},"end":{"line":56,"column":62}},"type":"cond-expr","locations":[{"start":{"line":56,"column":33},"end":{"line":56,"column":46}},{"start":{"line":56,"column":49},"end":{"line":56,"column":62}}]}},"s":{"0":5,"1":5,"2":5,"3":5,"4":5,"5":5,"6":117,"7":117,"8":11,"9":10,"10":9,"11":72,"12":65,"13":72,"14":75,"15":75,"16":75,"17":75,"18":75,"19":74,"20":74,"21":74,"22":74,"23":74,"24":74,"25":74,"26":73,"27":73,"28":2,"29":2,"30":73,"31":5,"32":5},"f":{"0":117,"1":11,"2":72,"3":75,"4":74},"b":{"0":[10,1],"1":[65,7],"2":[72,4],"3":[73,3],"4":[73,2],"5":[1,1]}},"/home/runner/work/gs-squad-mcp/gs-squad-mcp/src/core/telemetry/squad-telemetry.service.ts":{"path":"/home/runner/work/gs-squad-mcp/gs-squad-mcp/src/core/telemetry/squad-telemetry.service.ts","statementMap":{"0":{"start":{"line":1,"column":0},"end":{"line":1,"column":44}},"1":{"start":{"line":2,"column":0},"end":{"line":2,"column":51}},"2":{"start":{"line":3,"column":0},"end":{"line":3,"column":37}},"3":{"start":{"line":4,"column":0},"end":{"line":4,"column":67}},"4":{"start":{"line":5,"column":0},"end":{"line":5,"column":63}},"5":{"start":{"line":6,"column":0},"end":{"line":6,"column":63}},"6":{"start":{"line":7,"column":0},"end":{"line":7,"column":33}},"7":{"start":{"line":10,"column":7},"end":{"line":104,"column":null}},"8":{"start":{"line":13,"column":21},"end":{"line":13,"column":34}},"9":{"start":{"line":15,"column":21},"end":{"line":15,"column":32}},"10":{"start":{"line":17,"column":21},"end":{"line":17,"column":32}},"11":{"start":{"line":25,"column":6},"end":{"line":25,"column":66}},"12":{"start":{"line":27,"column":19},"end":{"line":27,"column":43}},"13":{"start":{"line":28,"column":18},"end":{"line":30,"column":6}},"14":{"start":{"line":32,"column":4},"end":{"line":48,"column":5}},"15":{"start":{"line":33,"column":6},"end":{"line":39,"column":9}},"16":{"start":{"line":41,"column":6},"end":{"line":41,"column":38}},"17":{"start":{"line":42,"column":6},"end":{"line":44,"column":7}},"18":{"start":{"line":43,"column":8},"end":{"line":43,"column":61}},"19":{"start":{"line":45,"column":6},"end":{"line":47,"column":7}},"20":{"start":{"line":46,"column":8},"end":{"line":46,"column":47}},"21":{"start":{"line":50,"column":4},"end":{"line":50,"column":41}},"22":{"start":{"line":51,"column":4},"end":{"line":51,"column":24}},"23":{"start":{"line":58,"column":18},"end":{"line":63,"column":6}},"24":{"start":{"line":64,"column":4},"end":{"line":64,"column":37}},"25":{"start":{"line":65,"column":4},"end":{"line":65,"column":42}},"26":{"start":{"line":66,"column":4},"end":{"line":66,"column":17}},"27":{"start":{"line":75,"column":18},"end":{"line":83,"column":6}},"28":{"start":{"line":84,"column":4},"end":{"line":84,"column":37}},"29":{"start":{"line":85,"column":4},"end":{"line":85,"column":17}},"30":{"start":{"line":95,"column":4},"end":{"line":95,"column":48}},"31":{"start":{"line":96,"column":4},"end":{"line":96,"column":42}},"32":{"start":{"line":100,"column":4},"end":{"line":102,"column":7}},"33":{"start":{"line":10,"column":13},"end":{"line":10,"column":34}},"34":{"start":{"line":10,"column":13},"end":{"line":104,"column":null}}},"fnMap":{"0":{"name":"(anonymous_13)","decl":{"start":{"line":11,"column":2},"end":{"line":11,"column":null}},"loc":{"start":{"line":17,"column":55},"end":{"line":18,"column":6}}},"1":{"name":"(anonymous_14)","decl":{"start":{"line":20,"column":2},"end":{"line":20,"column":7}},"loc":{"start":{"line":23,"column":3},"end":{"line":52,"column":3}}},"2":{"name":"(anonymous_15)","decl":{"start":{"line":54,"column":2},"end":{"line":54,"column":7}},"loc":{"start":{"line":56,"column":17},"end":{"line":67,"column":3}}},"3":{"name":"(anonymous_16)","decl":{"start":{"line":69,"column":2},"end":{"line":69,"column":7}},"loc":{"start":{"line":73,"column":30},"end":{"line":86,"column":3}}},"4":{"name":"(anonymous_17)","decl":{"start":{"line":88,"column":2},"end":{"line":88,"column":7}},"loc":{"start":{"line":93,"column":5},"end":{"line":97,"column":3}}},"5":{"name":"(anonymous_18)","decl":{"start":{"line":99,"column":10},"end":{"line":99,"column":15}},"loc":{"start":{"line":99,"column":49},"end":{"line":103,"column":3}}}},"branchMap":{"0":{"loc":{"start":{"line":25,"column":6},"end":{"line":25,"column":66}},"type":"binary-expr","locations":[{"start":{"line":25,"column":6},"end":{"line":25,"column":29}},{"start":{"line":25,"column":33},"end":{"line":25,"column":49}},{"start":{"line":25,"column":53},"end":{"line":25,"column":66}}]},"1":{"loc":{"start":{"line":32,"column":4},"end":{"line":48,"column":5}},"type":"if","locations":[{"start":{"line":32,"column":4},"end":{"line":48,"column":5}},{"start":{"line":40,"column":11},"end":{"line":48,"column":5}}]},"2":{"loc":{"start":{"line":36,"column":21},"end":{"line":36,"column":54}},"type":"binary-expr","locations":[{"start":{"line":36,"column":21},"end":{"line":36,"column":37}},{"start":{"line":36,"column":41},"end":{"line":36,"column":54}}]},"3":{"loc":{"start":{"line":42,"column":6},"end":{"line":44,"column":7}},"type":"if","locations":[{"start":{"line":42,"column":6},"end":{"line":44,"column":7}},{"start":{},"end":{}}]},"4":{"loc":{"start":{"line":42,"column":10},"end":{"line":42,"column":64}},"type":"binary-expr","locations":[{"start":{"line":42,"column":10},"end":{"line":42,"column":33}},{"start":{"line":42,"column":37},"end":{"line":42,"column":64}}]},"5":{"loc":{"start":{"line":45,"column":6},"end":{"line":47,"column":7}},"type":"if","locations":[{"start":{"line":45,"column":6},"end":{"line":47,"column":7}},{"start":{},"end":{}}]},"6":{"loc":{"start":{"line":45,"column":10},"end":{"line":45,"column":50}},"type":"binary-expr","locations":[{"start":{"line":45,"column":10},"end":{"line":45,"column":26}},{"start":{"line":45,"column":30},"end":{"line":45,"column":50}}]}},"s":{"0":4,"1":4,"2":4,"3":4,"4":4,"5":4,"6":4,"7":4,"8":106,"9":106,"10":106,"11":58,"12":58,"13":58,"14":58,"15":57,"16":1,"17":1,"18":0,"19":1,"20":0,"21":58,"22":58,"23":58,"24":58,"25":58,"26":58,"27":57,"28":57,"29":57,"30":48,"31":48,"32":106,"33":4,"34":4},"f":{"0":106,"1":58,"2":58,"3":57,"4":48,"5":106},"b":{"0":[58,58,58],"1":[57,1],"2":[57,57],"3":[0,1],"4":[1,0],"5":[0,1],"6":[1,0]}},"/home/runner/work/gs-squad-mcp/gs-squad-mcp/src/nest/index.ts":{"path":"/home/runner/work/gs-squad-mcp/gs-squad-mcp/src/nest/index.ts","statementMap":{"0":{"start":{"line":5,"column":0},"end":{"line":5,"column":29}},"1":{"start":{"line":6,"column":0},"end":{"line":6,"column":28}},"2":{"start":{"line":7,"column":0},"end":{"line":7,"column":40}},"3":{"start":{"line":8,"column":0},"end":{"line":8,"column":42}},"4":{"start":{"line":9,"column":0},"end":{"line":9,"column":40}}},"fnMap":{},"branchMap":{},"s":{"0":0,"1":0,"2":0,"3":0,"4":0},"f":{},"b":{}},"/home/runner/work/gs-squad-mcp/gs-squad-mcp/src/nest/entities/agent.entity.ts":{"path":"/home/runner/work/gs-squad-mcp/gs-squad-mcp/src/nest/entities/agent.entity.ts","statementMap":{"0":{"start":{"line":1,"column":0},"end":{"line":1,"column":null}},"1":{"start":{"line":8,"column":0},"end":{"line":8,"column":45}},"2":{"start":{"line":13,"column":7},"end":{"line":47,"column":null}},"3":{"start":{"line":13,"column":13},"end":{"line":13,"column":24}},"4":{"start":{"line":15,"column":2},"end":{"line":15,"column":null}},"5":{"start":{"line":19,"column":2},"end":{"line":19,"column":null}},"6":{"start":{"line":17,"column":19},"end":{"line":17,"column":30}},"7":{"start":{"line":22,"column":2},"end":{"line":22,"column":null}},"8":{"start":{"line":25,"column":2},"end":{"line":25,"column":null}},"9":{"start":{"line":28,"column":2},"end":{"line":28,"column":null}},"10":{"start":{"line":31,"column":2},"end":{"line":31,"column":null}},"11":{"start":{"line":34,"column":2},"end":{"line":34,"column":null}},"12":{"start":{"line":37,"column":2},"end":{"line":37,"column":null}},"13":{"start":{"line":40,"column":2},"end":{"line":40,"column":null}},"14":{"start":{"line":43,"column":2},"end":{"line":43,"column":null}},"15":{"start":{"line":46,"column":2},"end":{"line":46,"column":null}},"16":{"start":{"line":13,"column":13},"end":{"line":47,"column":null}}},"fnMap":{"0":{"name":"(anonymous_2)","decl":{"start":{"line":17,"column":13},"end":{"line":17,"column":16}},"loc":{"start":{"line":17,"column":19},"end":{"line":17,"column":30}}}},"branchMap":{},"s":{"0":4,"1":4,"2":4,"3":4,"4":4,"5":4,"6":106,"7":4,"8":4,"9":4,"10":4,"11":4,"12":4,"13":4,"14":4,"15":4,"16":4},"f":{"0":106},"b":{}},"/home/runner/work/gs-squad-mcp/gs-squad-mcp/src/nest/entities/session.entity.ts":{"path":"/home/runner/work/gs-squad-mcp/gs-squad-mcp/src/nest/entities/session.entity.ts","statementMap":{"0":{"start":{"line":1,"column":0},"end":{"line":1,"column":56}},"1":{"start":{"line":4,"column":7},"end":{"line":19,"column":null}},"2":{"start":{"line":4,"column":13},"end":{"line":4,"column":26}},"3":{"start":{"line":6,"column":2},"end":{"line":6,"column":null}},"4":{"start":{"line":9,"column":2},"end":{"line":9,"column":null}},"5":{"start":{"line":12,"column":2},"end":{"line":12,"column":null}},"6":{"start":{"line":15,"column":2},"end":{"line":15,"column":null}},"7":{"start":{"line":18,"column":2},"end":{"line":18,"column":null}},"8":{"start":{"line":4,"column":13},"end":{"line":19,"column":null}}},"fnMap":{},"branchMap":{},"s":{"0":4,"1":4,"2":4,"3":4,"4":4,"5":4,"6":4,"7":4,"8":4},"f":{},"b":{}},"/home/runner/work/gs-squad-mcp/gs-squad-mcp/src/nest/entities/squad.entity.ts":{"path":"/home/runner/work/gs-squad-mcp/gs-squad-mcp/src/nest/entities/squad.entity.ts","statementMap":{"0":{"start":{"line":1,"column":0},"end":{"line":1,"column":null}},"1":{"start":{"line":8,"column":0},"end":{"line":8,"column":49}},"2":{"start":{"line":11,"column":7},"end":{"line":27,"column":null}},"3":{"start":{"line":11,"column":13},"end":{"line":11,"column":24}},"4":{"start":{"line":13,"column":2},"end":{"line":13,"column":null}},"5":{"start":{"line":17,"column":2},"end":{"line":17,"column":null}},"6":{"start":{"line":15,"column":19},"end":{"line":15,"column":32}},"7":{"start":{"line":20,"column":2},"end":{"line":20,"column":null}},"8":{"start":{"line":23,"column":2},"end":{"line":23,"column":null}},"9":{"start":{"line":26,"column":2},"end":{"line":26,"column":null}},"10":{"start":{"line":11,"column":13},"end":{"line":27,"column":null}}},"fnMap":{"0":{"name":"(anonymous_2)","decl":{"start":{"line":15,"column":13},"end":{"line":15,"column":16}},"loc":{"start":{"line":15,"column":19},"end":{"line":15,"column":32}}}},"branchMap":{},"s":{"0":4,"1":4,"2":4,"3":4,"4":4,"5":4,"6":106,"7":4,"8":4,"9":4,"10":4},"f":{"0":106},"b":{}},"/home/runner/work/gs-squad-mcp/gs-squad-mcp/src/shared/squad-db-path.ts":{"path":"/home/runner/work/gs-squad-mcp/gs-squad-mcp/src/shared/squad-db-path.ts","statementMap":{"0":{"start":{"line":5,"column":0},"end":{"line":5,"column":16}},"1":{"start":{"line":1,"column":0},"end":{"line":1,"column":25}},"2":{"start":{"line":2,"column":0},"end":{"line":2,"column":25}},"3":{"start":{"line":3,"column":0},"end":{"line":3,"column":29}},"4":{"start":{"line":6,"column":18},"end":{"line":6,"column":30}},"5":{"start":{"line":7,"column":21},"end":{"line":7,"column":56}},"6":{"start":{"line":8,"column":22},"end":{"line":8,"column":55}},"7":{"start":{"line":9,"column":17},"end":{"line":9,"column":57}},"8":{"start":{"line":11,"column":2},"end":{"line":18,"column":3}},"9":{"start":{"line":12,"column":24},"end":{"line":12,"column":44}},"10":{"start":{"line":13,"column":4},"end":{"line":15,"column":5}},"11":{"start":{"line":14,"column":6},"end":{"line":14,"column":53}},"12":{"start":{"line":20,"column":2},"end":{"line":20,"column":16}}},"fnMap":{"0":{"name":"resolveSquadDbPath","decl":{"start":{"line":5,"column":16},"end":{"line":5,"column":34}},"loc":{"start":{"line":5,"column":34},"end":{"line":21,"column":1}}}},"branchMap":{"0":{"loc":{"start":{"line":9,"column":17},"end":{"line":9,"column":57}},"type":"binary-expr","locations":[{"start":{"line":9,"column":17},"end":{"line":9,"column":42}},{"start":{"line":9,"column":46},"end":{"line":9,"column":57}}]},"1":{"loc":{"start":{"line":13,"column":4},"end":{"line":15,"column":5}},"type":"if","locations":[{"start":{"line":13,"column":4},"end":{"line":15,"column":5}},{"start":{},"end":{}}]}},"s":{"0":2,"1":2,"2":2,"3":2,"4":106,"5":106,"6":106,"7":106,"8":106,"9":106,"10":106,"11":1,"12":106},"f":{"0":106},"b":{"0":[106,4],"1":[1,105]}}}